
  0%|          | 0/400 [00:00<?, ?it/s]
  0%|          | 1/400 [00:00<01:06,  6.00it/s]
  0%|          | 2/400 [00:00<02:51,  2.32it/s]
  1%|          | 3/400 [00:01<04:34,  1.45it/s]
  1%|          | 4/400 [00:02<04:14,  1.56it/s]
  1%|▏         | 5/400 [00:02<03:14,  2.03it/s]
  2%|▏         | 6/400 [00:02<02:52,  2.28it/s]
  2%|▏         | 7/400 [00:03<03:13,  2.03it/s]
  2%|▏         | 8/400 [00:03<02:46,  2.36it/s]
  2%|▏         | 9/400 [00:03<02:17,  2.85it/s]
  2%|▎         | 10/400 [00:04<02:42,  2.40it/s]
  3%|▎         | 11/400 [00:04<02:30,  2.59it/s]
  3%|▎         | 12/400 [00:05<02:18,  2.81it/s]
  3%|▎         | 13/400 [00:05<03:03,  2.11it/s]
  4%|▎         | 14/400 [00:06<03:26,  1.87it/s]
  4%|▍         | 15/400 [00:07<03:38,  1.76it/s]
  4%|▍         | 16/400 [00:07<03:23,  1.89it/s]
  4%|▍         | 17/400 [00:08<03:33,  1.79it/s]
  4%|▍         | 18/400 [00:09<03:55,  1.63it/s]
  5%|▍         | 19/400 [00:09<04:28,  1.42it/s]
  5%|▌         | 20/400 [00:10<04:18,  1.47it/s]
  5%|▌         | 21/400 [00:11<04:09,  1.52it/s]
  6%|▌         | 22/400 [00:12<04:51,  1.30it/s]
  6%|▌         | 23/400 [00:14<07:26,  1.18s/it]
  6%|▌         | 24/400 [00:15<06:37,  1.06s/it]
  6%|▋         | 25/400 [00:15<05:18,  1.18it/s]
  6%|▋         | 26/400 [00:16<05:09,  1.21it/s]
  7%|▋         | 27/400 [00:17<05:45,  1.08it/s]
  7%|▋         | 28/400 [00:18<05:07,  1.21it/s]
  7%|▋         | 29/400 [00:19<07:00,  1.13s/it]
  8%|▊         | 30/400 [00:20<06:24,  1.04s/it]
  8%|▊         | 31/400 [00:21<05:35,  1.10it/s]
  8%|▊         | 32/400 [00:21<05:00,  1.22it/s]
  8%|▊         | 33/400 [00:22<04:25,  1.38it/s]
  8%|▊         | 34/400 [00:23<04:36,  1.32it/s]
  9%|▉         | 35/400 [00:23<03:45,  1.62it/s]
  9%|▉         | 36/400 [00:24<03:59,  1.52it/s]
  9%|▉         | 37/400 [00:24<03:34,  1.69it/s]
 10%|▉         | 38/400 [00:25<03:37,  1.66it/s]
 10%|▉         | 39/400 [00:26<04:00,  1.50it/s]
 10%|█         | 40/400 [00:26<03:53,  1.54it/s]
 10%|█         | 41/400 [00:27<03:48,  1.57it/s]
 10%|█         | 42/400 [00:27<03:46,  1.58it/s]
 11%|█         | 43/400 [00:28<03:32,  1.68it/s]
 11%|█         | 44/400 [00:29<03:33,  1.67it/s]
 11%|█▏        | 45/400 [00:29<03:50,  1.54it/s]
 12%|█▏        | 46/400 [00:30<03:45,  1.57it/s]
 12%|█▏        | 47/400 [00:31<03:42,  1.59it/s]
 12%|█▏        | 48/400 [00:31<03:54,  1.50it/s]
 12%|█▏        | 49/400 [00:32<04:02,  1.45it/s]
 12%|█▎        | 50/400 [00:33<04:03,  1.44it/s]
 13%|█▎        | 51/400 [00:33<03:51,  1.51it/s]
 13%|█▎        | 52/400 [00:34<04:13,  1.37it/s]
 13%|█▎        | 53/400 [00:35<04:27,  1.30it/s]
 14%|█▎        | 54/400 [00:35<03:31,  1.64it/s]
 14%|█▍        | 55/400 [00:36<02:58,  1.93it/s]
 14%|█▍        | 56/400 [00:37<03:37,  1.58it/s]
 14%|█▍        | 57/400 [00:37<03:00,  1.90it/s]
 14%|█▍        | 58/400 [00:38<04:06,  1.39it/s]
 15%|█▍        | 59/400 [00:39<04:40,  1.22it/s]
 15%|█▌        | 60/400 [00:40<04:33,  1.24it/s]
 15%|█▌        | 61/400 [00:41<04:28,  1.26it/s]
 16%|█▌        | 62/400 [00:41<04:09,  1.35it/s]
 16%|█▌        | 63/400 [00:42<04:06,  1.37it/s]
 16%|█▌        | 64/400 [00:43<04:07,  1.36it/s]
 16%|█▋        | 65/400 [00:43<03:18,  1.69it/s]
 16%|█▋        | 66/400 [00:44<03:34,  1.56it/s]
 17%|█▋        | 67/400 [00:44<03:11,  1.74it/s]
 17%|█▋        | 68/400 [00:46<05:32,  1.00s/it]
 17%|█▋        | 69/400 [00:47<04:36,  1.20it/s]
 18%|█▊        | 71/400 [00:47<03:19,  1.65it/s]
 18%|█▊        | 72/400 [00:48<03:29,  1.57it/s]
 18%|█▊        | 73/400 [00:49<03:35,  1.52it/s]
 18%|█▊        | 74/400 [00:49<03:43,  1.46it/s]
 19%|█▉        | 75/400 [00:50<03:48,  1.42it/s]
 19%|█▉        | 76/400 [00:51<03:38,  1.48it/s]
 19%|█▉        | 77/400 [00:51<02:57,  1.82it/s]
 20%|█▉        | 78/400 [00:52<03:10,  1.69it/s]
 20%|█▉        | 79/400 [00:52<02:40,  2.00it/s]
 20%|██        | 80/400 [00:53<02:40,  2.00it/s]
 20%|██        | 81/400 [00:53<02:14,  2.37it/s]
 20%|██        | 82/400 [00:53<02:18,  2.29it/s]
 21%|██        | 83/400 [00:54<02:42,  1.96it/s]
 21%|██        | 84/400 [00:54<02:49,  1.86it/s]
 21%|██▏       | 85/400 [00:55<02:37,  1.99it/s]
 22%|██▏       | 86/400 [00:55<02:44,  1.90it/s]
 22%|██▏       | 87/400 [00:56<03:03,  1.71it/s]
 22%|██▏       | 88/400 [00:56<02:32,  2.04it/s]
 22%|██▏       | 89/400 [00:57<02:06,  2.45it/s]
 22%|██▎       | 90/400 [00:57<01:57,  2.64it/s]
 23%|██▎       | 91/400 [00:58<02:29,  2.07it/s]
 23%|██▎       | 92/400 [00:59<02:56,  1.74it/s]
 23%|██▎       | 93/400 [00:59<03:19,  1.54it/s]
 24%|██▎       | 94/400 [01:00<03:14,  1.57it/s]
 24%|██▍       | 95/400 [01:00<02:44,  1.85it/s]
 24%|██▍       | 96/400 [01:01<02:52,  1.76it/s]
 24%|██▍       | 97/400 [01:01<02:19,  2.17it/s]
 24%|██▍       | 98/400 [01:02<02:45,  1.82it/s]
 25%|██▍       | 99/400 [01:02<02:32,  1.97it/s]
 25%|██▌       | 100/400 [01:03<02:40,  1.87it/s]
 25%|██▌       | 101/400 [01:03<02:38,  1.89it/s]
 26%|██▌       | 102/400 [01:04<02:55,  1.70it/s]
 26%|██▌       | 103/400 [01:05<02:57,  1.67it/s]
 26%|██▌       | 104/400 [01:06<03:58,  1.24it/s]
 26%|██▋       | 105/400 [01:07<03:59,  1.23it/s]
 26%|██▋       | 106/400 [01:08<03:52,  1.26it/s]
 27%|██▋       | 107/400 [01:09<05:06,  1.05s/it]
 27%|██▋       | 108/400 [01:10<04:35,  1.06it/s]
 27%|██▋       | 109/400 [01:11<04:19,  1.12it/s]
 28%|██▊       | 110/400 [01:11<03:22,  1.44it/s]
 28%|██▊       | 111/400 [01:11<02:44,  1.76it/s]
 28%|██▊       | 112/400 [01:11<02:08,  2.24it/s]
 28%|██▊       | 114/400 [01:12<01:41,  2.83it/s]
 29%|██▉       | 115/400 [01:12<01:43,  2.75it/s]
 29%|██▉       | 116/400 [01:13<02:12,  2.14it/s]
 29%|██▉       | 117/400 [01:14<02:23,  1.97it/s]
 30%|██▉       | 119/400 [01:15<02:13,  2.10it/s]
 30%|███       | 120/400 [01:15<02:45,  1.69it/s]
 30%|███       | 121/400 [01:16<02:18,  2.01it/s]
 30%|███       | 122/400 [01:16<02:34,  1.80it/s]
 31%|███       | 123/400 [01:17<02:26,  1.90it/s]
 31%|███       | 124/400 [01:18<02:46,  1.66it/s]
 31%|███▏      | 125/400 [01:19<03:19,  1.38it/s]
 32%|███▏      | 126/400 [01:20<03:28,  1.31it/s]
 32%|███▏      | 127/400 [01:22<05:57,  1.31s/it]
 32%|███▏      | 128/400 [01:23<04:59,  1.10s/it]
 32%|███▏      | 129/400 [01:23<04:25,  1.02it/s]
 32%|███▎      | 130/400 [01:24<04:27,  1.01it/s]
 33%|███▎      | 131/400 [01:25<04:07,  1.09it/s]
 33%|███▎      | 132/400 [01:26<04:23,  1.02it/s]
 33%|███▎      | 133/400 [01:27<03:59,  1.12it/s]
 34%|███▎      | 134/400 [01:28<04:03,  1.09it/s]
 34%|███▍      | 135/400 [01:28<03:08,  1.41it/s]
 34%|███▍      | 136/400 [01:29<02:57,  1.49it/s]
 34%|███▍      | 137/400 [01:30<03:02,  1.44it/s]
 34%|███▍      | 138/400 [01:30<02:56,  1.49it/s]
 35%|███▍      | 139/400 [01:31<02:45,  1.58it/s]
 35%|███▌      | 140/400 [01:31<02:50,  1.53it/s]
 35%|███▌      | 141/400 [01:32<02:45,  1.56it/s]
 36%|███▌      | 142/400 [01:33<02:54,  1.48it/s]
 36%|███▌      | 143/400 [01:33<02:22,  1.80it/s]
 36%|███▌      | 144/400 [01:34<02:31,  1.69it/s]
 36%|███▋      | 145/400 [01:34<02:28,  1.72it/s]
 36%|███▋      | 146/400 [01:35<03:11,  1.32it/s]
 37%|███▋      | 147/400 [01:36<03:11,  1.32it/s]
 37%|███▋      | 148/400 [01:37<02:59,  1.40it/s]
 37%|███▋      | 149/400 [01:38<02:59,  1.40it/s]
 38%|███▊      | 150/400 [01:38<02:49,  1.47it/s]
 38%|███▊      | 151/400 [01:39<02:51,  1.45it/s]
 38%|███▊      | 152/400 [01:39<02:42,  1.52it/s]
 38%|███▊      | 153/400 [01:40<02:38,  1.55it/s]
 38%|███▊      | 154/400 [01:41<02:24,  1.71it/s]
 39%|███▉      | 155/400 [01:41<02:23,  1.71it/s]
 39%|███▉      | 156/400 [01:42<02:24,  1.68it/s]
 39%|███▉      | 157/400 [01:42<02:08,  1.90it/s]
 40%|███▉      | 158/400 [01:43<02:13,  1.81it/s]
 40%|███▉      | 159/400 [01:43<02:16,  1.76it/s]
 40%|████      | 160/400 [01:44<02:19,  1.72it/s]
 40%|████      | 161/400 [01:45<02:20,  1.70it/s]
 40%|████      | 162/400 [01:45<02:20,  1.69it/s]
 41%|████      | 163/400 [01:46<02:12,  1.79it/s]
 41%|████      | 164/400 [01:46<02:18,  1.70it/s]
 41%|████▏     | 165/400 [01:47<02:36,  1.50it/s]
 42%|████▏     | 166/400 [01:48<03:00,  1.30it/s]
 42%|████▏     | 167/400 [01:48<02:26,  1.59it/s]
 42%|████▏     | 168/400 [01:52<05:39,  1.46s/it]
 42%|████▏     | 169/400 [01:52<04:38,  1.21s/it]
 42%|████▎     | 170/400 [01:53<03:27,  1.11it/s]
 43%|████▎     | 171/400 [01:53<03:07,  1.22it/s]
 43%|████▎     | 172/400 [01:54<02:53,  1.31it/s]
 43%|████▎     | 173/400 [01:55<03:03,  1.24it/s]
 44%|████▎     | 174/400 [01:56<03:04,  1.22it/s]
 44%|████▍     | 175/400 [01:56<02:48,  1.34it/s]
 44%|████▍     | 176/400 [01:57<02:38,  1.41it/s]
 44%|████▍     | 177/400 [01:57<02:24,  1.55it/s]
 44%|████▍     | 178/400 [02:00<04:58,  1.34s/it]
 45%|████▍     | 179/400 [02:01<03:47,  1.03s/it]
 45%|████▌     | 180/400 [02:01<03:25,  1.07it/s]
 45%|████▌     | 181/400 [02:02<03:10,  1.15it/s]
 46%|████▌     | 183/400 [02:03<02:21,  1.53it/s]
 46%|████▌     | 184/400 [02:04<02:21,  1.53it/s]
 46%|████▋     | 185/400 [02:04<02:27,  1.46it/s]
 46%|████▋     | 186/400 [02:05<02:29,  1.43it/s]
 47%|████▋     | 187/400 [02:06<02:31,  1.40it/s]
 47%|████▋     | 188/400 [02:07<02:34,  1.37it/s]
 47%|████▋     | 189/400 [02:07<02:05,  1.68it/s]
 48%|████▊     | 190/400 [02:08<02:24,  1.45it/s]
 48%|████▊     | 191/400 [02:09<02:34,  1.35it/s]
 48%|████▊     | 192/400 [02:09<02:41,  1.29it/s]
 48%|████▊     | 193/400 [02:10<02:33,  1.35it/s]
 48%|████▊     | 194/400 [02:11<02:33,  1.35it/s]
 49%|████▉     | 195/400 [02:11<02:13,  1.53it/s]
 49%|████▉     | 196/400 [02:12<02:08,  1.58it/s]
 49%|████▉     | 197/400 [02:13<02:10,  1.56it/s]
 50%|████▉     | 198/400 [02:13<02:19,  1.45it/s]
 50%|████▉     | 199/400 [02:14<02:36,  1.29it/s]
 50%|█████     | 200/400 [02:15<02:24,  1.38it/s]
 50%|█████     | 201/400 [02:16<02:41,  1.23it/s]
 50%|█████     | 202/400 [02:17<02:28,  1.34it/s]
 51%|█████     | 203/400 [02:17<02:18,  1.42it/s]
 51%|█████     | 204/400 [02:18<02:20,  1.40it/s]
 51%|█████▏    | 205/400 [02:19<02:20,  1.38it/s]
 52%|█████▏    | 206/400 [02:19<02:17,  1.41it/s]
 52%|█████▏    | 207/400 [02:20<02:10,  1.48it/s]
 52%|█████▏    | 208/400 [02:21<02:09,  1.48it/s]
 52%|█████▏    | 209/400 [02:21<02:15,  1.41it/s]
 52%|█████▎    | 210/400 [02:22<02:31,  1.26it/s]
 53%|█████▎    | 211/400 [02:23<02:47,  1.13it/s]
 53%|█████▎    | 212/400 [02:25<02:55,  1.07it/s]
 53%|█████▎    | 213/400 [02:25<02:35,  1.20it/s]
 54%|█████▎    | 214/400 [02:26<02:11,  1.41it/s]
 54%|█████▍    | 215/400 [02:26<02:09,  1.43it/s]
 54%|█████▍    | 216/400 [02:27<01:49,  1.69it/s]
 54%|█████▍    | 217/400 [02:27<01:50,  1.66it/s]
 55%|█████▍    | 218/400 [02:28<02:00,  1.51it/s]
 55%|█████▍    | 219/400 [02:29<01:53,  1.59it/s]
 55%|█████▌    | 220/400 [02:29<01:31,  1.97it/s]
 55%|█████▌    | 221/400 [02:29<01:43,  1.73it/s]
 56%|█████▌    | 222/400 [02:30<01:24,  2.10it/s]
 56%|█████▌    | 223/400 [02:30<01:22,  2.16it/s]
 56%|█████▌    | 224/400 [02:30<01:09,  2.54it/s]
 56%|█████▋    | 225/400 [02:31<01:24,  2.08it/s]
 56%|█████▋    | 226/400 [02:32<01:40,  1.73it/s]
 57%|█████▋    | 227/400 [02:32<01:22,  2.09it/s]
 57%|█████▋    | 228/400 [02:33<01:30,  1.89it/s]
 57%|█████▋    | 229/400 [02:33<01:15,  2.25it/s]
 57%|█████▊    | 230/400 [02:34<01:23,  2.04it/s]
 58%|█████▊    | 231/400 [02:34<01:23,  2.03it/s]
 58%|█████▊    | 232/400 [02:35<01:35,  1.75it/s]
 58%|█████▊    | 233/400 [02:35<01:30,  1.84it/s]
 58%|█████▊    | 234/400 [02:36<01:24,  1.95it/s]
 59%|█████▉    | 235/400 [02:36<01:34,  1.75it/s]
 59%|█████▉    | 236/400 [02:37<01:41,  1.61it/s]
 59%|█████▉    | 237/400 [02:38<01:57,  1.38it/s]
 60%|█████▉    | 238/400 [02:39<01:51,  1.46it/s]
 60%|█████▉    | 239/400 [02:40<02:08,  1.26it/s]
 60%|██████    | 240/400 [02:41<02:18,  1.16it/s]
 60%|██████    | 241/400 [02:44<04:06,  1.55s/it]
 60%|██████    | 242/400 [02:44<03:06,  1.18s/it]
 61%|██████    | 243/400 [02:45<02:30,  1.04it/s]
 61%|██████    | 244/400 [02:46<02:19,  1.11it/s]
 61%|██████▏   | 245/400 [02:47<02:24,  1.07it/s]
 62%|██████▏   | 246/400 [02:47<01:54,  1.35it/s]
 62%|██████▏   | 247/400 [02:47<01:47,  1.42it/s]
 62%|██████▏   | 248/400 [02:48<01:41,  1.50it/s]
 62%|██████▏   | 249/400 [02:49<01:56,  1.30it/s]
 62%|██████▎   | 250/400 [02:49<01:34,  1.58it/s]
 63%|██████▎   | 251/400 [02:50<01:32,  1.61it/s]
 63%|██████▎   | 252/400 [02:50<01:13,  2.00it/s]
 63%|██████▎   | 253/400 [02:51<01:24,  1.74it/s]
 64%|██████▎   | 254/400 [02:51<01:15,  1.94it/s]
 64%|██████▍   | 255/400 [02:52<01:19,  1.82it/s]
 64%|██████▍   | 256/400 [02:53<01:27,  1.65it/s]
 64%|██████▍   | 257/400 [02:53<01:10,  2.04it/s]
 64%|██████▍   | 258/400 [02:54<01:20,  1.77it/s]
 65%|██████▍   | 259/400 [02:54<01:20,  1.74it/s]
 65%|██████▌   | 260/400 [02:55<01:15,  1.86it/s]
 65%|██████▌   | 261/400 [02:55<01:04,  2.16it/s]
 66%|██████▌   | 262/400 [02:55<00:56,  2.44it/s]
 66%|██████▌   | 263/400 [02:55<00:49,  2.78it/s]
 66%|██████▌   | 264/400 [02:56<00:45,  2.96it/s]
 66%|██████▋   | 265/400 [02:56<00:58,  2.31it/s]
 66%|██████▋   | 266/400 [02:57<01:15,  1.78it/s]
 67%|██████▋   | 267/400 [02:58<01:02,  2.14it/s]
 67%|██████▋   | 268/400 [02:58<01:12,  1.81it/s]
 67%|██████▋   | 269/400 [02:59<01:20,  1.63it/s]
 68%|██████▊   | 270/400 [03:00<01:32,  1.40it/s]
 68%|██████▊   | 271/400 [03:00<01:15,  1.71it/s]
 68%|██████▊   | 272/400 [03:00<00:59,  2.14it/s]
 68%|██████▊   | 274/400 [03:01<00:59,  2.13it/s]
 69%|██████▉   | 275/400 [03:02<01:05,  1.90it/s]
 69%|██████▉   | 276/400 [03:03<01:07,  1.84it/s]
 69%|██████▉   | 277/400 [03:03<01:13,  1.67it/s]
 70%|██████▉   | 278/400 [03:04<01:11,  1.70it/s]
 70%|██████▉   | 279/400 [03:05<01:16,  1.58it/s]
 70%|███████   | 280/400 [03:06<01:22,  1.45it/s]
 70%|███████   | 281/400 [03:06<01:05,  1.83it/s]
 70%|███████   | 282/400 [03:07<01:19,  1.48it/s]
 71%|███████   | 283/400 [03:08<01:21,  1.44it/s]
 71%|███████   | 284/400 [03:08<01:21,  1.42it/s]
 71%|███████▏  | 285/400 [03:09<01:20,  1.44it/s]
 72%|███████▏  | 286/400 [03:09<01:05,  1.73it/s]
 72%|███████▏  | 287/400 [03:10<01:10,  1.59it/s]
 72%|███████▏  | 288/400 [03:11<01:13,  1.53it/s]
 72%|███████▏  | 289/400 [03:11<01:16,  1.45it/s]
 72%|███████▎  | 290/400 [03:12<01:01,  1.79it/s]
 73%|███████▎  | 291/400 [03:12<01:05,  1.67it/s]
 73%|███████▎  | 292/400 [03:15<01:55,  1.07s/it]
 73%|███████▎  | 293/400 [03:15<01:44,  1.03it/s]
 74%|███████▎  | 294/400 [03:16<01:31,  1.16it/s]
 74%|███████▍  | 295/400 [03:17<01:27,  1.20it/s]
 74%|███████▍  | 296/400 [03:17<01:24,  1.23it/s]
 74%|███████▍  | 297/400 [03:18<01:21,  1.26it/s]
 74%|███████▍  | 298/400 [03:19<01:21,  1.26it/s]
 75%|███████▍  | 299/400 [03:20<01:19,  1.27it/s]
 75%|███████▌  | 300/400 [03:21<01:35,  1.04it/s]
 75%|███████▌  | 301/400 [03:21<01:12,  1.36it/s]
 76%|███████▌  | 302/400 [03:22<01:08,  1.44it/s]
 76%|███████▌  | 303/400 [03:23<01:09,  1.40it/s]
 76%|███████▌  | 304/400 [03:23<01:08,  1.40it/s]
 76%|███████▋  | 305/400 [03:24<00:56,  1.67it/s]
 76%|███████▋  | 306/400 [03:25<01:01,  1.54it/s]
 77%|███████▋  | 307/400 [03:26<01:11,  1.31it/s]
 77%|███████▋  | 308/400 [03:27<01:17,  1.18it/s]
 77%|███████▋  | 309/400 [03:27<01:10,  1.29it/s]
 78%|███████▊  | 310/400 [03:28<00:58,  1.53it/s]
 78%|███████▊  | 311/400 [03:31<02:01,  1.37s/it]
 78%|███████▊  | 312/400 [03:31<01:43,  1.17s/it]
 78%|███████▊  | 313/400 [03:32<01:19,  1.09it/s]
 78%|███████▊  | 314/400 [03:32<01:14,  1.15it/s]
 79%|███████▉  | 315/400 [03:33<01:15,  1.13it/s]
 79%|███████▉  | 316/400 [03:34<01:06,  1.26it/s]
 79%|███████▉  | 317/400 [03:34<00:53,  1.56it/s]
 80%|███████▉  | 318/400 [03:34<00:44,  1.85it/s]
 80%|███████▉  | 319/400 [03:35<00:47,  1.72it/s]
 80%|████████  | 320/400 [03:36<00:50,  1.59it/s]
 80%|████████  | 321/400 [03:36<00:45,  1.75it/s]
 80%|████████  | 322/400 [03:39<01:21,  1.05s/it]
 81%|████████  | 323/400 [03:40<01:20,  1.05s/it]
 81%|████████  | 324/400 [03:41<01:19,  1.05s/it]
 81%|████████▏ | 325/400 [03:41<01:05,  1.15it/s]
 82%|████████▏ | 326/400 [03:41<00:52,  1.42it/s]
 82%|████████▏ | 327/400 [03:42<00:47,  1.54it/s]
 82%|████████▏ | 328/400 [03:43<00:58,  1.24it/s]
 82%|████████▏ | 329/400 [03:44<01:02,  1.14it/s]
 82%|████████▎ | 330/400 [03:44<00:49,  1.41it/s]
 83%|████████▎ | 331/400 [03:45<00:49,  1.39it/s]
 83%|████████▎ | 332/400 [03:46<00:56,  1.20it/s]
 83%|████████▎ | 333/400 [03:47<00:45,  1.46it/s]
 84%|████████▎ | 334/400 [03:47<00:46,  1.42it/s]
 84%|████████▍ | 335/400 [03:48<00:48,  1.35it/s]
 84%|████████▍ | 336/400 [03:49<00:44,  1.43it/s]
 84%|████████▍ | 337/400 [03:50<00:44,  1.40it/s]
 84%|████████▍ | 338/400 [03:50<00:34,  1.78it/s]
 85%|████████▍ | 339/400 [03:51<00:37,  1.61it/s]
 85%|████████▌ | 340/400 [03:52<00:44,  1.35it/s]
 85%|████████▌ | 341/400 [03:53<00:48,  1.21it/s]
 86%|████████▌ | 342/400 [03:53<00:45,  1.28it/s]
 86%|████████▌ | 343/400 [03:54<00:41,  1.37it/s]
 86%|████████▌ | 344/400 [03:54<00:33,  1.67it/s]
 86%|████████▋ | 345/400 [03:55<00:32,  1.71it/s]
 86%|████████▋ | 346/400 [03:56<00:41,  1.29it/s]
 87%|████████▋ | 347/400 [03:57<00:40,  1.32it/s]
 87%|████████▋ | 348/400 [03:57<00:40,  1.30it/s]
 87%|████████▋ | 349/400 [03:58<00:38,  1.31it/s]
 88%|████████▊ | 350/400 [03:59<00:35,  1.40it/s]
 88%|████████▊ | 351/400 [03:59<00:27,  1.76it/s]
 88%|████████▊ | 352/400 [04:00<00:31,  1.54it/s]
 88%|████████▊ | 353/400 [04:01<00:33,  1.41it/s]
 88%|████████▊ | 354/400 [04:01<00:31,  1.47it/s]
 89%|████████▉ | 355/400 [04:02<00:28,  1.58it/s]
 89%|████████▉ | 356/400 [04:02<00:25,  1.74it/s]
 89%|████████▉ | 357/400 [04:03<00:26,  1.60it/s]
 90%|████████▉ | 358/400 [04:03<00:22,  1.90it/s]
 90%|████████▉ | 359/400 [04:04<00:18,  2.19it/s]
 90%|█████████ | 360/400 [04:05<00:27,  1.46it/s]
 90%|█████████ | 361/400 [04:05<00:21,  1.79it/s]
 91%|█████████ | 363/400 [04:05<00:14,  2.63it/s]
 91%|█████████ | 364/400 [04:06<00:19,  1.82it/s]
 91%|█████████▏| 365/400 [04:07<00:17,  1.99it/s]
 92%|█████████▏| 366/400 [04:07<00:17,  1.89it/s]
 92%|█████████▏| 367/400 [04:08<00:18,  1.83it/s]
 92%|█████████▏| 368/400 [04:09<00:18,  1.76it/s]
 92%|█████████▏| 369/400 [04:10<00:22,  1.40it/s]
 92%|█████████▎| 370/400 [04:10<00:17,  1.68it/s]
 93%|█████████▎| 371/400 [04:11<00:21,  1.38it/s]
 93%|█████████▎| 372/400 [04:12<00:19,  1.45it/s]
 93%|█████████▎| 373/400 [04:12<00:19,  1.42it/s]
 94%|█████████▎| 374/400 [04:13<00:17,  1.46it/s]
 94%|█████████▍| 375/400 [04:14<00:18,  1.32it/s]
 94%|█████████▍| 376/400 [04:15<00:16,  1.42it/s]
 94%|█████████▍| 377/400 [04:15<00:13,  1.72it/s]
 94%|█████████▍| 378/400 [04:15<00:12,  1.69it/s]
 95%|█████████▍| 379/400 [04:16<00:11,  1.87it/s]
 95%|█████████▌| 380/400 [04:16<00:10,  1.97it/s]
 95%|█████████▌| 381/400 [04:17<00:08,  2.30it/s]
 96%|█████████▌| 382/400 [04:17<00:10,  1.75it/s]
 96%|█████████▌| 383/400 [04:18<00:08,  1.91it/s]
 96%|█████████▌| 384/400 [04:18<00:06,  2.37it/s]
 96%|█████████▋| 385/400 [04:19<00:07,  1.93it/s]
 96%|█████████▋| 386/400 [04:22<00:16,  1.19s/it]
 97%|█████████▋| 387/400 [04:23<00:15,  1.21s/it]
 97%|█████████▋| 388/400 [04:24<00:14,  1.17s/it]
 97%|█████████▋| 389/400 [04:25<00:11,  1.00s/it]
 98%|█████████▊| 390/400 [04:25<00:09,  1.04it/s]
 98%|█████████▊| 391/400 [04:26<00:08,  1.09it/s]
 98%|█████████▊| 392/400 [04:27<00:07,  1.06it/s]
 98%|█████████▊| 393/400 [04:28<00:06,  1.12it/s]
 98%|█████████▊| 394/400 [04:29<00:05,  1.07it/s]
 99%|█████████▉| 395/400 [04:30<00:04,  1.24it/s]
 99%|█████████▉| 396/400 [04:30<00:03,  1.29it/s]
 99%|█████████▉| 397/400 [04:31<00:02,  1.26it/s]
100%|█████████▉| 398/400 [04:32<00:01,  1.28it/s]
100%|█████████▉| 399/400 [04:33<00:00,  1.29it/s]
100%|██████████| 400/400 [04:34<00:00,  1.08it/s]
100%|██████████| 400/400 [04:34<00:00,  1.46it/s]

Training:   0%|          | 0/500 [00:00<?, ?it/s]
Training:   0%|          | 1/500 [00:00<04:57,  1.68it/s]
Training:   4%|▍         | 19/500 [00:00<00:13, 35.81it/s]
Training:   8%|▊         | 39/500 [00:00<00:06, 70.75it/s]
Training:  12%|█▏        | 59/500 [00:00<00:04, 100.42it/s]
Training:  16%|█▌        | 78/500 [00:01<00:03, 122.35it/s]
Training:  19%|█▉        | 97/500 [00:01<00:02, 139.92it/s]
Training:  23%|██▎       | 116/500 [00:01<00:02, 153.19it/s]
Training:  27%|██▋       | 135/500 [00:01<00:02, 163.23it/s]
Training:  31%|███       | 154/500 [00:01<00:02, 168.59it/s]
Training:  35%|███▍      | 173/500 [00:01<00:01, 169.58it/s]
Training:  38%|███▊      | 192/500 [00:01<00:01, 173.10it/s]
Training:  42%|████▏     | 211/500 [00:01<00:01, 176.03it/s]
Training:  46%|████▌     | 230/500 [00:01<00:01, 177.92it/s]
Training:  50%|████▉     | 249/500 [00:01<00:01, 179.66it/s]
Training:  54%|█████▎    | 268/500 [00:02<00:01, 177.65it/s]
Training:  57%|█████▋    | 287/500 [00:02<00:01, 179.72it/s]
Training:  61%|██████    | 306/500 [00:02<00:01, 178.69it/s]
Training:  65%|██████▍   | 324/500 [00:02<00:00, 179.06it/s]
Training:  68%|██████▊   | 342/500 [00:02<00:00, 175.45it/s]
Training:  72%|███████▏  | 360/500 [00:02<00:00, 173.39it/s]
Training:  76%|███████▌  | 379/500 [00:02<00:00, 175.33it/s]
Training:  80%|███████▉  | 398/500 [00:02<00:00, 177.23it/s]
Training:  83%|████████▎ | 416/500 [00:02<00:00, 176.59it/s]
Training:  87%|████████▋ | 434/500 [00:02<00:00, 173.78it/s]
Training:  90%|█████████ | 452/500 [00:03<00:00, 174.11it/s]
Training:  94%|█████████▍| 470/500 [00:03<00:00, 170.07it/s]
Training:  98%|█████████▊| 488/500 [00:03<00:00, 171.50it/s]
Training: 100%|██████████| 500/500 [00:03<00:00, 147.68it/s]

Training:   0%|          | 0/500 [00:00<?, ?it/s]
Training:   4%|▍         | 20/500 [00:00<00:02, 194.50it/s]
Training:   8%|▊         | 40/500 [00:00<00:02, 186.18it/s]
Training:  12%|█▏        | 59/500 [00:00<00:02, 185.86it/s]
Training:  16%|█▌        | 78/500 [00:00<00:02, 187.04it/s]
Training:  20%|█▉        | 98/500 [00:00<00:02, 188.50it/s]
Training:  24%|██▍       | 119/500 [00:00<00:01, 192.94it/s]
Training:  29%|██▊       | 143/500 [00:00<00:01, 205.64it/s]
Training:  33%|███▎      | 164/500 [00:00<00:01, 190.99it/s]
Training:  37%|███▋      | 184/500 [00:00<00:01, 189.09it/s]
Training:  41%|████      | 204/500 [00:01<00:01, 184.63it/s]
Training:  45%|████▍     | 223/500 [00:01<00:01, 178.48it/s]
Training:  48%|████▊     | 241/500 [00:01<00:01, 177.02it/s]
Training:  52%|█████▏    | 259/500 [00:01<00:01, 174.62it/s]
Training:  55%|█████▌    | 277/500 [00:01<00:01, 174.85it/s]
Training:  59%|█████▉    | 295/500 [00:01<00:01, 174.48it/s]
Training:  63%|██████▎   | 315/500 [00:01<00:01, 179.89it/s]
Training:  67%|██████▋   | 334/500 [00:01<00:00, 181.82it/s]
Training:  71%|███████   | 353/500 [00:01<00:00, 183.34it/s]
Training:  75%|███████▍  | 373/500 [00:02<00:00, 186.09it/s]
Training:  78%|███████▊  | 392/500 [00:02<00:00, 184.93it/s]
Training:  82%|████████▏ | 412/500 [00:02<00:00, 187.00it/s]
Training:  86%|████████▋ | 432/500 [00:02<00:00, 188.21it/s]
Training:  90%|█████████ | 451/500 [00:02<00:00, 188.72it/s]
Training:  94%|█████████▍| 471/500 [00:02<00:00, 189.91it/s]
Training:  98%|█████████▊| 491/500 [00:02<00:00, 190.01it/s]
Training: 100%|██████████| 500/500 [00:02<00:00, 185.73it/s]

Training:   0%|          | 0/500 [00:00<?, ?it/s]
Training:   4%|▎         | 18/500 [00:00<00:02, 176.22it/s]
Training:   7%|▋         | 37/500 [00:00<00:02, 181.09it/s]
Training:  11%|█         | 56/500 [00:00<00:02, 183.75it/s]
Training:  15%|█▌        | 75/500 [00:00<00:02, 182.08it/s]
Training:  19%|█▉        | 94/500 [00:00<00:02, 180.85it/s]
Training:  23%|██▎       | 113/500 [00:00<00:02, 182.75it/s]
Training:  26%|██▋       | 132/500 [00:00<00:02, 178.45it/s]
Training:  30%|███       | 151/500 [00:00<00:01, 179.92it/s]
Training:  34%|███▍      | 171/500 [00:00<00:01, 184.95it/s]
Training:  38%|███▊      | 190/500 [00:01<00:01, 179.75it/s]
Training:  42%|████▏     | 209/500 [00:01<00:01, 175.46it/s]
Training:  45%|████▌     | 227/500 [00:01<00:01, 176.55it/s]
Training:  49%|████▉     | 246/500 [00:01<00:01, 178.45it/s]
Training:  53%|█████▎    | 264/500 [00:01<00:01, 178.57it/s]
Training:  56%|█████▋    | 282/500 [00:01<00:01, 176.82it/s]
Training:  60%|██████    | 300/500 [00:01<00:01, 176.42it/s]
Training:  64%|██████▍   | 319/500 [00:01<00:01, 178.49it/s]
Training:  67%|██████▋   | 337/500 [00:01<00:00, 176.94it/s]
Training:  71%|███████   | 355/500 [00:01<00:00, 177.47it/s]
Training:  75%|███████▍  | 373/500 [00:02<00:00, 176.54it/s]
Training:  78%|███████▊  | 391/500 [00:02<00:00, 177.44it/s]
Training:  82%|████████▏ | 409/500 [00:02<00:00, 177.04it/s]
Training:  86%|████████▌ | 428/500 [00:02<00:00, 178.20it/s]
Training:  89%|████████▉ | 447/500 [00:02<00:00, 179.25it/s]
Training:  93%|█████████▎| 465/500 [00:02<00:00, 178.83it/s]
Training:  97%|█████████▋| 484/500 [00:02<00:00, 180.88it/s]
Training: 100%|██████████| 500/500 [00:02<00:00, 178.97it/s]

Training:   0%|          | 0/500 [00:00<?, ?it/s]
Training:   4%|▍         | 19/500 [00:00<00:02, 185.75it/s]
Training:   8%|▊         | 38/500 [00:00<00:02, 183.78it/s]
Training:  11%|█▏        | 57/500 [00:00<00:02, 180.62it/s]
Training:  15%|█▌        | 76/500 [00:00<00:02, 181.44it/s]
Training:  19%|█▉        | 95/500 [00:00<00:02, 178.49it/s]
Training:  23%|██▎       | 115/500 [00:00<00:02, 184.74it/s]
Training:  27%|██▋       | 136/500 [00:00<00:01, 191.61it/s]
Training:  31%|███       | 156/500 [00:00<00:01, 192.19it/s]
Training:  35%|███▌      | 176/500 [00:00<00:01, 188.95it/s]
Training:  39%|███▉      | 195/500 [00:01<00:01, 183.35it/s]
Training:  43%|████▎     | 214/500 [00:01<00:01, 179.30it/s]
Training:  47%|████▋     | 233/500 [00:01<00:01, 179.55it/s]
Training:  50%|█████     | 251/500 [00:01<00:01, 177.67it/s]
Training:  54%|█████▍    | 269/500 [00:01<00:01, 177.10it/s]
Training:  57%|█████▋    | 287/500 [00:01<00:01, 177.93it/s]
Training:  61%|██████    | 305/500 [00:01<00:01, 178.02it/s]
Training:  65%|██████▍   | 323/500 [00:01<00:01, 175.37it/s]
Training:  68%|██████▊   | 341/500 [00:01<00:00, 170.39it/s]
Training:  72%|███████▏  | 359/500 [00:02<00:00, 168.55it/s]
Training:  76%|███████▌  | 378/500 [00:02<00:00, 172.40it/s]
Training:  80%|███████▉  | 398/500 [00:02<00:00, 179.03it/s]
Training:  84%|████████▎ | 418/500 [00:02<00:00, 183.42it/s]
Training:  87%|████████▋ | 437/500 [00:02<00:00, 184.16it/s]
Training:  91%|█████████▏| 457/500 [00:02<00:00, 186.96it/s]
Training:  95%|█████████▌| 476/500 [00:02<00:00, 187.52it/s]
Training:  99%|█████████▉| 495/500 [00:02<00:00, 187.13it/s]
Training: 100%|██████████| 500/500 [00:02<00:00, 181.59it/s]

Training:   0%|          | 0/500 [00:00<?, ?it/s]
Training:   4%|▍         | 20/500 [00:00<00:02, 189.45it/s]
Training:   8%|▊         | 40/500 [00:00<00:02, 191.22it/s]
Training:  12%|█▏        | 60/500 [00:00<00:02, 192.62it/s]
Training:  16%|█▌        | 80/500 [00:00<00:02, 184.13it/s]
Training:  20%|█▉        | 99/500 [00:00<00:02, 178.70it/s]
Training:  23%|██▎       | 117/500 [00:00<00:02, 177.48it/s]
Training:  28%|██▊       | 138/500 [00:00<00:01, 186.32it/s]
Training:  32%|███▏      | 159/500 [00:00<00:01, 192.75it/s]
Training:  36%|███▌      | 180/500 [00:00<00:01, 196.83it/s]
Training:  40%|████      | 201/500 [00:01<00:01, 198.15it/s]
Training:  44%|████▍     | 222/500 [00:01<00:01, 200.28it/s]
Training:  49%|████▊     | 243/500 [00:01<00:01, 195.58it/s]
Training:  53%|█████▎    | 263/500 [00:01<00:01, 187.66it/s]
Training:  56%|█████▋    | 282/500 [00:01<00:01, 188.09it/s]
Training:  61%|██████    | 304/500 [00:01<00:00, 196.53it/s]
Training:  65%|██████▍   | 324/500 [00:01<00:00, 192.82it/s]
Training:  69%|██████▉   | 344/500 [00:01<00:00, 186.85it/s]
Training:  73%|███████▎  | 363/500 [00:01<00:00, 185.64it/s]
Training:  76%|███████▋  | 382/500 [00:02<00:00, 184.35it/s]
Training:  80%|████████  | 401/500 [00:02<00:00, 180.55it/s]
Training:  84%|████████▍ | 420/500 [00:02<00:00, 181.29it/s]
Training:  88%|████████▊ | 439/500 [00:02<00:00, 179.90it/s]
Training:  92%|█████████▏| 458/500 [00:02<00:00, 179.89it/s]
Training:  95%|█████████▌| 477/500 [00:02<00:00, 180.15it/s]
Training:  99%|█████████▉| 496/500 [00:02<00:00, 178.95it/s]
Training: 100%|██████████| 500/500 [00:02<00:00, 186.28it/s]

Training:   0%|          | 0/500 [00:00<?, ?it/s]
Training:   4%|▍         | 20/500 [00:00<00:02, 198.12it/s]
Training:   8%|▊         | 41/500 [00:00<00:02, 200.90it/s]
Training:  12%|█▏        | 62/500 [00:00<00:02, 200.59it/s]
Training:  17%|█▋        | 83/500 [00:00<00:02, 200.66it/s]
Training:  21%|██        | 104/500 [00:00<00:01, 199.19it/s]
Training:  25%|██▍       | 124/500 [00:00<00:01, 192.61it/s]
Training:  29%|██▉       | 144/500 [00:00<00:01, 188.12it/s]
Training:  33%|███▎      | 163/500 [00:00<00:01, 186.25it/s]
Training:  36%|███▋      | 182/500 [00:00<00:01, 182.15it/s]
Training:  40%|████      | 201/500 [00:01<00:01, 181.09it/s]
Training:  44%|████▍     | 220/500 [00:01<00:01, 177.13it/s]
Training:  48%|████▊     | 238/500 [00:01<00:01, 177.54it/s]
Training:  51%|█████     | 256/500 [00:01<00:01, 177.96it/s]
Training:  55%|█████▌    | 275/500 [00:01<00:01, 180.34it/s]
Training:  59%|█████▉    | 294/500 [00:01<00:01, 181.72it/s]
Training:  63%|██████▎   | 313/500 [00:01<00:01, 182.28it/s]
Training:  67%|██████▋   | 333/500 [00:01<00:00, 185.68it/s]
Training:  71%|███████   | 353/500 [00:01<00:00, 186.97it/s]
Training:  75%|███████▍  | 373/500 [00:01<00:00, 188.27it/s]
Training:  78%|███████▊  | 392/500 [00:02<00:00, 188.60it/s]
Training:  82%|████████▏ | 411/500 [00:02<00:00, 188.17it/s]
Training:  86%|████████▌ | 431/500 [00:02<00:00, 189.25it/s]
Training:  90%|█████████ | 451/500 [00:02<00:00, 191.37it/s]
Training:  94%|█████████▍| 471/500 [00:02<00:00, 191.65it/s]
Training:  98%|█████████▊| 491/500 [00:02<00:00, 192.37it/s]
Training: 100%|██████████| 500/500 [00:02<00:00, 187.88it/s]

Training:   0%|          | 0/500 [00:00<?, ?it/s]
Training:   4%|▍         | 19/500 [00:00<00:02, 186.84it/s]
Training:   8%|▊         | 39/500 [00:00<00:02, 191.82it/s]
Training:  12%|█▏        | 59/500 [00:00<00:02, 191.93it/s]
Training:  16%|█▌        | 79/500 [00:00<00:02, 192.41it/s]
Training:  20%|█▉        | 99/500 [00:00<00:02, 191.89it/s]
Training:  24%|██▍       | 119/500 [00:00<00:02, 185.53it/s]
Training:  28%|██▊       | 138/500 [00:00<00:01, 184.16it/s]
Training:  31%|███▏      | 157/500 [00:00<00:01, 180.00it/s]
Training:  35%|███▌      | 176/500 [00:00<00:01, 176.71it/s]
Training:  39%|███▉      | 196/500 [00:01<00:01, 183.02it/s]
Training:  43%|████▎     | 217/500 [00:01<00:01, 189.59it/s]
Training:  48%|████▊     | 238/500 [00:01<00:01, 194.31it/s]
Training:  52%|█████▏    | 258/500 [00:01<00:01, 190.32it/s]
Training:  56%|█████▌    | 278/500 [00:01<00:01, 188.88it/s]
Training:  59%|█████▉    | 297/500 [00:01<00:01, 186.55it/s]
Training:  63%|██████▎   | 316/500 [00:01<00:01, 183.59it/s]
Training:  67%|██████▋   | 335/500 [00:01<00:00, 181.77it/s]
Training:  71%|███████   | 354/500 [00:01<00:00, 180.06it/s]
Training:  75%|███████▍  | 373/500 [00:02<00:00, 180.92it/s]
Training:  78%|███████▊  | 392/500 [00:02<00:00, 180.02it/s]
Training:  82%|████████▏ | 411/500 [00:02<00:00, 179.29it/s]
Training:  86%|████████▌ | 430/500 [00:02<00:00, 181.44it/s]
Training:  90%|████████▉ | 449/500 [00:02<00:00, 182.15it/s]
Training:  94%|█████████▎| 468/500 [00:02<00:00, 183.64it/s]
Training:  97%|█████████▋| 487/500 [00:02<00:00, 183.04it/s]
Training: 100%|██████████| 500/500 [00:02<00:00, 184.39it/s]

Training:   0%|          | 0/500 [00:00<?, ?it/s]
Training:   4%|▍         | 19/500 [00:00<00:02, 182.99it/s]
Training:   8%|▊         | 39/500 [00:00<00:02, 187.56it/s]
Training:  12%|█▏        | 58/500 [00:00<00:02, 188.17it/s]
Training:  16%|█▌        | 78/500 [00:00<00:02, 189.18it/s]
Training:  19%|█▉        | 97/500 [00:00<00:02, 188.62it/s]
Training:  23%|██▎       | 116/500 [00:00<00:02, 179.39it/s]
Training:  27%|██▋       | 135/500 [00:00<00:02, 178.21it/s]
Training:  31%|███       | 153/500 [00:00<00:01, 177.08it/s]
Training:  34%|███▍      | 171/500 [00:00<00:01, 177.29it/s]
Training:  38%|███▊      | 189/500 [00:01<00:01, 177.84it/s]
Training:  41%|████▏     | 207/500 [00:01<00:01, 175.17it/s]
Training:  45%|████▌     | 225/500 [00:01<00:01, 174.92it/s]
Training:  49%|████▊     | 243/500 [00:01<00:01, 171.64it/s]
Training:  52%|█████▏    | 262/500 [00:01<00:01, 174.13it/s]
Training:  56%|█████▌    | 280/500 [00:01<00:01, 175.12it/s]
Training:  60%|█████▉    | 298/500 [00:01<00:01, 170.04it/s]
Training:  63%|██████▎   | 316/500 [00:01<00:01, 168.35it/s]
Training:  67%|██████▋   | 334/500 [00:01<00:00, 171.24it/s]
Training:  71%|███████   | 353/500 [00:01<00:00, 174.59it/s]
Training:  74%|███████▍  | 371/500 [00:02<00:00, 174.01it/s]
Training:  78%|███████▊  | 390/500 [00:02<00:00, 178.02it/s]
Training:  82%|████████▏ | 411/500 [00:02<00:00, 186.56it/s]
Training:  86%|████████▌ | 430/500 [00:02<00:00, 182.39it/s]
Training:  90%|████████▉ | 449/500 [00:02<00:00, 180.92it/s]
Training:  94%|█████████▎| 468/500 [00:02<00:00, 179.82it/s]
Training:  97%|█████████▋| 487/500 [00:02<00:00, 181.05it/s]
Training: 100%|██████████| 500/500 [00:02<00:00, 178.45it/s]

Training:   0%|          | 0/500 [00:00<?, ?it/s]
Training:   5%|▍         | 23/500 [00:00<00:02, 229.02it/s]
Training:   9%|▉         | 47/500 [00:00<00:01, 229.68it/s]
Training:  14%|█▍        | 71/500 [00:00<00:01, 229.85it/s]
Training:  19%|█▉        | 95/500 [00:00<00:01, 230.93it/s]
Training:  24%|██▍       | 119/500 [00:00<00:01, 233.65it/s]
Training:  29%|██▊       | 143/500 [00:00<00:01, 235.47it/s]
Training:  33%|███▎      | 167/500 [00:00<00:01, 218.32it/s]
Training:  38%|███▊      | 190/500 [00:00<00:01, 209.97it/s]
Training:  42%|████▏     | 212/500 [00:00<00:01, 204.93it/s]
Training:  47%|████▋     | 233/500 [00:01<00:01, 202.44it/s]
Training:  51%|█████     | 254/500 [00:01<00:01, 201.09it/s]
Training:  55%|█████▌    | 275/500 [00:01<00:01, 199.70it/s]
Training:  59%|█████▉    | 296/500 [00:01<00:01, 199.76it/s]
Training:  63%|██████▎   | 317/500 [00:01<00:00, 199.48it/s]
Training:  67%|██████▋   | 337/500 [00:01<00:00, 196.34it/s]
Training:  71%|███████▏  | 357/500 [00:01<00:00, 196.01it/s]
Training:  75%|███████▌  | 377/500 [00:01<00:00, 196.05it/s]
Training:  79%|███████▉  | 397/500 [00:01<00:00, 195.58it/s]
Training:  83%|████████▎ | 417/500 [00:02<00:00, 191.28it/s]
Training:  87%|████████▋ | 437/500 [00:02<00:00, 183.75it/s]
Training:  91%|█████████ | 456/500 [00:02<00:00, 183.53it/s]
Training:  95%|█████████▌| 475/500 [00:02<00:00, 182.44it/s]
Training:  99%|█████████▉| 494/500 [00:02<00:00, 182.13it/s]
Training: 100%|██████████| 500/500 [00:02<00:00, 200.63it/s]

Training:   0%|          | 0/500 [00:00<?, ?it/s]
Training:   4%|▍         | 19/500 [00:00<00:02, 183.40it/s]
Training:   8%|▊         | 38/500 [00:00<00:02, 179.54it/s]
Training:  11%|█         | 56/500 [00:00<00:02, 173.66it/s]
Training:  15%|█▌        | 75/500 [00:00<00:02, 176.94it/s]
Training:  19%|█▉        | 94/500 [00:00<00:02, 179.84it/s]
Training:  22%|██▏       | 112/500 [00:00<00:02, 176.21it/s]
Training:  26%|██▌       | 131/500 [00:00<00:02, 178.57it/s]
Training:  30%|██▉       | 149/500 [00:00<00:01, 178.45it/s]
Training:  34%|███▎      | 168/500 [00:00<00:01, 179.74it/s]
Training:  38%|███▊      | 188/500 [00:01<00:01, 183.43it/s]
Training:  42%|████▏     | 208/500 [00:01<00:01, 185.61it/s]
Training:  45%|████▌     | 227/500 [00:01<00:01, 185.37it/s]
Training:  49%|████▉     | 246/500 [00:01<00:01, 185.61it/s]
Training:  53%|█████▎    | 265/500 [00:01<00:01, 186.85it/s]
Training:  57%|█████▋    | 287/500 [00:01<00:01, 195.40it/s]
Training:  61%|██████▏   | 307/500 [00:01<00:01, 192.80it/s]
Training:  65%|██████▌   | 327/500 [00:01<00:00, 190.67it/s]
Training:  69%|██████▉   | 347/500 [00:01<00:00, 188.87it/s]
Training:  73%|███████▎  | 366/500 [00:01<00:00, 187.76it/s]
Training:  77%|███████▋  | 385/500 [00:02<00:00, 185.38it/s]
Training:  81%|████████  | 404/500 [00:02<00:00, 185.64it/s]
Training:  85%|████████▍ | 423/500 [00:02<00:00, 184.16it/s]
Training:  88%|████████▊ | 442/500 [00:02<00:00, 185.03it/s]
Training:  92%|█████████▏| 461/500 [00:02<00:00, 184.83it/s]
Training:  96%|█████████▌| 480/500 [00:02<00:00, 183.94it/s]
Training: 100%|█████████▉| 499/500 [00:02<00:00, 182.16it/s]
Training: 100%|██████████| 500/500 [00:02<00:00, 183.93it/s]

Training:   0%|          | 0/500 [00:00<?, ?it/s]
Training:   4%|▍         | 20/500 [00:00<00:02, 191.75it/s]
Training:   8%|▊         | 40/500 [00:00<00:02, 186.51it/s]
Training:  12%|█▏        | 59/500 [00:00<00:02, 184.73it/s]
Training:  16%|█▌        | 78/500 [00:00<00:02, 186.58it/s]
Training:  19%|█▉        | 97/500 [00:00<00:02, 184.89it/s]
Training:  23%|██▎       | 116/500 [00:00<00:02, 184.22it/s]
Training:  27%|██▋       | 135/500 [00:00<00:01, 184.05it/s]
Training:  31%|███       | 154/500 [00:00<00:01, 182.39it/s]
Training:  35%|███▍      | 173/500 [00:00<00:01, 182.46it/s]
Training:  38%|███▊      | 192/500 [00:01<00:01, 182.49it/s]
Training:  42%|████▏     | 211/500 [00:01<00:01, 182.19it/s]
Training:  46%|████▌     | 230/500 [00:01<00:01, 180.71it/s]
Training:  50%|████▉     | 249/500 [00:01<00:01, 181.43it/s]
Training:  54%|█████▎    | 268/500 [00:01<00:01, 182.40it/s]
Training:  57%|█████▋    | 287/500 [00:01<00:01, 182.81it/s]
Training:  61%|██████    | 306/500 [00:01<00:01, 182.86it/s]
Training:  65%|██████▌   | 325/500 [00:01<00:00, 180.95it/s]
Training:  69%|██████▉   | 345/500 [00:01<00:00, 185.51it/s]
Training:  73%|███████▎  | 365/500 [00:01<00:00, 186.77it/s]
Training:  77%|███████▋  | 385/500 [00:02<00:00, 189.68it/s]
Training:  81%|████████  | 405/500 [00:02<00:00, 191.12it/s]
Training:  85%|████████▌ | 425/500 [00:02<00:00, 191.00it/s]
Training:  89%|████████▉ | 445/500 [00:02<00:00, 192.11it/s]
Training:  93%|█████████▎| 465/500 [00:02<00:00, 191.74it/s]
Training:  97%|█████████▋| 485/500 [00:02<00:00, 192.30it/s]
Training: 100%|██████████| 500/500 [00:02<00:00, 185.97it/s]

Training:   0%|          | 0/500 [00:00<?, ?it/s]
Training:   4%|▍         | 20/500 [00:00<00:02, 190.35it/s]
Training:   8%|▊         | 40/500 [00:00<00:02, 186.12it/s]
Training:  12%|█▏        | 59/500 [00:00<00:02, 179.41it/s]
Training:  15%|█▌        | 77/500 [00:00<00:02, 179.04it/s]
Training:  19%|█▉        | 96/500 [00:00<00:02, 181.20it/s]
Training:  23%|██▎       | 115/500 [00:00<00:02, 178.47it/s]
Training:  27%|██▋       | 133/500 [00:00<00:02, 177.08it/s]
Training:  30%|███       | 151/500 [00:00<00:01, 174.93it/s]
Training:  34%|███▍      | 170/500 [00:00<00:01, 177.21it/s]
Training:  38%|███▊      | 189/500 [00:01<00:01, 178.99it/s]
Training:  42%|████▏     | 208/500 [00:01<00:01, 180.05it/s]
Training:  45%|████▌     | 227/500 [00:01<00:01, 182.81it/s]
Training:  49%|████▉     | 246/500 [00:01<00:01, 183.26it/s]
Training:  53%|█████▎    | 265/500 [00:01<00:01, 183.44it/s]
Training:  57%|█████▋    | 284/500 [00:01<00:01, 185.23it/s]
Training:  61%|██████    | 303/500 [00:01<00:01, 185.39it/s]
Training:  64%|██████▍   | 322/500 [00:01<00:00, 184.12it/s]
Training:  68%|██████▊   | 341/500 [00:01<00:00, 182.69it/s]
Training:  72%|███████▏  | 360/500 [00:01<00:00, 183.45it/s]
Training:  76%|███████▌  | 379/500 [00:02<00:00, 184.06it/s]
Training:  80%|███████▉  | 399/500 [00:02<00:00, 186.01it/s]
Training:  84%|████████▍ | 419/500 [00:02<00:00, 187.47it/s]
Training:  88%|████████▊ | 439/500 [00:02<00:00, 188.40it/s]
Training:  92%|█████████▏| 459/500 [00:02<00:00, 188.83it/s]
Training:  96%|█████████▌| 478/500 [00:02<00:00, 187.89it/s]
Training: 100%|█████████▉| 498/500 [00:02<00:00, 188.27it/s]
Training: 100%|██████████| 500/500 [00:02<00:00, 183.57it/s]

Training:   0%|          | 0/500 [00:00<?, ?it/s]
Training:   4%|▎         | 18/500 [00:00<00:02, 173.22it/s]
Training:   7%|▋         | 36/500 [00:00<00:02, 176.02it/s]
Training:  11%|█         | 55/500 [00:00<00:02, 178.52it/s]
Training:  15%|█▌        | 75/500 [00:00<00:02, 183.51it/s]
Training:  19%|█▉        | 94/500 [00:00<00:02, 185.17it/s]
Training:  23%|██▎       | 113/500 [00:00<00:02, 185.46it/s]
Training:  27%|██▋       | 133/500 [00:00<00:01, 187.99it/s]
Training:  31%|███       | 153/500 [00:00<00:01, 189.19it/s]
Training:  35%|███▍      | 173/500 [00:00<00:01, 190.25it/s]
Training:  39%|███▊      | 193/500 [00:01<00:01, 188.05it/s]
Training:  42%|████▏     | 212/500 [00:01<00:01, 184.06it/s]
Training:  46%|████▌     | 231/500 [00:01<00:01, 180.80it/s]
Training:  50%|█████     | 250/500 [00:01<00:01, 176.37it/s]
Training:  55%|█████▍    | 273/500 [00:01<00:01, 189.63it/s]
Training:  59%|█████▉    | 296/500 [00:01<00:01, 199.12it/s]
Training:  64%|██████▍   | 319/500 [00:01<00:00, 205.83it/s]
Training:  68%|██████▊   | 342/500 [00:01<00:00, 210.77it/s]
Training:  73%|███████▎  | 365/500 [00:01<00:00, 214.34it/s]
Training:  78%|███████▊  | 388/500 [00:01<00:00, 216.42it/s]
Training:  82%|████████▏ | 411/500 [00:02<00:00, 218.04it/s]
Training:  87%|████████▋ | 434/500 [00:02<00:00, 218.74it/s]
Training:  91%|█████████ | 456/500 [00:02<00:00, 214.50it/s]
Training:  96%|█████████▌| 478/500 [00:02<00:00, 204.76it/s]
Training: 100%|█████████▉| 499/500 [00:02<00:00, 199.23it/s]
Training: 100%|██████████| 500/500 [00:02<00:00, 196.50it/s]

Training:   0%|          | 0/500 [00:00<?, ?it/s]
Training:   4%|▍         | 20/500 [00:00<00:02, 195.88it/s]
Training:   8%|▊         | 40/500 [00:00<00:02, 194.82it/s]
Training:  12%|█▏        | 60/500 [00:00<00:02, 189.85it/s]
Training:  16%|█▌        | 79/500 [00:00<00:02, 183.10it/s]
Training:  20%|█▉        | 98/500 [00:00<00:02, 182.21it/s]
Training:  23%|██▎       | 117/500 [00:00<00:02, 181.43it/s]
Training:  27%|██▋       | 136/500 [00:00<00:02, 179.19it/s]
Training:  31%|███       | 155/500 [00:00<00:01, 180.72it/s]
Training:  35%|███▍      | 174/500 [00:00<00:01, 181.29it/s]
Training:  39%|███▉      | 194/500 [00:01<00:01, 184.74it/s]
Training:  43%|████▎     | 213/500 [00:01<00:01, 184.76it/s]
Training:  46%|████▋     | 232/500 [00:01<00:01, 184.49it/s]
Training:  50%|█████     | 251/500 [00:01<00:01, 183.24it/s]
Training:  54%|█████▍    | 270/500 [00:01<00:01, 180.82it/s]
Training:  58%|█████▊    | 289/500 [00:01<00:01, 179.30it/s]
Training:  62%|██████▏   | 308/500 [00:01<00:01, 179.99it/s]
Training:  65%|██████▌   | 327/500 [00:01<00:00, 181.88it/s]
Training:  69%|██████▉   | 346/500 [00:01<00:00, 180.26it/s]
Training:  73%|███████▎  | 365/500 [00:01<00:00, 182.77it/s]
Training:  77%|███████▋  | 385/500 [00:02<00:00, 186.48it/s]
Training:  81%|████████  | 406/500 [00:02<00:00, 191.45it/s]
Training:  86%|████████▌ | 428/500 [00:02<00:00, 198.26it/s]
Training:  90%|█████████ | 450/500 [00:02<00:00, 202.87it/s]
Training:  94%|█████████▍| 472/500 [00:02<00:00, 206.11it/s]
Training:  99%|█████████▉| 494/500 [00:02<00:00, 208.56it/s]
Training: 100%|██████████| 500/500 [00:02<00:00, 189.23it/s]

Training:   0%|          | 0/500 [00:00<?, ?it/s]
Training:   4%|▍         | 22/500 [00:00<00:02, 216.68it/s]
Training:   9%|▉         | 44/500 [00:00<00:02, 215.21it/s]
Training:  13%|█▎        | 66/500 [00:00<00:02, 215.06it/s]
Training:  18%|█▊        | 88/500 [00:00<00:01, 214.92it/s]
Training:  22%|██▏       | 110/500 [00:00<00:01, 214.84it/s]
Training:  26%|██▋       | 132/500 [00:00<00:01, 207.39it/s]
Training:  31%|███       | 153/500 [00:00<00:01, 200.81it/s]
Training:  35%|███▍      | 174/500 [00:00<00:01, 195.16it/s]
Training:  39%|███▉      | 194/500 [00:00<00:01, 190.71it/s]
Training:  43%|████▎     | 215/500 [00:01<00:01, 195.16it/s]
Training:  47%|████▋     | 235/500 [00:01<00:01, 194.88it/s]
Training:  51%|█████     | 255/500 [00:01<00:01, 194.11it/s]
Training:  55%|█████▌    | 275/500 [00:01<00:01, 190.87it/s]
Training:  59%|█████▉    | 295/500 [00:01<00:01, 187.65it/s]
Training:  63%|██████▎   | 314/500 [00:01<00:00, 187.01it/s]
Training:  67%|██████▋   | 333/500 [00:01<00:00, 182.55it/s]
Training:  70%|███████   | 352/500 [00:01<00:00, 181.66it/s]
Training:  74%|███████▍  | 371/500 [00:01<00:00, 179.99it/s]
Training:  78%|███████▊  | 390/500 [00:02<00:00, 177.21it/s]
Training:  82%|████████▏ | 408/500 [00:02<00:00, 176.16it/s]
Training:  85%|████████▌ | 427/500 [00:02<00:00, 178.62it/s]
Training:  89%|████████▉ | 445/500 [00:02<00:00, 178.36it/s]
Training:  93%|█████████▎| 466/500 [00:02<00:00, 185.41it/s]
Training:  97%|█████████▋| 485/500 [00:02<00:00, 185.99it/s]
Training: 100%|██████████| 500/500 [00:02<00:00, 190.16it/s]

Training:   0%|          | 0/500 [00:00<?, ?it/s]
Training:   2%|▏         | 10/500 [00:00<00:04, 99.96it/s]
Training:   5%|▌         | 25/500 [00:00<00:03, 128.42it/s]
Training:   8%|▊         | 40/500 [00:00<00:03, 137.43it/s]
Training:  11%|█         | 55/500 [00:00<00:03, 140.47it/s]
Training:  14%|█▍        | 70/500 [00:00<00:03, 142.30it/s]
Training:  17%|█▋        | 85/500 [00:00<00:02, 140.78it/s]
Training:  20%|██        | 100/500 [00:00<00:02, 142.93it/s]
Training:  23%|██▎       | 115/500 [00:00<00:02, 142.75it/s]
Training:  26%|██▌       | 130/500 [00:00<00:02, 144.62it/s]
Training:  29%|██▉       | 145/500 [00:01<00:02, 144.55it/s]
Training:  32%|███▏      | 160/500 [00:01<00:02, 144.27it/s]
Training:  35%|███▌      | 175/500 [00:01<00:02, 144.40it/s]
Training:  38%|███▊      | 190/500 [00:01<00:02, 145.56it/s]
Training:  41%|████      | 205/500 [00:01<00:02, 145.10it/s]
Training:  44%|████▍     | 220/500 [00:01<00:01, 145.86it/s]
Training:  47%|████▋     | 235/500 [00:01<00:01, 145.62it/s]
Training:  50%|█████     | 250/500 [00:01<00:01, 145.78it/s]
Training:  53%|█████▎    | 265/500 [00:01<00:01, 146.01it/s]
Training:  56%|█████▌    | 281/500 [00:01<00:01, 149.79it/s]
Training:  59%|█████▉    | 297/500 [00:02<00:01, 152.77it/s]
Training:  63%|██████▎   | 313/500 [00:02<00:01, 152.90it/s]
Training:  66%|██████▌   | 329/500 [00:02<00:01, 151.87it/s]
Training:  69%|██████▉   | 345/500 [00:02<00:01, 151.65it/s]
Training:  72%|███████▏  | 361/500 [00:02<00:00, 152.10it/s]
Training:  75%|███████▌  | 377/500 [00:02<00:00, 152.35it/s]
Training:  79%|███████▊  | 393/500 [00:02<00:00, 151.85it/s]
Training:  82%|████████▏ | 409/500 [00:02<00:00, 149.07it/s]
Training:  85%|████████▌ | 425/500 [00:02<00:00, 150.69it/s]
Training:  88%|████████▊ | 441/500 [00:03<00:00, 152.02it/s]
Training:  91%|█████████▏| 457/500 [00:03<00:00, 153.82it/s]
Training:  95%|█████████▍| 473/500 [00:03<00:00, 152.98it/s]
Training:  98%|█████████▊| 489/500 [00:03<00:00, 150.85it/s]
Training: 100%|██████████| 500/500 [00:03<00:00, 147.19it/s]

Training:   0%|          | 0/500 [00:00<?, ?it/s]
Training:   3%|▎         | 15/500 [00:00<00:03, 149.38it/s]
Training:   6%|▌         | 30/500 [00:00<00:03, 142.54it/s]
Training:   9%|▉         | 45/500 [00:00<00:03, 142.80it/s]
Training:  12%|█▏        | 60/500 [00:00<00:03, 144.46it/s]
Training:  15%|█▌        | 75/500 [00:00<00:02, 142.17it/s]
Training:  18%|█▊        | 90/500 [00:00<00:02, 142.62it/s]
Training:  21%|██        | 105/500 [00:00<00:02, 143.32it/s]
Training:  24%|██▍       | 120/500 [00:00<00:02, 144.12it/s]
Training:  27%|██▋       | 135/500 [00:00<00:02, 143.31it/s]
Training:  30%|███       | 150/500 [00:01<00:02, 141.32it/s]
Training:  33%|███▎      | 165/500 [00:01<00:02, 142.41it/s]
Training:  36%|███▌      | 181/500 [00:01<00:02, 145.53it/s]
Training:  40%|███▉      | 198/500 [00:01<00:02, 150.34it/s]
Training:  43%|████▎     | 215/500 [00:01<00:01, 154.32it/s]
Training:  46%|████▋     | 232/500 [00:01<00:01, 156.43it/s]
Training:  50%|████▉     | 249/500 [00:01<00:01, 158.04it/s]
Training:  53%|█████▎    | 267/500 [00:01<00:01, 161.91it/s]
Training:  57%|█████▋    | 284/500 [00:01<00:01, 160.39it/s]
Training:  60%|██████    | 301/500 [00:02<00:01, 159.08it/s]
Training:  64%|██████▎   | 318/500 [00:02<00:01, 161.00it/s]
Training:  67%|██████▋   | 335/500 [00:02<00:01, 162.18it/s]
Training:  70%|███████   | 352/500 [00:02<00:00, 163.78it/s]
Training:  74%|███████▍  | 370/500 [00:02<00:00, 166.07it/s]
Training:  77%|███████▋  | 387/500 [00:02<00:00, 163.26it/s]
Training:  81%|████████  | 404/500 [00:02<00:00, 162.87it/s]
Training:  84%|████████▍ | 421/500 [00:02<00:00, 161.23it/s]
Training:  88%|████████▊ | 438/500 [00:02<00:00, 159.47it/s]
Training:  91%|█████████ | 454/500 [00:02<00:00, 158.48it/s]
Training:  94%|█████████▍| 470/500 [00:03<00:00, 158.72it/s]
Training:  97%|█████████▋| 486/500 [00:03<00:00, 158.87it/s]
Training: 100%|██████████| 500/500 [00:03<00:00, 154.65it/s]

Training:   0%|          | 0/500 [00:00<?, ?it/s]
Training:   3%|▎         | 17/500 [00:00<00:02, 167.20it/s]
Training:   7%|▋         | 34/500 [00:00<00:02, 158.14it/s]
Training:  10%|█         | 50/500 [00:00<00:02, 155.58it/s]
Training:  13%|█▎        | 67/500 [00:00<00:02, 160.75it/s]
Training:  17%|█▋        | 85/500 [00:00<00:02, 165.21it/s]
Training:  21%|██        | 103/500 [00:00<00:02, 167.57it/s]
Training:  24%|██▍       | 120/500 [00:00<00:02, 160.68it/s]
Training:  27%|██▋       | 137/500 [00:00<00:02, 155.42it/s]
Training:  31%|███       | 153/500 [00:00<00:02, 152.96it/s]
Training:  34%|███▍      | 169/500 [00:01<00:02, 151.66it/s]
Training:  37%|███▋      | 185/500 [00:01<00:02, 149.73it/s]
Training:  40%|████      | 201/500 [00:01<00:01, 151.09it/s]
Training:  43%|████▎     | 217/500 [00:01<00:01, 150.21it/s]
Training:  47%|████▋     | 233/500 [00:01<00:01, 151.79it/s]
Training:  50%|████▉     | 249/500 [00:01<00:01, 149.45it/s]
Training:  53%|█████▎    | 264/500 [00:01<00:01, 148.61it/s]
Training:  56%|█████▌    | 279/500 [00:01<00:01, 148.43it/s]
Training:  59%|█████▉    | 294/500 [00:01<00:01, 148.53it/s]
Training:  62%|██████▏   | 309/500 [00:02<00:01, 145.45it/s]
Training:  65%|██████▍   | 324/500 [00:02<00:01, 146.17it/s]
Training:  68%|██████▊   | 339/500 [00:02<00:01, 146.31it/s]
Training:  71%|███████   | 354/500 [00:02<00:00, 146.41it/s]
Training:  74%|███████▍  | 370/500 [00:02<00:00, 147.11it/s]
Training:  77%|███████▋  | 385/500 [00:02<00:00, 147.84it/s]
Training:  80%|████████  | 400/500 [00:02<00:00, 146.56it/s]
Training:  83%|████████▎ | 415/500 [00:02<00:00, 145.41it/s]
Training:  86%|████████▌ | 430/500 [00:02<00:00, 145.54it/s]
Training:  89%|████████▉ | 445/500 [00:02<00:00, 145.73it/s]
Training:  92%|█████████▏| 460/500 [00:03<00:00, 146.70it/s]
Training:  95%|█████████▌| 475/500 [00:03<00:00, 147.16it/s]
Training:  98%|█████████▊| 491/500 [00:03<00:00, 148.50it/s]
Training: 100%|██████████| 500/500 [00:03<00:00, 150.51it/s]

Training:   0%|          | 0/500 [00:00<?, ?it/s]
Training:   3%|▎         | 17/500 [00:00<00:02, 163.75it/s]
Training:   7%|▋         | 34/500 [00:00<00:02, 166.70it/s]
Training:  10%|█         | 51/500 [00:00<00:02, 167.17it/s]
Training:  14%|█▎        | 68/500 [00:00<00:02, 168.08it/s]
Training:  17%|█▋        | 85/500 [00:00<00:02, 168.48it/s]
Training:  20%|██        | 102/500 [00:00<00:02, 168.83it/s]
Training:  24%|██▍       | 120/500 [00:00<00:02, 169.48it/s]
Training:  27%|██▋       | 137/500 [00:00<00:02, 169.57it/s]
Training:  31%|███       | 154/500 [00:00<00:02, 169.41it/s]
Training:  34%|███▍      | 172/500 [00:01<00:01, 169.67it/s]
Training:  38%|███▊      | 190/500 [00:01<00:01, 170.00it/s]
Training:  41%|████▏     | 207/500 [00:01<00:01, 167.16it/s]
Training:  45%|████▍     | 224/500 [00:01<00:01, 159.67it/s]
Training:  48%|████▊     | 241/500 [00:01<00:01, 156.36it/s]
Training:  51%|█████▏    | 257/500 [00:01<00:01, 152.94it/s]
Training:  55%|█████▍    | 273/500 [00:01<00:01, 151.34it/s]
Training:  58%|█████▊    | 290/500 [00:01<00:01, 154.45it/s]
Training:  61%|██████▏   | 307/500 [00:01<00:01, 157.91it/s]
Training:  65%|██████▍   | 324/500 [00:01<00:01, 160.23it/s]
Training:  68%|██████▊   | 341/500 [00:02<00:00, 161.64it/s]
Training:  72%|███████▏  | 358/500 [00:02<00:00, 162.66it/s]
Training:  75%|███████▌  | 375/500 [00:02<00:00, 163.63it/s]
Training:  78%|███████▊  | 392/500 [00:02<00:00, 159.24it/s]
Training:  82%|████████▏ | 408/500 [00:02<00:00, 158.17it/s]
Training:  85%|████████▌ | 425/500 [00:02<00:00, 159.28it/s]
Training:  88%|████████▊ | 442/500 [00:02<00:00, 161.24it/s]
Training:  92%|█████████▏| 459/500 [00:02<00:00, 160.41it/s]
Training:  95%|█████████▌| 477/500 [00:02<00:00, 164.27it/s]
Training:  99%|█████████▉| 495/500 [00:03<00:00, 168.75it/s]
Training: 100%|██████████| 500/500 [00:03<00:00, 163.30it/s]

Training:   0%|          | 0/500 [00:00<?, ?it/s]
Training:   4%|▍         | 20/500 [00:00<00:02, 197.34it/s]
Training:   8%|▊         | 41/500 [00:00<00:02, 198.98it/s]
Training:  12%|█▏        | 61/500 [00:00<00:02, 199.31it/s]
Training:  16%|█▌        | 81/500 [00:00<00:02, 179.39it/s]
Training:  20%|██        | 100/500 [00:00<00:02, 165.33it/s]
Training:  23%|██▎       | 117/500 [00:00<00:02, 158.87it/s]
Training:  27%|██▋       | 134/500 [00:00<00:02, 154.61it/s]
Training:  30%|███       | 150/500 [00:00<00:02, 151.36it/s]
Training:  33%|███▎      | 166/500 [00:01<00:02, 150.36it/s]
Training:  36%|███▋      | 182/500 [00:01<00:02, 148.65it/s]
Training:  39%|███▉      | 197/500 [00:01<00:02, 148.21it/s]
Training:  42%|████▏     | 212/500 [00:01<00:01, 147.19it/s]
Training:  45%|████▌     | 227/500 [00:01<00:01, 147.01it/s]
Training:  48%|████▊     | 242/500 [00:01<00:01, 146.13it/s]
Training:  51%|█████▏    | 257/500 [00:01<00:01, 144.79it/s]
Training:  55%|█████▍    | 273/500 [00:01<00:01, 149.12it/s]
Training:  58%|█████▊    | 290/500 [00:01<00:01, 153.80it/s]
Training:  61%|██████▏   | 307/500 [00:01<00:01, 155.96it/s]
Training:  65%|██████▍   | 323/500 [00:02<00:01, 155.87it/s]
Training:  68%|██████▊   | 339/500 [00:02<00:01, 155.25it/s]
Training:  71%|███████   | 355/500 [00:02<00:00, 153.39it/s]
Training:  74%|███████▍  | 371/500 [00:02<00:00, 152.83it/s]
Training:  77%|███████▋  | 387/500 [00:02<00:00, 152.11it/s]
Training:  81%|████████  | 403/500 [00:02<00:00, 152.58it/s]
Training:  84%|████████▍ | 419/500 [00:02<00:00, 152.16it/s]
Training:  87%|████████▋ | 435/500 [00:02<00:00, 154.27it/s]
Training:  90%|█████████ | 451/500 [00:02<00:00, 155.81it/s]
Training:  93%|█████████▎| 467/500 [00:02<00:00, 154.81it/s]
Training:  97%|█████████▋| 483/500 [00:03<00:00, 153.46it/s]
Training: 100%|█████████▉| 499/500 [00:03<00:00, 152.24it/s]
Training: 100%|██████████| 500/500 [00:03<00:00, 155.28it/s]

Training:   0%|          | 0/500 [00:00<?, ?it/s]
Training:   3%|▎         | 15/500 [00:00<00:03, 145.22it/s]
Training:   6%|▌         | 30/500 [00:00<00:03, 146.47it/s]
Training:   9%|▉         | 45/500 [00:00<00:03, 145.36it/s]
Training:  12%|█▏        | 60/500 [00:00<00:03, 146.47it/s]
Training:  15%|█▌        | 75/500 [00:00<00:02, 147.16it/s]
Training:  18%|█▊        | 90/500 [00:00<00:02, 146.87it/s]
Training:  21%|██        | 105/500 [00:00<00:02, 147.14it/s]
Training:  24%|██▍       | 120/500 [00:00<00:02, 147.97it/s]
Training:  27%|██▋       | 135/500 [00:00<00:02, 147.39it/s]
Training:  30%|███       | 150/500 [00:01<00:02, 147.44it/s]
Training:  33%|███▎      | 165/500 [00:01<00:02, 147.90it/s]
Training:  36%|███▌      | 180/500 [00:01<00:02, 147.97it/s]
Training:  39%|███▉      | 195/500 [00:01<00:02, 147.35it/s]
Training:  42%|████▏     | 210/500 [00:01<00:01, 147.66it/s]
Training:  45%|████▌     | 225/500 [00:01<00:01, 147.78it/s]
Training:  48%|████▊     | 242/500 [00:01<00:01, 152.18it/s]
Training:  52%|█████▏    | 258/500 [00:01<00:01, 154.27it/s]
Training:  55%|█████▌    | 275/500 [00:01<00:01, 157.15it/s]
Training:  58%|█████▊    | 291/500 [00:01<00:01, 157.73it/s]
Training:  61%|██████▏   | 307/500 [00:02<00:01, 157.77it/s]
Training:  65%|██████▍   | 324/500 [00:02<00:01, 159.37it/s]
Training:  68%|██████▊   | 340/500 [00:02<00:01, 159.48it/s]
Training:  71%|███████   | 356/500 [00:02<00:00, 158.83it/s]
Training:  74%|███████▍  | 372/500 [00:02<00:00, 157.61it/s]
Training:  78%|███████▊  | 388/500 [00:02<00:00, 157.87it/s]
Training:  81%|████████  | 404/500 [00:02<00:00, 157.41it/s]
Training:  84%|████████▍ | 420/500 [00:02<00:00, 154.08it/s]
Training:  87%|████████▋ | 436/500 [00:02<00:00, 151.72it/s]
Training:  90%|█████████ | 452/500 [00:02<00:00, 150.70it/s]
Training:  94%|█████████▎| 468/500 [00:03<00:00, 150.50it/s]
Training:  97%|█████████▋| 484/500 [00:03<00:00, 151.44it/s]
Training: 100%|██████████| 500/500 [00:03<00:00, 152.72it/s]
Training: 100%|██████████| 500/500 [00:03<00:00, 151.88it/s]

Training:   0%|          | 0/500 [00:00<?, ?it/s]
Training:   3%|▎         | 17/500 [00:00<00:03, 160.40it/s]
Training:   7%|▋         | 34/500 [00:00<00:02, 155.70it/s]
Training:  10%|█         | 50/500 [00:00<00:02, 155.82it/s]
Training:  13%|█▎        | 66/500 [00:00<00:02, 151.84it/s]
Training:  16%|█▋        | 82/500 [00:00<00:02, 149.55it/s]
Training:  20%|█▉        | 98/500 [00:00<00:02, 151.14it/s]
Training:  23%|██▎       | 114/500 [00:00<00:02, 151.37it/s]
Training:  26%|██▌       | 130/500 [00:00<00:02, 153.96it/s]
Training:  29%|██▉       | 146/500 [00:00<00:02, 154.46it/s]
Training:  33%|███▎      | 164/500 [00:01<00:02, 159.61it/s]
Training:  36%|███▋      | 182/500 [00:01<00:01, 165.37it/s]
Training:  40%|████      | 200/500 [00:01<00:01, 169.41it/s]
Training:  44%|████▎     | 218/500 [00:01<00:01, 172.36it/s]
Training:  47%|████▋     | 236/500 [00:01<00:01, 170.60it/s]
Training:  51%|█████     | 254/500 [00:01<00:01, 169.13it/s]
Training:  54%|█████▍    | 271/500 [00:01<00:01, 168.58it/s]
Training:  58%|█████▊    | 288/500 [00:01<00:01, 165.91it/s]
Training:  61%|██████    | 305/500 [00:01<00:01, 159.18it/s]
Training:  64%|██████▍   | 321/500 [00:02<00:01, 155.92it/s]
Training:  68%|██████▊   | 338/500 [00:02<00:01, 157.76it/s]
Training:  71%|███████   | 354/500 [00:02<00:00, 157.59it/s]
Training:  74%|███████▍  | 372/500 [00:02<00:00, 162.18it/s]
Training:  78%|███████▊  | 389/500 [00:02<00:00, 162.09it/s]
Training:  81%|████████  | 406/500 [00:02<00:00, 162.49it/s]
Training:  85%|████████▍ | 423/500 [00:02<00:00, 163.53it/s]
Training:  88%|████████▊ | 440/500 [00:02<00:00, 164.65it/s]
Training:  91%|█████████▏| 457/500 [00:02<00:00, 162.25it/s]
Training:  95%|█████████▍| 474/500 [00:02<00:00, 162.86it/s]
Training:  98%|█████████▊| 491/500 [00:03<00:00, 160.90it/s]
Training: 100%|██████████| 500/500 [00:03<00:00, 160.95it/s]

Training:   0%|          | 0/500 [00:00<?, ?it/s]
Training:   3%|▎         | 17/500 [00:00<00:02, 162.43it/s]
Training:   7%|▋         | 34/500 [00:00<00:03, 149.49it/s]
Training:  10%|█         | 50/500 [00:00<00:03, 149.63it/s]
Training:  13%|█▎        | 66/500 [00:00<00:02, 152.55it/s]
Training:  17%|█▋        | 83/500 [00:00<00:02, 155.02it/s]
Training:  20%|██        | 100/500 [00:00<00:02, 159.33it/s]
Training:  23%|██▎       | 117/500 [00:00<00:02, 160.05it/s]
Training:  27%|██▋       | 134/500 [00:00<00:02, 158.81it/s]
Training:  30%|███       | 151/500 [00:00<00:02, 160.40it/s]
Training:  34%|███▎      | 168/500 [00:01<00:02, 159.87it/s]
Training:  37%|███▋      | 184/500 [00:01<00:01, 158.34it/s]
Training:  40%|████      | 200/500 [00:01<00:01, 157.54it/s]
Training:  43%|████▎     | 216/500 [00:01<00:01, 158.08it/s]
Training:  46%|████▋     | 232/500 [00:01<00:01, 157.77it/s]
Training:  50%|████▉     | 248/500 [00:01<00:01, 154.42it/s]
Training:  53%|█████▎    | 264/500 [00:01<00:01, 151.73it/s]
Training:  56%|█████▌    | 280/500 [00:01<00:01, 149.25it/s]
Training:  59%|█████▉    | 295/500 [00:01<00:01, 148.12it/s]
Training:  62%|██████▏   | 310/500 [00:02<00:01, 147.59it/s]
Training:  65%|██████▌   | 325/500 [00:02<00:01, 146.36it/s]
Training:  68%|██████▊   | 340/500 [00:02<00:01, 147.26it/s]
Training:  71%|███████   | 355/500 [00:02<00:00, 146.76it/s]
Training:  74%|███████▍  | 370/500 [00:02<00:00, 146.51it/s]
Training:  77%|███████▋  | 385/500 [00:02<00:00, 146.40it/s]
Training:  80%|████████  | 400/500 [00:02<00:00, 146.88it/s]
Training:  83%|████████▎ | 415/500 [00:02<00:00, 147.22it/s]
Training:  86%|████████▌ | 430/500 [00:02<00:00, 147.83it/s]
Training:  89%|████████▉ | 446/500 [00:02<00:00, 149.50it/s]
Training:  92%|█████████▏| 462/500 [00:03<00:00, 151.91it/s]
Training:  96%|█████████▌| 479/500 [00:03<00:00, 156.40it/s]
Training:  99%|█████████▉| 495/500 [00:03<00:00, 154.58it/s]
Training: 100%|██████████| 500/500 [00:03<00:00, 152.70it/s]

Training:   0%|          | 0/500 [00:00<?, ?it/s]
Training:   3%|▎         | 14/500 [00:00<00:03, 135.80it/s]
Training:   6%|▌         | 29/500 [00:00<00:03, 141.20it/s]
Training:   9%|▉         | 45/500 [00:00<00:03, 146.23it/s]
Training:  12%|█▏        | 62/500 [00:00<00:02, 153.32it/s]
Training:  16%|█▌        | 79/500 [00:00<00:02, 157.08it/s]
Training:  19%|█▉        | 96/500 [00:00<00:02, 158.98it/s]
Training:  22%|██▏       | 112/500 [00:00<00:02, 155.51it/s]
Training:  26%|██▌       | 128/500 [00:00<00:02, 155.69it/s]
Training:  29%|██▉       | 145/500 [00:00<00:02, 157.78it/s]
Training:  32%|███▏      | 162/500 [00:01<00:02, 161.01it/s]
Training:  36%|███▌      | 179/500 [00:01<00:01, 160.66it/s]
Training:  39%|███▉      | 196/500 [00:01<00:01, 163.32it/s]
Training:  43%|████▎     | 213/500 [00:01<00:01, 163.30it/s]
Training:  46%|████▌     | 230/500 [00:01<00:01, 161.40it/s]
Training:  49%|████▉     | 247/500 [00:01<00:01, 160.51it/s]
Training:  53%|█████▎    | 264/500 [00:01<00:01, 160.62it/s]
Training:  56%|█████▌    | 281/500 [00:01<00:01, 159.63it/s]
Training:  60%|█████▉    | 298/500 [00:01<00:01, 160.44it/s]
Training:  63%|██████▎   | 316/500 [00:01<00:01, 163.39it/s]
Training:  67%|██████▋   | 333/500 [00:02<00:01, 165.25it/s]
Training:  70%|███████   | 350/500 [00:02<00:00, 163.99it/s]
Training:  73%|███████▎  | 367/500 [00:02<00:00, 162.80it/s]
Training:  77%|███████▋  | 384/500 [00:02<00:00, 163.92it/s]
Training:  80%|████████  | 401/500 [00:02<00:00, 159.77it/s]
Training:  84%|████████▎ | 418/500 [00:02<00:00, 158.62it/s]
Training:  87%|████████▋ | 434/500 [00:02<00:00, 157.79it/s]
Training:  90%|█████████ | 450/500 [00:02<00:00, 156.99it/s]
Training:  93%|█████████▎| 467/500 [00:02<00:00, 159.04it/s]
Training:  97%|█████████▋| 484/500 [00:03<00:00, 160.43it/s]
Training: 100%|██████████| 500/500 [00:03<00:00, 159.48it/s]

Training:   0%|          | 0/500 [00:00<?, ?it/s]
Training:   3%|▎         | 17/500 [00:00<00:02, 161.09it/s]
Training:   7%|▋         | 34/500 [00:00<00:02, 164.30it/s]
Training:  10%|█         | 51/500 [00:00<00:02, 164.85it/s]
Training:  14%|█▍        | 69/500 [00:00<00:02, 168.66it/s]
Training:  17%|█▋        | 86/500 [00:00<00:02, 166.40it/s]
Training:  21%|██        | 103/500 [00:00<00:02, 162.87it/s]
Training:  24%|██▍       | 120/500 [00:00<00:02, 162.34it/s]
Training:  27%|██▋       | 137/500 [00:00<00:02, 161.35it/s]
Training:  31%|███       | 154/500 [00:00<00:02, 160.44it/s]
Training:  34%|███▍      | 171/500 [00:01<00:02, 159.84it/s]
Training:  38%|███▊      | 188/500 [00:01<00:01, 160.70it/s]
Training:  41%|████      | 205/500 [00:01<00:01, 159.89it/s]
Training:  44%|████▍     | 221/500 [00:01<00:01, 154.79it/s]
Training:  47%|████▋     | 237/500 [00:01<00:01, 151.62it/s]
Training:  51%|█████     | 253/500 [00:01<00:01, 153.53it/s]
Training:  54%|█████▍    | 270/500 [00:01<00:01, 155.56it/s]
Training:  58%|█████▊    | 288/500 [00:01<00:01, 160.47it/s]
Training:  61%|██████    | 305/500 [00:01<00:01, 163.12it/s]
Training:  64%|██████▍   | 322/500 [00:02<00:01, 159.87it/s]
Training:  68%|██████▊   | 339/500 [00:02<00:01, 159.71it/s]
Training:  71%|███████   | 355/500 [00:02<00:00, 159.39it/s]
Training:  74%|███████▍  | 372/500 [00:02<00:00, 160.01it/s]
Training:  78%|███████▊  | 389/500 [00:02<00:00, 160.30it/s]
Training:  81%|████████  | 406/500 [00:02<00:00, 160.27it/s]
Training:  85%|████████▍ | 423/500 [00:02<00:00, 160.92it/s]
Training:  88%|████████▊ | 440/500 [00:02<00:00, 160.37it/s]
Training:  91%|█████████▏| 457/500 [00:02<00:00, 160.81it/s]
Training:  95%|█████████▍| 474/500 [00:02<00:00, 160.44it/s]
Training:  98%|█████████▊| 491/500 [00:03<00:00, 159.66it/s]
Training: 100%|██████████| 500/500 [00:03<00:00, 160.07it/s]

Training:   0%|          | 0/500 [00:00<?, ?it/s]
Training:   3%|▎         | 16/500 [00:00<00:03, 155.02it/s]
Training:   6%|▋         | 32/500 [00:00<00:02, 157.42it/s]
Training:  10%|▉         | 49/500 [00:00<00:02, 158.75it/s]
Training:  13%|█▎        | 66/500 [00:00<00:02, 159.45it/s]
Training:  17%|█▋        | 83/500 [00:00<00:02, 159.98it/s]
Training:  20%|██        | 100/500 [00:00<00:02, 160.28it/s]
Training:  23%|██▎       | 117/500 [00:00<00:02, 160.52it/s]
Training:  27%|██▋       | 134/500 [00:00<00:02, 160.61it/s]
Training:  30%|███       | 151/500 [00:00<00:02, 161.02it/s]
Training:  34%|███▎      | 168/500 [00:01<00:02, 161.45it/s]
Training:  37%|███▋      | 185/500 [00:01<00:01, 160.92it/s]
Training:  40%|████      | 202/500 [00:01<00:01, 153.02it/s]
Training:  44%|████▎     | 218/500 [00:01<00:01, 151.32it/s]
Training:  47%|████▋     | 234/500 [00:01<00:01, 150.04it/s]
Training:  50%|█████     | 250/500 [00:01<00:01, 149.70it/s]
Training:  53%|█████▎    | 265/500 [00:01<00:01, 148.05it/s]
Training:  56%|█████▌    | 280/500 [00:01<00:01, 146.72it/s]
Training:  59%|█████▉    | 295/500 [00:01<00:01, 146.61it/s]
Training:  62%|██████▏   | 310/500 [00:02<00:01, 147.12it/s]
Training:  65%|██████▌   | 325/500 [00:02<00:01, 146.57it/s]
Training:  68%|██████▊   | 340/500 [00:02<00:01, 146.43it/s]
Training:  71%|███████   | 355/500 [00:02<00:00, 146.65it/s]
Training:  74%|███████▍  | 370/500 [00:02<00:00, 143.82it/s]
Training:  77%|███████▋  | 386/500 [00:02<00:00, 146.08it/s]
Training:  80%|████████  | 402/500 [00:02<00:00, 148.80it/s]
Training:  84%|████████▍ | 419/500 [00:02<00:00, 153.31it/s]
Training:  87%|████████▋ | 435/500 [00:02<00:00, 154.09it/s]
Training:  90%|█████████ | 452/500 [00:02<00:00, 158.10it/s]
Training:  94%|█████████▍| 469/500 [00:03<00:00, 161.12it/s]
Training:  97%|█████████▋| 487/500 [00:03<00:00, 163.71it/s]
Training: 100%|██████████| 500/500 [00:03<00:00, 154.66it/s]

Training:   0%|          | 0/500 [00:00<?, ?it/s]
Training:   3%|▎         | 14/500 [00:00<00:03, 139.27it/s]
Training:   6%|▌         | 31/500 [00:00<00:03, 156.10it/s]
Training:   9%|▉         | 47/500 [00:00<00:02, 154.48it/s]
Training:  13%|█▎        | 63/500 [00:00<00:02, 150.25it/s]
Training:  16%|█▌        | 79/500 [00:00<00:02, 148.54it/s]
Training:  19%|█▉        | 94/500 [00:00<00:02, 148.37it/s]
Training:  22%|██▏       | 109/500 [00:00<00:02, 147.52it/s]
Training:  25%|██▍       | 124/500 [00:00<00:02, 146.88it/s]
Training:  28%|██▊       | 139/500 [00:00<00:02, 146.98it/s]
Training:  31%|███       | 155/500 [00:01<00:02, 150.37it/s]
Training:  34%|███▍      | 172/500 [00:01<00:02, 154.76it/s]
Training:  38%|███▊      | 188/500 [00:01<00:02, 155.22it/s]
Training:  41%|████      | 204/500 [00:01<00:01, 153.12it/s]
Training:  44%|████▍     | 220/500 [00:01<00:01, 151.46it/s]
Training:  47%|████▋     | 236/500 [00:01<00:01, 148.97it/s]
Training:  50%|█████     | 251/500 [00:01<00:01, 147.65it/s]
Training:  53%|█████▎    | 266/500 [00:01<00:01, 147.27it/s]
Training:  56%|█████▌    | 281/500 [00:01<00:01, 147.38it/s]
Training:  59%|█████▉    | 296/500 [00:01<00:01, 147.98it/s]
Training:  62%|██████▏   | 311/500 [00:02<00:01, 147.55it/s]
Training:  65%|██████▌   | 326/500 [00:02<00:01, 147.26it/s]
Training:  68%|██████▊   | 341/500 [00:02<00:01, 146.84it/s]
Training:  71%|███████   | 356/500 [00:02<00:00, 147.53it/s]
Training:  75%|███████▍  | 373/500 [00:02<00:00, 152.89it/s]
Training:  78%|███████▊  | 391/500 [00:02<00:00, 159.96it/s]
Training:  82%|████████▏ | 408/500 [00:02<00:00, 161.06it/s]
Training:  85%|████████▌ | 425/500 [00:02<00:00, 156.20it/s]
Training:  88%|████████▊ | 441/500 [00:02<00:00, 154.26it/s]
Training:  91%|█████████▏| 457/500 [00:03<00:00, 151.99it/s]
Training:  95%|█████████▍| 473/500 [00:03<00:00, 150.33it/s]
Training:  98%|█████████▊| 489/500 [00:03<00:00, 148.78it/s]
Training: 100%|██████████| 500/500 [00:03<00:00, 150.45it/s]

Training:   0%|          | 0/500 [00:00<?, ?it/s]
Training:   3%|▎         | 14/500 [00:00<00:03, 137.69it/s]
Training:   6%|▌         | 29/500 [00:00<00:03, 143.58it/s]
Training:   9%|▉         | 44/500 [00:00<00:03, 145.58it/s]
Training:  12%|█▏        | 60/500 [00:00<00:02, 147.30it/s]
Training:  15%|█▌        | 76/500 [00:00<00:02, 148.20it/s]
Training:  18%|█▊        | 91/500 [00:00<00:02, 148.28it/s]
Training:  21%|██        | 106/500 [00:00<00:02, 148.52it/s]
Training:  24%|██▍       | 121/500 [00:00<00:02, 148.16it/s]
Training:  27%|██▋       | 136/500 [00:00<00:02, 148.58it/s]
Training:  30%|███       | 151/500 [00:01<00:02, 148.86it/s]
Training:  33%|███▎      | 166/500 [00:01<00:02, 147.74it/s]
Training:  36%|███▌      | 181/500 [00:01<00:02, 143.98it/s]
Training:  39%|███▉      | 196/500 [00:01<00:02, 143.24it/s]
Training:  42%|████▏     | 211/500 [00:01<00:01, 144.65it/s]
Training:  45%|████▌     | 227/500 [00:01<00:01, 145.91it/s]
Training:  48%|████▊     | 242/500 [00:01<00:01, 145.16it/s]
Training:  51%|█████▏    | 257/500 [00:01<00:01, 145.54it/s]
Training:  54%|█████▍    | 272/500 [00:01<00:01, 144.77it/s]
Training:  57%|█████▋    | 287/500 [00:01<00:01, 144.64it/s]
Training:  60%|██████    | 302/500 [00:02<00:01, 144.44it/s]
Training:  63%|██████▎   | 317/500 [00:02<00:01, 145.18it/s]
Training:  66%|██████▋   | 332/500 [00:02<00:01, 145.40it/s]
Training:  69%|██████▉   | 347/500 [00:02<00:01, 145.28it/s]
Training:  72%|███████▏  | 362/500 [00:02<00:00, 145.45it/s]
Training:  75%|███████▌  | 377/500 [00:02<00:00, 145.48it/s]
Training:  78%|███████▊  | 392/500 [00:02<00:00, 146.01it/s]
Training:  81%|████████▏ | 407/500 [00:02<00:00, 146.69it/s]
Training:  84%|████████▍ | 422/500 [00:02<00:00, 146.74it/s]
Training:  87%|████████▋ | 437/500 [00:02<00:00, 147.48it/s]
Training:  90%|█████████ | 452/500 [00:03<00:00, 147.14it/s]
Training:  93%|█████████▎| 467/500 [00:03<00:00, 147.06it/s]
Training:  96%|█████████▋| 482/500 [00:03<00:00, 145.78it/s]
Training:  99%|█████████▉| 497/500 [00:03<00:00, 145.89it/s]
Training: 100%|██████████| 500/500 [00:03<00:00, 145.97it/s]

Training:   0%|          | 0/500 [00:00<?, ?it/s]
Training:   3%|▎         | 15/500 [00:00<00:03, 141.64it/s]
Training:   6%|▌         | 30/500 [00:00<00:03, 144.88it/s]
Training:   9%|▉         | 45/500 [00:00<00:03, 144.82it/s]
Training:  12%|█▏        | 60/500 [00:00<00:03, 144.97it/s]
Training:  15%|█▌        | 75/500 [00:00<00:02, 146.03it/s]
Training:  18%|█▊        | 90/500 [00:00<00:02, 146.29it/s]
Training:  21%|██        | 105/500 [00:00<00:02, 147.11it/s]
Training:  24%|██▍       | 120/500 [00:00<00:02, 146.68it/s]
Training:  27%|██▋       | 135/500 [00:00<00:02, 146.86it/s]
Training:  30%|███       | 151/500 [00:01<00:02, 147.95it/s]
Training:  33%|███▎      | 166/500 [00:01<00:02, 147.15it/s]
Training:  36%|███▌      | 181/500 [00:01<00:02, 146.27it/s]
Training:  39%|███▉      | 196/500 [00:01<00:02, 146.35it/s]
Training:  42%|████▏     | 211/500 [00:01<00:01, 146.38it/s]
Training:  45%|████▌     | 226/500 [00:01<00:01, 147.18it/s]
Training:  48%|████▊     | 241/500 [00:01<00:01, 147.55it/s]
Training:  51%|█████     | 256/500 [00:01<00:01, 146.93it/s]
Training:  54%|█████▍    | 271/500 [00:01<00:01, 146.71it/s]
Training:  57%|█████▋    | 286/500 [00:01<00:01, 146.34it/s]
Training:  60%|██████    | 301/500 [00:02<00:01, 147.09it/s]
Training:  63%|██████▎   | 316/500 [00:02<00:01, 147.01it/s]
Training:  66%|██████▌   | 331/500 [00:02<00:01, 146.53it/s]
Training:  69%|██████▉   | 346/500 [00:02<00:01, 146.26it/s]
Training:  72%|███████▏  | 361/500 [00:02<00:00, 147.01it/s]
Training:  75%|███████▌  | 376/500 [00:02<00:00, 146.80it/s]
Training:  78%|███████▊  | 391/500 [00:02<00:00, 146.09it/s]
Training:  81%|████████  | 406/500 [00:02<00:00, 146.25it/s]
Training:  84%|████████▍ | 421/500 [00:02<00:00, 146.23it/s]
Training:  87%|████████▋ | 436/500 [00:02<00:00, 146.89it/s]
Training:  90%|█████████ | 451/500 [00:03<00:00, 147.29it/s]
Training:  93%|█████████▎| 466/500 [00:03<00:00, 147.05it/s]
Training:  96%|█████████▌| 481/500 [00:03<00:00, 146.71it/s]
Training:  99%|█████████▉| 496/500 [00:03<00:00, 145.15it/s]
Training: 100%|██████████| 500/500 [00:03<00:00, 146.41it/s]

Training:   0%|          | 0/500 [00:00<?, ?it/s]
Training:   3%|▎         | 14/500 [00:00<00:03, 138.93it/s]
Training:   6%|▌         | 29/500 [00:00<00:03, 141.15it/s]
Training:   9%|▉         | 44/500 [00:00<00:03, 142.50it/s]
Training:  12%|█▏        | 59/500 [00:00<00:03, 143.36it/s]
Training:  15%|█▍        | 74/500 [00:00<00:02, 143.91it/s]
Training:  18%|█▊        | 89/500 [00:00<00:02, 143.54it/s]
Training:  21%|██        | 104/500 [00:00<00:02, 145.20it/s]
Training:  24%|██▍       | 119/500 [00:00<00:02, 145.16it/s]
Training:  27%|██▋       | 134/500 [00:00<00:02, 144.98it/s]
Training:  30%|██▉       | 149/500 [00:01<00:02, 146.29it/s]
Training:  33%|███▎      | 164/500 [00:01<00:02, 146.35it/s]
Training:  36%|███▌      | 179/500 [00:01<00:02, 145.95it/s]
Training:  39%|███▉      | 194/500 [00:01<00:02, 145.68it/s]
Training:  42%|████▏     | 209/500 [00:01<00:01, 146.18it/s]
Training:  45%|████▍     | 224/500 [00:01<00:01, 146.57it/s]
Training:  48%|████▊     | 239/500 [00:01<00:01, 146.75it/s]
Training:  51%|█████     | 254/500 [00:01<00:01, 146.84it/s]
Training:  54%|█████▍    | 269/500 [00:01<00:01, 147.31it/s]
Training:  57%|█████▋    | 284/500 [00:01<00:01, 146.52it/s]
Training:  60%|█████▉    | 299/500 [00:02<00:01, 146.22it/s]
Training:  63%|██████▎   | 314/500 [00:02<00:01, 146.46it/s]
Training:  66%|██████▌   | 329/500 [00:02<00:01, 147.05it/s]
Training:  69%|██████▉   | 344/500 [00:02<00:01, 147.17it/s]
Training:  72%|███████▏  | 359/500 [00:02<00:00, 146.70it/s]
Training:  75%|███████▍  | 374/500 [00:02<00:00, 145.38it/s]
Training:  78%|███████▊  | 389/500 [00:02<00:00, 142.93it/s]
Training:  81%|████████  | 406/500 [00:02<00:00, 149.70it/s]
Training:  85%|████████▍ | 424/500 [00:02<00:00, 156.23it/s]
Training:  88%|████████▊ | 442/500 [00:02<00:00, 160.18it/s]
Training:  92%|█████████▏| 459/500 [00:03<00:00, 162.98it/s]
Training:  95%|█████████▌| 476/500 [00:03<00:00, 164.37it/s]
Training:  99%|█████████▊| 493/500 [00:03<00:00, 159.70it/s]
Training: 100%|██████████| 500/500 [00:03<00:00, 149.07it/s]

Training:   0%|          | 0/500 [00:00<?, ?it/s]
Training:   3%|▎         | 15/500 [00:00<00:03, 149.51it/s]
Training:   6%|▌         | 30/500 [00:00<00:03, 148.90it/s]
Training:   9%|▉         | 45/500 [00:00<00:03, 148.22it/s]
Training:  12%|█▏        | 60/500 [00:00<00:02, 148.06it/s]
Training:  15%|█▌        | 75/500 [00:00<00:02, 146.35it/s]
Training:  18%|█▊        | 90/500 [00:00<00:02, 146.50it/s]
Training:  21%|██        | 105/500 [00:00<00:02, 142.45it/s]
Training:  24%|██▍       | 120/500 [00:00<00:02, 143.25it/s]
Training:  27%|██▋       | 136/500 [00:00<00:02, 146.95it/s]
Training:  30%|███       | 152/500 [00:01<00:02, 150.37it/s]
Training:  34%|███▎      | 168/500 [00:01<00:02, 151.57it/s]
Training:  37%|███▋      | 184/500 [00:01<00:02, 149.98it/s]
Training:  40%|████      | 200/500 [00:01<00:02, 147.27it/s]
Training:  43%|████▎     | 216/500 [00:01<00:01, 149.26it/s]
Training:  46%|████▋     | 232/500 [00:01<00:01, 152.00it/s]
Training:  50%|████▉     | 248/500 [00:01<00:01, 149.14it/s]
Training:  53%|█████▎    | 263/500 [00:01<00:01, 148.51it/s]
Training:  56%|█████▌    | 278/500 [00:01<00:01, 147.67it/s]
Training:  59%|█████▊    | 293/500 [00:01<00:01, 146.85it/s]
Training:  62%|██████▏   | 308/500 [00:02<00:01, 147.46it/s]
Training:  65%|██████▍   | 324/500 [00:02<00:01, 147.93it/s]
Training:  68%|██████▊   | 339/500 [00:02<00:01, 148.46it/s]
Training:  71%|███████   | 354/500 [00:02<00:00, 147.39it/s]
Training:  74%|███████▍  | 369/500 [00:02<00:00, 146.78it/s]
Training:  77%|███████▋  | 384/500 [00:02<00:00, 147.09it/s]
Training:  80%|███████▉  | 399/500 [00:02<00:00, 147.43it/s]
Training:  83%|████████▎ | 414/500 [00:02<00:00, 147.69it/s]
Training:  86%|████████▌ | 429/500 [00:02<00:00, 147.55it/s]
Training:  89%|████████▉ | 446/500 [00:03<00:00, 152.02it/s]
Training:  92%|█████████▏| 462/500 [00:03<00:00, 154.04it/s]
Training:  96%|█████████▌| 478/500 [00:03<00:00, 154.11it/s]
Training:  99%|█████████▉| 494/500 [00:03<00:00, 155.70it/s]
Training: 100%|██████████| 500/500 [00:03<00:00, 149.20it/s]

Training:   0%|          | 0/500 [00:00<?, ?it/s]
Training:   3%|▎         | 16/500 [00:00<00:03, 157.73it/s]
Training:   6%|▋         | 32/500 [00:00<00:03, 150.04it/s]
Training:  10%|▉         | 48/500 [00:00<00:03, 147.00it/s]
Training:  13%|█▎        | 63/500 [00:00<00:02, 146.48it/s]
Training:  16%|█▌        | 78/500 [00:00<00:02, 147.62it/s]
Training:  19%|█▊        | 93/500 [00:00<00:02, 145.66it/s]
Training:  22%|██▏       | 108/500 [00:00<00:02, 145.24it/s]
Training:  25%|██▍       | 123/500 [00:00<00:02, 143.29it/s]
Training:  28%|██▊       | 138/500 [00:00<00:02, 143.57it/s]
Training:  31%|███       | 153/500 [00:01<00:02, 143.87it/s]
Training:  34%|███▎      | 168/500 [00:01<00:02, 140.49it/s]
Training:  37%|███▋      | 183/500 [00:01<00:02, 142.28it/s]
Training:  40%|███▉      | 198/500 [00:01<00:02, 143.26it/s]
Training:  43%|████▎     | 213/500 [00:01<00:01, 143.73it/s]
Training:  46%|████▌     | 228/500 [00:01<00:01, 143.32it/s]
Training:  49%|████▊     | 243/500 [00:01<00:01, 141.39it/s]
Training:  52%|█████▏    | 258/500 [00:01<00:01, 141.41it/s]
Training:  55%|█████▍    | 273/500 [00:01<00:01, 143.14it/s]
Training:  58%|█████▊    | 288/500 [00:01<00:01, 143.37it/s]
Training:  61%|██████    | 303/500 [00:02<00:01, 144.76it/s]
Training:  64%|██████▎   | 318/500 [00:02<00:01, 145.56it/s]
Training:  67%|██████▋   | 333/500 [00:02<00:01, 145.05it/s]
Training:  70%|██████▉   | 348/500 [00:02<00:01, 145.77it/s]
Training:  73%|███████▎  | 363/500 [00:02<00:00, 145.06it/s]
Training:  76%|███████▌  | 378/500 [00:02<00:00, 143.72it/s]
Training:  79%|███████▊  | 393/500 [00:02<00:00, 144.53it/s]
Training:  82%|████████▏ | 408/500 [00:02<00:00, 145.12it/s]
Training:  85%|████████▍ | 423/500 [00:02<00:00, 144.54it/s]
Training:  88%|████████▊ | 439/500 [00:03<00:00, 148.75it/s]
Training:  91%|█████████▏| 457/500 [00:03<00:00, 155.89it/s]
Training:  95%|█████████▌| 475/500 [00:03<00:00, 160.94it/s]
Training:  98%|█████████▊| 492/500 [00:03<00:00, 157.37it/s]
Training: 100%|██████████| 500/500 [00:03<00:00, 146.55it/s]

Training:   0%|          | 0/500 [00:00<?, ?it/s]
Training:   3%|▎         | 15/500 [00:00<00:03, 142.52it/s]
Training:   6%|▌         | 30/500 [00:00<00:03, 143.54it/s]
Training:   9%|▉         | 45/500 [00:00<00:03, 144.28it/s]
Training:  12%|█▏        | 60/500 [00:00<00:03, 146.29it/s]
Training:  15%|█▌        | 76/500 [00:00<00:02, 150.24it/s]
Training:  19%|█▊        | 93/500 [00:00<00:02, 154.36it/s]
Training:  22%|██▏       | 109/500 [00:00<00:02, 156.07it/s]
Training:  25%|██▌       | 126/500 [00:00<00:02, 158.02it/s]
Training:  28%|██▊       | 142/500 [00:00<00:02, 157.64it/s]
Training:  32%|███▏      | 158/500 [00:01<00:02, 157.09it/s]
Training:  35%|███▌      | 175/500 [00:01<00:02, 159.52it/s]
Training:  39%|███▊      | 193/500 [00:01<00:01, 164.52it/s]
Training:  42%|████▏     | 211/500 [00:01<00:01, 167.55it/s]
Training:  46%|████▌     | 229/500 [00:01<00:01, 169.13it/s]
Training:  49%|████▉     | 246/500 [00:01<00:01, 168.59it/s]
Training:  53%|█████▎    | 263/500 [00:01<00:01, 166.72it/s]
Training:  56%|█████▌    | 280/500 [00:01<00:01, 166.15it/s]
Training:  59%|█████▉    | 297/500 [00:01<00:01, 165.43it/s]
Training:  63%|██████▎   | 314/500 [00:01<00:01, 163.99it/s]
Training:  66%|██████▌   | 331/500 [00:02<00:01, 160.99it/s]
Training:  70%|██████▉   | 348/500 [00:02<00:00, 161.46it/s]
Training:  73%|███████▎  | 365/500 [00:02<00:00, 161.68it/s]
Training:  76%|███████▋  | 382/500 [00:02<00:00, 162.12it/s]
Training:  80%|███████▉  | 399/500 [00:02<00:00, 161.20it/s]
Training:  83%|████████▎ | 416/500 [00:02<00:00, 161.01it/s]
Training:  87%|████████▋ | 433/500 [00:02<00:00, 160.42it/s]
Training:  90%|█████████ | 450/500 [00:02<00:00, 159.53it/s]
Training:  93%|█████████▎| 466/500 [00:02<00:00, 158.66it/s]
Training:  96%|█████████▋| 482/500 [00:03<00:00, 158.15it/s]
Training: 100%|█████████▉| 498/500 [00:03<00:00, 157.85it/s]
Training: 100%|██████████| 500/500 [00:03<00:00, 159.61it/s]

Training:   0%|          | 0/500 [00:00<?, ?it/s]
Training:   3%|▎         | 17/500 [00:00<00:02, 161.67it/s]
Training:   7%|▋         | 34/500 [00:00<00:02, 158.22it/s]
Training:  10%|█         | 50/500 [00:00<00:02, 151.28it/s]
Training:  13%|█▎        | 66/500 [00:00<00:02, 150.35it/s]
Training:  16%|█▋        | 82/500 [00:00<00:02, 147.11it/s]
Training:  19%|█▉        | 97/500 [00:00<00:02, 142.62it/s]
Training:  23%|██▎       | 113/500 [00:00<00:02, 145.64it/s]
Training:  26%|██▌       | 129/500 [00:00<00:02, 148.75it/s]
Training:  29%|██▉       | 144/500 [00:00<00:02, 148.12it/s]
Training:  32%|███▏      | 159/500 [00:01<00:02, 147.24it/s]
Training:  35%|███▍      | 174/500 [00:01<00:02, 147.31it/s]
Training:  38%|███▊      | 189/500 [00:01<00:02, 146.54it/s]
Training:  41%|████      | 204/500 [00:01<00:02, 146.20it/s]
Training:  44%|████▍     | 219/500 [00:01<00:01, 146.82it/s]
Training:  47%|████▋     | 234/500 [00:01<00:01, 147.30it/s]
Training:  50%|████▉     | 249/500 [00:01<00:01, 148.04it/s]
Training:  53%|█████▎    | 264/500 [00:01<00:01, 147.05it/s]
Training:  56%|█████▌    | 279/500 [00:01<00:01, 146.89it/s]
Training:  59%|█████▉    | 294/500 [00:01<00:01, 147.38it/s]
Training:  62%|██████▏   | 309/500 [00:02<00:01, 147.23it/s]
Training:  65%|██████▍   | 324/500 [00:02<00:01, 146.87it/s]
Training:  68%|██████▊   | 339/500 [00:02<00:01, 146.65it/s]
Training:  71%|███████   | 354/500 [00:02<00:00, 147.03it/s]
Training:  74%|███████▍  | 369/500 [00:02<00:00, 146.40it/s]
Training:  77%|███████▋  | 384/500 [00:02<00:00, 146.79it/s]
Training:  80%|███████▉  | 399/500 [00:02<00:00, 146.99it/s]
Training:  83%|████████▎ | 414/500 [00:02<00:00, 146.95it/s]
Training:  86%|████████▌ | 429/500 [00:02<00:00, 146.85it/s]
Training:  89%|████████▉ | 444/500 [00:03<00:00, 147.48it/s]
Training:  92%|█████████▏| 459/500 [00:03<00:00, 146.47it/s]
Training:  95%|█████████▌| 475/500 [00:03<00:00, 149.63it/s]
Training:  98%|█████████▊| 491/500 [00:03<00:00, 152.07it/s]
Training: 100%|██████████| 500/500 [00:03<00:00, 148.16it/s]

Training:   0%|          | 0/500 [00:00<?, ?it/s]
Training:   3%|▎         | 16/500 [00:00<00:03, 157.17it/s]
Training:   6%|▋         | 32/500 [00:00<00:02, 157.19it/s]
Training:  10%|▉         | 48/500 [00:00<00:02, 157.23it/s]
Training:  13%|█▎        | 64/500 [00:00<00:02, 158.16it/s]
Training:  16%|█▌        | 81/500 [00:00<00:02, 159.41it/s]
Training:  20%|█▉        | 98/500 [00:00<00:02, 159.55it/s]
Training:  23%|██▎       | 114/500 [00:00<00:02, 158.54it/s]
Training:  26%|██▌       | 130/500 [00:00<00:02, 154.73it/s]
Training:  29%|██▉       | 146/500 [00:00<00:02, 152.37it/s]
Training:  32%|███▏      | 162/500 [00:01<00:02, 151.52it/s]
Training:  36%|███▌      | 178/500 [00:01<00:02, 149.68it/s]
Training:  39%|███▊      | 193/500 [00:01<00:02, 148.35it/s]
Training:  42%|████▏     | 208/500 [00:01<00:01, 147.84it/s]
Training:  45%|████▍     | 223/500 [00:01<00:01, 147.57it/s]
Training:  48%|████▊     | 238/500 [00:01<00:01, 147.75it/s]
Training:  51%|█████     | 253/500 [00:01<00:01, 145.71it/s]
Training:  54%|█████▎    | 268/500 [00:01<00:01, 143.99it/s]
Training:  57%|█████▋    | 283/500 [00:01<00:01, 144.80it/s]
Training:  60%|█████▉    | 298/500 [00:01<00:01, 145.34it/s]
Training:  63%|██████▎   | 313/500 [00:02<00:01, 146.11it/s]
Training:  66%|██████▌   | 328/500 [00:02<00:01, 146.39it/s]
Training:  69%|██████▊   | 343/500 [00:02<00:01, 146.82it/s]
Training:  72%|███████▏  | 358/500 [00:02<00:00, 147.45it/s]
Training:  75%|███████▍  | 373/500 [00:02<00:00, 147.96it/s]
Training:  78%|███████▊  | 388/500 [00:02<00:00, 147.91it/s]
Training:  81%|████████  | 403/500 [00:02<00:00, 145.51it/s]
Training:  84%|████████▎ | 418/500 [00:02<00:00, 142.46it/s]
Training:  87%|████████▋ | 433/500 [00:02<00:00, 142.00it/s]
Training:  90%|█████████ | 450/500 [00:03<00:00, 149.74it/s]
Training:  93%|█████████▎| 467/500 [00:03<00:00, 153.15it/s]
Training:  97%|█████████▋| 485/500 [00:03<00:00, 160.68it/s]
Training: 100%|██████████| 500/500 [00:03<00:00, 151.43it/s]

Training:   0%|          | 0/500 [00:00<?, ?it/s]
Training:   3%|▎         | 17/500 [00:00<00:02, 161.50it/s]
Training:   7%|▋         | 34/500 [00:00<00:02, 156.10it/s]
Training:  10%|█         | 50/500 [00:00<00:02, 153.31it/s]
Training:  13%|█▎        | 66/500 [00:00<00:02, 150.37it/s]
Training:  16%|█▋        | 82/500 [00:00<00:02, 148.02it/s]
Training:  19%|█▉        | 97/500 [00:00<00:02, 146.91it/s]
Training:  22%|██▏       | 112/500 [00:00<00:02, 146.49it/s]
Training:  25%|██▌       | 127/500 [00:00<00:02, 146.48it/s]
Training:  29%|██▊       | 143/500 [00:00<00:02, 148.35it/s]
Training:  32%|███▏      | 160/500 [00:01<00:02, 153.15it/s]
Training:  35%|███▌      | 176/500 [00:01<00:02, 153.97it/s]
Training:  38%|███▊      | 192/500 [00:01<00:02, 152.72it/s]
Training:  42%|████▏     | 208/500 [00:01<00:01, 154.41it/s]
Training:  45%|████▌     | 226/500 [00:01<00:01, 159.56it/s]
Training:  48%|████▊     | 242/500 [00:01<00:01, 155.82it/s]
Training:  52%|█████▏    | 258/500 [00:01<00:01, 153.04it/s]
Training:  55%|█████▍    | 274/500 [00:01<00:01, 151.57it/s]
Training:  58%|█████▊    | 290/500 [00:01<00:01, 150.59it/s]
Training:  61%|██████    | 306/500 [00:02<00:01, 150.45it/s]
Training:  64%|██████▍   | 322/500 [00:02<00:01, 149.77it/s]
Training:  67%|██████▋   | 337/500 [00:02<00:01, 144.81it/s]
Training:  71%|███████   | 353/500 [00:02<00:00, 147.32it/s]
Training:  74%|███████▍  | 370/500 [00:02<00:00, 152.34it/s]
Training:  77%|███████▋  | 387/500 [00:02<00:00, 157.20it/s]
Training:  81%|████████  | 405/500 [00:02<00:00, 162.51it/s]
Training:  85%|████████▍ | 423/500 [00:02<00:00, 166.21it/s]
Training:  88%|████████▊ | 441/500 [00:02<00:00, 168.73it/s]
Training:  92%|█████████▏| 459/500 [00:02<00:00, 171.12it/s]
Training:  95%|█████████▌| 477/500 [00:03<00:00, 168.00it/s]
Training:  99%|█████████▉| 494/500 [00:03<00:00, 166.83it/s]
Training: 100%|██████████| 500/500 [00:03<00:00, 155.82it/s]

Training:   0%|          | 0/500 [00:00<?, ?it/s]
Training:   4%|▍         | 19/500 [00:00<00:02, 180.93it/s]
Training:   8%|▊         | 38/500 [00:00<00:02, 175.75it/s]
Training:  11%|█         | 56/500 [00:00<00:02, 172.10it/s]
Training:  15%|█▍        | 74/500 [00:00<00:02, 169.68it/s]
Training:  18%|█▊        | 91/500 [00:00<00:02, 168.74it/s]
Training:  22%|██▏       | 108/500 [00:00<00:02, 168.05it/s]
Training:  25%|██▌       | 125/500 [00:00<00:02, 166.70it/s]
Training:  28%|██▊       | 142/500 [00:00<00:02, 166.67it/s]
Training:  32%|███▏      | 159/500 [00:00<00:02, 166.44it/s]
Training:  35%|███▌      | 176/500 [00:01<00:01, 166.74it/s]
Training:  39%|███▊      | 193/500 [00:01<00:01, 165.66it/s]
Training:  42%|████▏     | 210/500 [00:01<00:01, 163.63it/s]
Training:  45%|████▌     | 227/500 [00:01<00:01, 163.68it/s]
Training:  49%|████▉     | 244/500 [00:01<00:01, 162.92it/s]
Training:  52%|█████▏    | 261/500 [00:01<00:01, 164.01it/s]
Training:  56%|█████▌    | 278/500 [00:01<00:01, 160.50it/s]
Training:  59%|█████▉    | 295/500 [00:01<00:01, 156.96it/s]
Training:  62%|██████▏   | 311/500 [00:01<00:01, 156.24it/s]
Training:  66%|██████▌   | 329/500 [00:01<00:01, 161.40it/s]
Training:  69%|██████▉   | 347/500 [00:02<00:00, 165.08it/s]
Training:  73%|███████▎  | 364/500 [00:02<00:00, 164.60it/s]
Training:  76%|███████▌  | 381/500 [00:02<00:00, 158.62it/s]
Training:  79%|███████▉  | 397/500 [00:02<00:00, 154.77it/s]
Training:  83%|████████▎ | 413/500 [00:02<00:00, 152.62it/s]
Training:  86%|████████▌ | 429/500 [00:02<00:00, 150.91it/s]
Training:  89%|████████▉ | 446/500 [00:02<00:00, 154.11it/s]
Training:  93%|█████████▎| 463/500 [00:02<00:00, 156.63it/s]
Training:  96%|█████████▌| 480/500 [00:02<00:00, 158.44it/s]
Training:  99%|█████████▉| 496/500 [00:03<00:00, 158.33it/s]
Training: 100%|██████████| 500/500 [00:03<00:00, 161.84it/s]

Training:   0%|          | 0/500 [00:00<?, ?it/s]
Training:   3%|▎         | 16/500 [00:00<00:03, 151.70it/s]
Training:   6%|▋         | 32/500 [00:00<00:03, 154.10it/s]
Training:  10%|▉         | 49/500 [00:00<00:02, 160.82it/s]
Training:  13%|█▎        | 66/500 [00:00<00:02, 158.02it/s]
Training:  16%|█▋        | 82/500 [00:00<00:02, 154.08it/s]
Training:  20%|█▉        | 98/500 [00:00<00:02, 149.54it/s]
Training:  23%|██▎       | 114/500 [00:00<00:02, 152.13it/s]
Training:  26%|██▋       | 132/500 [00:00<00:02, 157.90it/s]
Training:  30%|███       | 150/500 [00:00<00:02, 161.93it/s]
Training:  33%|███▎      | 167/500 [00:01<00:02, 160.55it/s]
Training:  37%|███▋      | 184/500 [00:01<00:02, 156.22it/s]
Training:  40%|████      | 200/500 [00:01<00:01, 155.12it/s]
Training:  43%|████▎     | 216/500 [00:01<00:01, 156.28it/s]
Training:  47%|████▋     | 233/500 [00:01<00:01, 159.62it/s]
Training:  50%|█████     | 251/500 [00:01<00:01, 163.99it/s]
Training:  54%|█████▍    | 269/500 [00:01<00:01, 166.98it/s]
Training:  57%|█████▋    | 287/500 [00:01<00:01, 168.78it/s]
Training:  61%|██████    | 304/500 [00:01<00:01, 165.85it/s]
Training:  64%|██████▍   | 321/500 [00:02<00:01, 163.86it/s]
Training:  68%|██████▊   | 338/500 [00:02<00:01, 158.53it/s]
Training:  71%|███████   | 354/500 [00:02<00:00, 155.42it/s]
Training:  74%|███████▍  | 371/500 [00:02<00:00, 157.26it/s]
Training:  77%|███████▋  | 387/500 [00:02<00:00, 158.02it/s]
Training:  81%|████████  | 404/500 [00:02<00:00, 159.19it/s]
Training:  84%|████████▍ | 420/500 [00:02<00:00, 158.35it/s]
Training:  87%|████████▋ | 436/500 [00:02<00:00, 158.20it/s]
Training:  90%|█████████ | 452/500 [00:02<00:00, 154.32it/s]
Training:  94%|█████████▎| 468/500 [00:02<00:00, 152.22it/s]
Training:  97%|█████████▋| 484/500 [00:03<00:00, 151.80it/s]
Training: 100%|██████████| 500/500 [00:03<00:00, 152.70it/s]
Training: 100%|██████████| 500/500 [00:03<00:00, 157.54it/s]

Training:   0%|          | 0/500 [00:00<?, ?it/s]
Training:   3%|▎         | 14/500 [00:00<00:03, 137.49it/s]
Training:   6%|▌         | 29/500 [00:00<00:03, 142.79it/s]
Training:   9%|▉         | 44/500 [00:00<00:03, 143.52it/s]
Training:  12%|█▏        | 59/500 [00:00<00:03, 144.44it/s]
Training:  15%|█▍        | 74/500 [00:00<00:02, 143.05it/s]
Training:  18%|█▊        | 89/500 [00:00<00:02, 143.65it/s]
Training:  21%|██        | 106/500 [00:00<00:02, 149.28it/s]
Training:  25%|██▍       | 123/500 [00:00<00:02, 153.92it/s]
Training:  28%|██▊       | 139/500 [00:00<00:02, 150.03it/s]
Training:  31%|███       | 155/500 [00:01<00:02, 148.15it/s]
Training:  34%|███▍      | 170/500 [00:01<00:02, 143.11it/s]
Training:  37%|███▋      | 185/500 [00:01<00:02, 144.86it/s]
Training:  40%|████      | 201/500 [00:01<00:02, 148.25it/s]
Training:  43%|████▎     | 217/500 [00:01<00:01, 149.91it/s]
Training:  47%|████▋     | 233/500 [00:01<00:01, 150.47it/s]
Training:  50%|████▉     | 249/500 [00:01<00:01, 151.03it/s]
Training:  53%|█████▎    | 266/500 [00:01<00:01, 154.04it/s]
Training:  56%|█████▋    | 282/500 [00:01<00:01, 155.59it/s]
Training:  60%|█████▉    | 298/500 [00:01<00:01, 155.18it/s]
Training:  63%|██████▎   | 314/500 [00:02<00:01, 152.26it/s]
Training:  66%|██████▌   | 330/500 [00:02<00:01, 150.83it/s]
Training:  69%|██████▉   | 346/500 [00:02<00:01, 149.79it/s]
Training:  72%|███████▏  | 361/500 [00:02<00:00, 148.48it/s]
Training:  75%|███████▌  | 376/500 [00:02<00:00, 147.41it/s]
Training:  78%|███████▊  | 391/500 [00:02<00:00, 146.58it/s]
Training:  81%|████████  | 406/500 [00:02<00:00, 146.21it/s]
Training:  84%|████████▍ | 421/500 [00:02<00:00, 146.64it/s]
Training:  87%|████████▋ | 436/500 [00:02<00:00, 145.13it/s]
Training:  90%|█████████ | 451/500 [00:03<00:00, 146.37it/s]
Training:  93%|█████████▎| 466/500 [00:03<00:00, 143.61it/s]
Training:  96%|█████████▌| 481/500 [00:03<00:00, 139.29it/s]
Training:  99%|█████████▉| 496/500 [00:03<00:00, 140.84it/s]
Training: 100%|██████████| 500/500 [00:03<00:00, 147.07it/s]

Training:   0%|          | 0/500 [00:00<?, ?it/s]
Training:   3%|▎         | 16/500 [00:00<00:03, 150.48it/s]
Training:   6%|▋         | 32/500 [00:00<00:03, 149.12it/s]
Training:   9%|▉         | 47/500 [00:00<00:03, 146.81it/s]
Training:  12%|█▏        | 62/500 [00:00<00:02, 147.08it/s]
Training:  15%|█▌        | 77/500 [00:00<00:02, 145.97it/s]
Training:  18%|█▊        | 92/500 [00:00<00:02, 145.70it/s]
Training:  21%|██▏       | 107/500 [00:00<00:02, 145.01it/s]
Training:  24%|██▍       | 122/500 [00:00<00:02, 146.32it/s]
Training:  27%|██▋       | 137/500 [00:00<00:02, 146.51it/s]
Training:  30%|███       | 152/500 [00:01<00:02, 146.36it/s]
Training:  33%|███▎      | 167/500 [00:01<00:02, 146.38it/s]
Training:  36%|███▋      | 182/500 [00:01<00:02, 146.00it/s]
Training:  39%|███▉      | 197/500 [00:01<00:02, 144.52it/s]
Training:  42%|████▏     | 212/500 [00:01<00:01, 144.46it/s]
Training:  45%|████▌     | 227/500 [00:01<00:01, 144.57it/s]
Training:  48%|████▊     | 242/500 [00:01<00:01, 145.98it/s]
Training:  51%|█████▏    | 257/500 [00:01<00:01, 146.25it/s]
Training:  54%|█████▍    | 272/500 [00:01<00:01, 142.65it/s]
Training:  57%|█████▋    | 287/500 [00:01<00:01, 143.17it/s]
Training:  60%|██████    | 302/500 [00:02<00:01, 142.54it/s]
Training:  63%|██████▎   | 317/500 [00:02<00:01, 143.08it/s]
Training:  67%|██████▋   | 334/500 [00:02<00:01, 148.48it/s]
Training:  70%|███████   | 351/500 [00:02<00:00, 152.33it/s]
Training:  74%|███████▎  | 368/500 [00:02<00:00, 155.07it/s]
Training:  77%|███████▋  | 385/500 [00:02<00:00, 156.61it/s]
Training:  80%|████████  | 401/500 [00:02<00:00, 156.48it/s]
Training:  83%|████████▎ | 417/500 [00:02<00:00, 157.31it/s]
Training:  87%|████████▋ | 433/500 [00:02<00:00, 157.88it/s]
Training:  90%|█████████ | 450/500 [00:03<00:00, 158.70it/s]
Training:  93%|█████████▎| 467/500 [00:03<00:00, 159.76it/s]
Training:  97%|█████████▋| 483/500 [00:03<00:00, 156.26it/s]
Training: 100%|█████████▉| 499/500 [00:03<00:00, 152.30it/s]
Training: 100%|██████████| 500/500 [00:03<00:00, 149.37it/s]
