[INFO] Host: gpu-4-22.int.turing.wpi.edu
[INFO] CUDA devices:
Wed Apr 22 15:36:58 2026       
+-----------------------------------------------------------------------------------------+
| NVIDIA-SMI 570.133.20             Driver Version: 570.133.20     CUDA Version: 12.8     |
|-----------------------------------------+------------------------+----------------------+
| GPU  Name                 Persistence-M | Bus-Id          Disp.A | Volatile Uncorr. ECC |
| Fan  Temp   Perf          Pwr:Usage/Cap |           Memory-Usage | GPU-Util  Compute M. |
|                                         |                        |               MIG M. |
|=========================================+========================+======================|
|   0  NVIDIA A30                     On  |   00000000:CA:00.0 Off |                    0 |
| N/A   31C    P0             27W /  165W |       0MiB /  24576MiB |      0%      Default |
|                                         |                        |             Disabled |
+-----------------------------------------+------------------------+----------------------+
                                                                                         
+-----------------------------------------------------------------------------------------+
| Processes:                                                                              |
|  GPU   GI   CI              PID   Type   Process name                        GPU Memory |
|        ID   ID                                                               Usage      |
|=========================================================================================|
|  No running processes found                                                             |
+-----------------------------------------------------------------------------------------+
[INFO] Ensuring datasets are available
[INFO] Verifying PyTorch CUDA availability
[INFO] torch=2.5.1+cu124, cuda_available=True
[INFO] Preparing training pairs
[INFO] Preparing validation pairs
Generating positive pairs...
Generating negative pairs...
[INFO] Saved validation pairs: validation_test/X_Y_test100_pairs.pkl
[INFO] pairs shape: (10000, 2, 100, 6), labels shape: (10000,)
[INFO] Running baseline training
Starting training process...
Epoch 1/15 - Train Loss: 0.6622, Train Acc: 0.5802, Val Loss: 0.6391, Val Acc: 0.6082
  -> Saved best model with val_acc: 0.6082
Epoch 2/15 - Train Loss: 0.6271, Train Acc: 0.6335, Val Loss: 0.6314, Val Acc: 0.6372
  -> Saved best model with val_acc: 0.6372
Epoch 3/15 - Train Loss: 0.6205, Train Acc: 0.6356, Val Loss: 0.5755, Val Acc: 0.6813
  -> Saved best model with val_acc: 0.6813
Epoch 4/15 - Train Loss: 0.5890, Train Acc: 0.6684, Val Loss: 0.5733, Val Acc: 0.6777
Epoch 5/15 - Train Loss: 0.5754, Train Acc: 0.6785, Val Loss: 0.5576, Val Acc: 0.6955
  -> Saved best model with val_acc: 0.6955
Epoch 6/15 - Train Loss: 0.5650, Train Acc: 0.6864, Val Loss: 0.5502, Val Acc: 0.6890
Epoch 7/15 - Train Loss: 0.5539, Train Acc: 0.6931, Val Loss: 0.5484, Val Acc: 0.7070
  -> Saved best model with val_acc: 0.7070
Epoch 8/15 - Train Loss: 0.5475, Train Acc: 0.7003, Val Loss: 0.5416, Val Acc: 0.6997
Epoch 9/15 - Train Loss: 0.5407, Train Acc: 0.7034, Val Loss: 0.5443, Val Acc: 0.7073
  -> Saved best model with val_acc: 0.7073
Epoch 10/15 - Train Loss: 0.5323, Train Acc: 0.7066, Val Loss: 0.5363, Val Acc: 0.7067
Epoch 11/15 - Train Loss: 0.5315, Train Acc: 0.7074, Val Loss: 0.5312, Val Acc: 0.7050
Epoch 12/15 - Train Loss: 0.5270, Train Acc: 0.7101, Val Loss: 0.5328, Val Acc: 0.7167
  -> Saved best model with val_acc: 0.7167
Epoch 13/15 - Train Loss: 0.5216, Train Acc: 0.7164, Val Loss: 0.5248, Val Acc: 0.7173
  -> Saved best model with val_acc: 0.7173
Epoch 14/15 - Train Loss: 0.5172, Train Acc: 0.7182, Val Loss: 0.5258, Val Acc: 0.7235
  -> Saved best model with val_acc: 0.7235
Epoch 15/15 - Train Loss: 0.5164, Train Acc: 0.7189, Val Loss: 0.5364, Val Acc: 0.7173
Training complete. Best validation accuracy: 0.7235
[INFO] Running baseline validation
Starting testing process...
Accuracy=0.7720
[INFO] Running v2 training
Epoch 1/25 - Train Loss: 0.6234, Train Acc: 0.6439, Val Loss: 0.5762, Val Acc: 0.6895
  -> Saved best model with val_acc: 0.6895
Epoch 2/25 - Train Loss: 0.5789, Train Acc: 0.6868, Val Loss: 0.5640, Val Acc: 0.6910
  -> Saved best model with val_acc: 0.6910
Epoch 3/25 - Train Loss: 0.5484, Train Acc: 0.7045, Val Loss: 0.5313, Val Acc: 0.7190
  -> Saved best model with val_acc: 0.7190
Epoch 4/25 - Train Loss: 0.5235, Train Acc: 0.7263, Val Loss: 0.4959, Val Acc: 0.7412
  -> Saved best model with val_acc: 0.7412
Epoch 5/25 - Train Loss: 0.4970, Train Acc: 0.7479, Val Loss: 0.4727, Val Acc: 0.7630
  -> Saved best model with val_acc: 0.7630
Epoch 6/25 - Train Loss: 0.4734, Train Acc: 0.7700, Val Loss: 0.4610, Val Acc: 0.7682
  -> Saved best model with val_acc: 0.7682
Epoch 7/25 - Train Loss: 0.4503, Train Acc: 0.7839, Val Loss: 0.4217, Val Acc: 0.8097
  -> Saved best model with val_acc: 0.8097
Epoch 8/25 - Train Loss: 0.4327, Train Acc: 0.7983, Val Loss: 0.4172, Val Acc: 0.8040
Epoch 9/25 - Train Loss: 0.4167, Train Acc: 0.8058, Val Loss: 0.4013, Val Acc: 0.8083
Epoch 10/25 - Train Loss: 0.4064, Train Acc: 0.8095, Val Loss: 0.4062, Val Acc: 0.8085
Epoch 11/25 - Train Loss: 0.3945, Train Acc: 0.8140, Val Loss: 0.3873, Val Acc: 0.8170
  -> Saved best model with val_acc: 0.8170
Epoch 12/25 - Train Loss: 0.3872, Train Acc: 0.8184, Val Loss: 0.3805, Val Acc: 0.8175
  -> Saved best model with val_acc: 0.8175
Epoch 13/25 - Train Loss: 0.3810, Train Acc: 0.8216, Val Loss: 0.3688, Val Acc: 0.8277
  -> Saved best model with val_acc: 0.8277
Epoch 14/25 - Train Loss: 0.3731, Train Acc: 0.8253, Val Loss: 0.3722, Val Acc: 0.8223
Epoch 15/25 - Train Loss: 0.3646, Train Acc: 0.8326, Val Loss: 0.3698, Val Acc: 0.8277
Epoch 16/25 - Train Loss: 0.3609, Train Acc: 0.8356, Val Loss: 0.3626, Val Acc: 0.8325
  -> Saved best model with val_acc: 0.8325
Epoch 17/25 - Train Loss: 0.3569, Train Acc: 0.8379, Val Loss: 0.3724, Val Acc: 0.8313
Epoch 18/25 - Train Loss: 0.3552, Train Acc: 0.8356, Val Loss: 0.3676, Val Acc: 0.8365
  -> Saved best model with val_acc: 0.8365
Epoch 19/25 - Train Loss: 0.3463, Train Acc: 0.8398, Val Loss: 0.3656, Val Acc: 0.8390
  -> Saved best model with val_acc: 0.8390
Epoch 20/25 - Train Loss: 0.3412, Train Acc: 0.8441, Val Loss: 0.3520, Val Acc: 0.8430
  -> Saved best model with val_acc: 0.8430
Epoch 21/25 - Train Loss: 0.3396, Train Acc: 0.8467, Val Loss: 0.3539, Val Acc: 0.8442
  -> Saved best model with val_acc: 0.8442
Epoch 22/25 - Train Loss: 0.3347, Train Acc: 0.8455, Val Loss: 0.3526, Val Acc: 0.8385
Epoch 23/25 - Train Loss: 0.3388, Train Acc: 0.8471, Val Loss: 0.3511, Val Acc: 0.8403
Epoch 24/25 - Train Loss: 0.3261, Train Acc: 0.8536, Val Loss: 0.3854, Val Acc: 0.8223
Epoch 25/25 - Train Loss: 0.3217, Train Acc: 0.8539, Val Loss: 0.3565, Val Acc: 0.8383
Training complete. Best validation accuracy: 0.8442
[INFO] Running v2 validation
Accuracy=0.8492
[INFO] Done. Baseline and v2 training/validation completed.
