
Training:   0%|          | 0/500 [00:00<?, ?it/s]
Training:   0%|          | 1/500 [00:00<05:15,  1.58it/s]
Training:   3%|▎         | 17/500 [00:00<00:15, 30.66it/s]
Training:   7%|▋         | 34/500 [00:00<00:07, 59.30it/s]
Training:  10%|█         | 51/500 [00:00<00:05, 83.93it/s]
Training:  14%|█▍        | 69/500 [00:01<00:04, 106.92it/s]
Training:  17%|█▋        | 87/500 [00:01<00:03, 125.63it/s]
Training:  21%|██▏       | 107/500 [00:01<00:02, 144.07it/s]
Training:  25%|██▌       | 125/500 [00:01<00:02, 153.61it/s]
Training:  29%|██▉       | 144/500 [00:01<00:02, 163.05it/s]
Training:  33%|███▎      | 163/500 [00:01<00:01, 168.96it/s]
Training:  36%|███▌      | 181/500 [00:01<00:01, 170.62it/s]
Training:  40%|███▉      | 199/500 [00:01<00:01, 172.97it/s]
Training:  44%|████▎     | 218/500 [00:01<00:01, 175.96it/s]
Training:  47%|████▋     | 236/500 [00:01<00:01, 176.89it/s]
Training:  51%|█████     | 254/500 [00:02<00:01, 173.35it/s]
Training:  55%|█████▍    | 274/500 [00:02<00:01, 179.01it/s]
Training:  59%|█████▊    | 293/500 [00:02<00:01, 179.68it/s]
Training:  62%|██████▏   | 312/500 [00:02<00:01, 178.94it/s]
Training:  66%|██████▌   | 331/500 [00:02<00:00, 179.84it/s]
Training:  70%|███████   | 350/500 [00:02<00:00, 180.62it/s]
Training:  74%|███████▍  | 371/500 [00:02<00:00, 186.87it/s]
Training:  78%|███████▊  | 392/500 [00:02<00:00, 192.11it/s]
Training:  82%|████████▏ | 412/500 [00:02<00:00, 190.05it/s]
Training:  86%|████████▋ | 432/500 [00:03<00:00, 185.75it/s]
Training:  90%|█████████ | 451/500 [00:03<00:00, 184.67it/s]
Training:  94%|█████████▍| 470/500 [00:03<00:00, 183.50it/s]
Training:  98%|█████████▊| 489/500 [00:03<00:00, 181.24it/s]
Training: 100%|██████████| 500/500 [00:03<00:00, 146.71it/s]

Training:   0%|          | 0/500 [00:00<?, ?it/s]
Training:   5%|▍         | 24/500 [00:00<00:02, 231.19it/s]
Training:  10%|▉         | 48/500 [00:00<00:01, 230.71it/s]
Training:  14%|█▍        | 72/500 [00:00<00:01, 228.94it/s]
Training:  19%|█▉        | 95/500 [00:00<00:01, 211.56it/s]
Training:  23%|██▎       | 117/500 [00:00<00:01, 198.02it/s]
Training:  27%|██▋       | 137/500 [00:00<00:01, 194.02it/s]
Training:  32%|███▏      | 158/500 [00:00<00:01, 197.38it/s]
Training:  36%|███▌      | 178/500 [00:00<00:01, 195.84it/s]
Training:  40%|███▉      | 198/500 [00:00<00:01, 191.23it/s]
Training:  44%|████▎     | 218/500 [00:01<00:01, 189.97it/s]
Training:  48%|████▊     | 238/500 [00:01<00:01, 191.84it/s]
Training:  52%|█████▏    | 258/500 [00:01<00:01, 191.28it/s]
Training:  56%|█████▌    | 278/500 [00:01<00:01, 192.13it/s]
Training:  60%|█████▉    | 298/500 [00:01<00:01, 192.40it/s]
Training:  64%|██████▎   | 318/500 [00:01<00:00, 193.18it/s]
Training:  68%|██████▊   | 338/500 [00:01<00:00, 194.40it/s]
Training:  72%|███████▏  | 358/500 [00:01<00:00, 190.48it/s]
Training:  76%|███████▌  | 378/500 [00:01<00:00, 189.69it/s]
Training:  79%|███████▉  | 397/500 [00:02<00:00, 188.10it/s]
Training:  83%|████████▎ | 416/500 [00:02<00:00, 188.27it/s]
Training:  87%|████████▋ | 435/500 [00:02<00:00, 186.94it/s]
Training:  91%|█████████ | 454/500 [00:02<00:00, 186.10it/s]
Training:  95%|█████████▍| 473/500 [00:02<00:00, 186.06it/s]
Training:  98%|█████████▊| 492/500 [00:02<00:00, 186.07it/s]
Training: 100%|██████████| 500/500 [00:02<00:00, 193.52it/s]

Training:   0%|          | 0/500 [00:00<?, ?it/s]
Training:   4%|▍         | 19/500 [00:00<00:02, 188.84it/s]
Training:   8%|▊         | 38/500 [00:00<00:02, 186.40it/s]
Training:  11%|█▏        | 57/500 [00:00<00:02, 187.72it/s]
Training:  16%|█▌        | 78/500 [00:00<00:02, 194.86it/s]
Training:  20%|██        | 100/500 [00:00<00:01, 200.98it/s]
Training:  24%|██▍       | 122/500 [00:00<00:01, 204.30it/s]
Training:  29%|██▊       | 143/500 [00:00<00:01, 204.96it/s]
Training:  33%|███▎      | 164/500 [00:00<00:01, 204.51it/s]
Training:  37%|███▋      | 185/500 [00:00<00:01, 199.68it/s]
Training:  41%|████      | 205/500 [00:01<00:01, 197.24it/s]
Training:  45%|████▌     | 225/500 [00:01<00:01, 195.17it/s]
Training:  49%|████▉     | 245/500 [00:01<00:01, 190.77it/s]
Training:  53%|█████▎    | 265/500 [00:01<00:01, 188.81it/s]
Training:  57%|█████▋    | 284/500 [00:01<00:01, 186.64it/s]
Training:  61%|██████    | 304/500 [00:01<00:01, 188.17it/s]
Training:  65%|██████▍   | 323/500 [00:01<00:00, 188.23it/s]
Training:  68%|██████▊   | 342/500 [00:01<00:00, 187.99it/s]
Training:  72%|███████▏  | 362/500 [00:01<00:00, 189.06it/s]
Training:  76%|███████▌  | 381/500 [00:01<00:00, 189.18it/s]
Training:  80%|████████  | 400/500 [00:02<00:00, 189.15it/s]
Training:  84%|████████▍ | 419/500 [00:02<00:00, 189.26it/s]
Training:  88%|████████▊ | 438/500 [00:02<00:00, 188.17it/s]
Training:  91%|█████████▏| 457/500 [00:02<00:00, 185.75it/s]
Training:  95%|█████████▌| 476/500 [00:02<00:00, 186.83it/s]
Training:  99%|█████████▉| 496/500 [00:02<00:00, 187.67it/s]
Training: 100%|██████████| 500/500 [00:02<00:00, 191.53it/s]

Training:   0%|          | 0/500 [00:00<?, ?it/s]
Training:   4%|▍         | 19/500 [00:00<00:02, 189.06it/s]
Training:   8%|▊         | 38/500 [00:00<00:02, 187.53it/s]
Training:  11%|█▏        | 57/500 [00:00<00:02, 187.75it/s]
Training:  15%|█▌        | 76/500 [00:00<00:02, 187.15it/s]
Training:  19%|█▉        | 95/500 [00:00<00:02, 187.75it/s]
Training:  23%|██▎       | 114/500 [00:00<00:02, 188.34it/s]
Training:  27%|██▋       | 133/500 [00:00<00:01, 188.62it/s]
Training:  30%|███       | 152/500 [00:00<00:01, 188.88it/s]
Training:  34%|███▍      | 171/500 [00:00<00:01, 188.30it/s]
Training:  38%|███▊      | 191/500 [00:01<00:01, 188.90it/s]
Training:  42%|████▏     | 210/500 [00:01<00:01, 185.78it/s]
Training:  46%|████▌     | 229/500 [00:01<00:01, 184.79it/s]
Training:  50%|████▉     | 248/500 [00:01<00:01, 184.92it/s]
Training:  53%|█████▎    | 267/500 [00:01<00:01, 184.81it/s]
Training:  57%|█████▋    | 286/500 [00:01<00:01, 183.15it/s]
Training:  61%|██████    | 305/500 [00:01<00:01, 183.10it/s]
Training:  65%|██████▍   | 324/500 [00:01<00:00, 183.45it/s]
Training:  69%|██████▊   | 343/500 [00:01<00:00, 183.66it/s]
Training:  72%|███████▏  | 362/500 [00:01<00:00, 176.44it/s]
Training:  76%|███████▌  | 380/500 [00:02<00:00, 176.72it/s]
Training:  80%|███████▉  | 398/500 [00:02<00:00, 176.43it/s]
Training:  83%|████████▎ | 417/500 [00:02<00:00, 178.93it/s]
Training:  87%|████████▋ | 435/500 [00:02<00:00, 179.11it/s]
Training:  91%|█████████ | 453/500 [00:02<00:00, 177.84it/s]
Training:  94%|█████████▍| 471/500 [00:02<00:00, 177.52it/s]
Training:  98%|█████████▊| 489/500 [00:02<00:00, 174.40it/s]
Training: 100%|██████████| 500/500 [00:02<00:00, 182.33it/s]

Training:   0%|          | 0/500 [00:00<?, ?it/s]
Training:   4%|▍         | 19/500 [00:00<00:02, 182.00it/s]
Training:   8%|▊         | 38/500 [00:00<00:02, 177.65it/s]
Training:  12%|█▏        | 59/500 [00:00<00:02, 187.29it/s]
Training:  16%|█▌        | 79/500 [00:00<00:02, 189.92it/s]
Training:  20%|█▉        | 99/500 [00:00<00:02, 188.62it/s]
Training:  24%|██▎       | 118/500 [00:00<00:02, 182.96it/s]
Training:  27%|██▋       | 137/500 [00:00<00:01, 181.89it/s]
Training:  31%|███       | 156/500 [00:00<00:01, 181.32it/s]
Training:  35%|███▌      | 175/500 [00:00<00:01, 177.00it/s]
Training:  39%|███▉      | 194/500 [00:01<00:01, 177.88it/s]
Training:  43%|████▎     | 213/500 [00:01<00:01, 179.50it/s]
Training:  46%|████▌     | 231/500 [00:01<00:01, 178.05it/s]
Training:  50%|████▉     | 249/500 [00:01<00:01, 177.25it/s]
Training:  53%|█████▎    | 267/500 [00:01<00:01, 177.56it/s]
Training:  57%|█████▋    | 286/500 [00:01<00:01, 179.09it/s]
Training:  61%|██████    | 305/500 [00:01<00:01, 180.06it/s]
Training:  65%|██████▍   | 324/500 [00:01<00:00, 181.88it/s]
Training:  69%|██████▊   | 343/500 [00:01<00:00, 181.32it/s]
Training:  72%|███████▏  | 362/500 [00:01<00:00, 182.83it/s]
Training:  76%|███████▌  | 381/500 [00:02<00:00, 183.43it/s]
Training:  80%|████████  | 400/500 [00:02<00:00, 185.26it/s]
Training:  84%|████████▍ | 419/500 [00:02<00:00, 185.90it/s]
Training:  88%|████████▊ | 438/500 [00:02<00:00, 185.94it/s]
Training:  91%|█████████▏| 457/500 [00:02<00:00, 186.78it/s]
Training:  95%|█████████▌| 476/500 [00:02<00:00, 187.08it/s]
Training:  99%|█████████▉| 495/500 [00:02<00:00, 186.53it/s]
Training: 100%|██████████| 500/500 [00:02<00:00, 182.74it/s]

Training:   0%|          | 0/500 [00:00<?, ?it/s]
Training:   4%|▍         | 19/500 [00:00<00:02, 184.19it/s]
Training:   8%|▊         | 38/500 [00:00<00:02, 185.17it/s]
Training:  12%|█▏        | 58/500 [00:00<00:02, 187.64it/s]
Training:  15%|█▌        | 77/500 [00:00<00:02, 187.56it/s]
Training:  19%|█▉        | 96/500 [00:00<00:02, 187.46it/s]
Training:  23%|██▎       | 115/500 [00:00<00:02, 187.53it/s]
Training:  27%|██▋       | 134/500 [00:00<00:01, 187.56it/s]
Training:  31%|███       | 153/500 [00:00<00:01, 187.21it/s]
Training:  35%|███▍      | 173/500 [00:00<00:01, 188.84it/s]
Training:  39%|███▊      | 193/500 [00:01<00:01, 190.16it/s]
Training:  43%|████▎     | 213/500 [00:01<00:01, 190.58it/s]
Training:  47%|████▋     | 233/500 [00:01<00:01, 191.99it/s]
Training:  51%|█████     | 253/500 [00:01<00:01, 192.70it/s]
Training:  55%|█████▍    | 273/500 [00:01<00:01, 193.18it/s]
Training:  59%|█████▊    | 293/500 [00:01<00:01, 193.24it/s]
Training:  63%|██████▎   | 313/500 [00:01<00:00, 192.98it/s]
Training:  67%|██████▋   | 333/500 [00:01<00:00, 191.45it/s]
Training:  71%|███████   | 353/500 [00:01<00:00, 191.57it/s]
Training:  75%|███████▍  | 373/500 [00:01<00:00, 191.11it/s]
Training:  79%|███████▊  | 393/500 [00:02<00:00, 188.23it/s]
Training:  82%|████████▏ | 412/500 [00:02<00:00, 184.91it/s]
Training:  86%|████████▌ | 431/500 [00:02<00:00, 184.74it/s]
Training:  90%|█████████ | 450/500 [00:02<00:00, 183.07it/s]
Training:  94%|█████████▍| 469/500 [00:02<00:00, 182.65it/s]
Training:  98%|█████████▊| 488/500 [00:02<00:00, 183.42it/s]
Training: 100%|██████████| 500/500 [00:02<00:00, 187.84it/s]

Training:   0%|          | 0/500 [00:00<?, ?it/s]
Training:   4%|▎         | 18/500 [00:00<00:02, 176.32it/s]
Training:   7%|▋         | 36/500 [00:00<00:02, 177.89it/s]
Training:  11%|█         | 54/500 [00:00<00:02, 175.43it/s]
Training:  14%|█▍        | 72/500 [00:00<00:02, 175.16it/s]
Training:  18%|█▊        | 90/500 [00:00<00:02, 176.30it/s]
Training:  22%|██▏       | 109/500 [00:00<00:02, 180.39it/s]
Training:  26%|██▌       | 128/500 [00:00<00:02, 181.36it/s]
Training:  29%|██▉       | 147/500 [00:00<00:01, 182.30it/s]
Training:  33%|███▎      | 166/500 [00:00<00:01, 180.87it/s]
Training:  37%|███▋      | 185/500 [00:01<00:01, 175.00it/s]
Training:  41%|████      | 203/500 [00:01<00:01, 175.10it/s]
Training:  44%|████▍     | 222/500 [00:01<00:01, 178.10it/s]
Training:  48%|████▊     | 240/500 [00:01<00:01, 178.22it/s]
Training:  52%|█████▏    | 258/500 [00:01<00:01, 177.50it/s]
Training:  55%|█████▌    | 276/500 [00:01<00:01, 177.89it/s]
Training:  59%|█████▉    | 294/500 [00:01<00:01, 178.34it/s]
Training:  63%|██████▎   | 313/500 [00:01<00:01, 179.30it/s]
Training:  66%|██████▌   | 331/500 [00:01<00:00, 174.73it/s]
Training:  70%|███████   | 350/500 [00:01<00:00, 177.98it/s]
Training:  74%|███████▍  | 371/500 [00:02<00:00, 186.21it/s]
Training:  79%|███████▊  | 393/500 [00:02<00:00, 194.35it/s]
Training:  83%|████████▎ | 415/500 [00:02<00:00, 200.14it/s]
Training:  87%|████████▋ | 437/500 [00:02<00:00, 204.46it/s]
Training:  92%|█████████▏| 459/500 [00:02<00:00, 207.40it/s]
Training:  96%|█████████▌| 481/500 [00:02<00:00, 209.11it/s]
Training: 100%|██████████| 500/500 [00:02<00:00, 186.62it/s]

Training:   0%|          | 0/500 [00:00<?, ?it/s]
Training:   4%|▍         | 20/500 [00:00<00:02, 196.63it/s]
Training:   8%|▊         | 40/500 [00:00<00:02, 192.93it/s]
Training:  12%|█▏        | 60/500 [00:00<00:02, 187.56it/s]
Training:  16%|█▌        | 79/500 [00:00<00:02, 182.81it/s]
Training:  20%|█▉        | 98/500 [00:00<00:02, 182.74it/s]
Training:  23%|██▎       | 117/500 [00:00<00:02, 178.13it/s]
Training:  27%|██▋       | 136/500 [00:00<00:02, 181.79it/s]
Training:  31%|███       | 155/500 [00:00<00:01, 179.95it/s]
Training:  35%|███▍      | 174/500 [00:00<00:01, 179.92it/s]
Training:  39%|███▊      | 193/500 [00:01<00:01, 180.96it/s]
Training:  42%|████▏     | 212/500 [00:01<00:01, 179.34it/s]
Training:  46%|████▌     | 231/500 [00:01<00:01, 181.14it/s]
Training:  50%|█████     | 250/500 [00:01<00:01, 183.17it/s]
Training:  54%|█████▍    | 270/500 [00:01<00:01, 185.23it/s]
Training:  58%|█████▊    | 289/500 [00:01<00:01, 186.61it/s]
Training:  62%|██████▏   | 308/500 [00:01<00:01, 185.35it/s]
Training:  65%|██████▌   | 327/500 [00:01<00:00, 184.00it/s]
Training:  69%|██████▉   | 346/500 [00:01<00:00, 184.99it/s]
Training:  73%|███████▎  | 365/500 [00:01<00:00, 183.59it/s]
Training:  77%|███████▋  | 384/500 [00:02<00:00, 184.02it/s]
Training:  81%|████████  | 403/500 [00:02<00:00, 184.03it/s]
Training:  84%|████████▍ | 422/500 [00:02<00:00, 183.89it/s]
Training:  88%|████████▊ | 441/500 [00:02<00:00, 183.21it/s]
Training:  92%|█████████▏| 460/500 [00:02<00:00, 181.36it/s]
Training:  96%|█████████▌| 479/500 [00:02<00:00, 181.72it/s]
Training: 100%|█████████▉| 498/500 [00:02<00:00, 179.94it/s]
Training: 100%|██████████| 500/500 [00:02<00:00, 182.69it/s]

Training:   0%|          | 0/500 [00:00<?, ?it/s]
Training:   4%|▍         | 19/500 [00:00<00:02, 183.88it/s]
Training:   8%|▊         | 38/500 [00:00<00:02, 181.56it/s]
Training:  11%|█▏        | 57/500 [00:00<00:02, 179.67it/s]
Training:  15%|█▌        | 76/500 [00:00<00:02, 180.83it/s]
Training:  19%|█▉        | 95/500 [00:00<00:02, 182.40it/s]
Training:  23%|██▎       | 114/500 [00:00<00:02, 183.15it/s]
Training:  27%|██▋       | 133/500 [00:00<00:02, 183.41it/s]
Training:  30%|███       | 152/500 [00:00<00:01, 183.58it/s]
Training:  34%|███▍      | 171/500 [00:00<00:01, 183.18it/s]
Training:  38%|███▊      | 190/500 [00:01<00:01, 181.22it/s]
Training:  42%|████▏     | 209/500 [00:01<00:01, 180.76it/s]
Training:  46%|████▌     | 228/500 [00:01<00:01, 180.41it/s]
Training:  49%|████▉     | 247/500 [00:01<00:01, 181.58it/s]
Training:  53%|█████▎    | 266/500 [00:01<00:01, 181.63it/s]
Training:  57%|█████▋    | 285/500 [00:01<00:01, 182.33it/s]
Training:  61%|██████    | 304/500 [00:01<00:01, 183.03it/s]
Training:  65%|██████▍   | 323/500 [00:01<00:00, 183.95it/s]
Training:  68%|██████▊   | 342/500 [00:01<00:00, 183.95it/s]
Training:  72%|███████▏  | 361/500 [00:01<00:00, 182.78it/s]
Training:  76%|███████▌  | 380/500 [00:02<00:00, 183.19it/s]
Training:  80%|████████  | 401/500 [00:02<00:00, 190.00it/s]
Training:  85%|████████▍ | 423/500 [00:02<00:00, 197.10it/s]
Training:  89%|████████▉ | 445/500 [00:02<00:00, 201.67it/s]
Training:  93%|█████████▎| 466/500 [00:02<00:00, 200.85it/s]
Training:  97%|█████████▋| 487/500 [00:02<00:00, 187.00it/s]
Training: 100%|██████████| 500/500 [00:02<00:00, 185.37it/s]

Training:   0%|          | 0/500 [00:00<?, ?it/s]
Training:   4%|▍         | 19/500 [00:00<00:02, 183.75it/s]
Training:   8%|▊         | 38/500 [00:00<00:02, 185.14it/s]
Training:  11%|█▏        | 57/500 [00:00<00:02, 179.12it/s]
Training:  15%|█▌        | 75/500 [00:00<00:02, 176.08it/s]
Training:  19%|█▊        | 93/500 [00:00<00:02, 175.68it/s]
Training:  22%|██▏       | 111/500 [00:00<00:02, 174.58it/s]
Training:  26%|██▌       | 129/500 [00:00<00:02, 176.11it/s]
Training:  30%|██▉       | 148/500 [00:00<00:01, 178.81it/s]
Training:  33%|███▎      | 167/500 [00:00<00:01, 180.69it/s]
Training:  37%|███▋      | 187/500 [00:01<00:01, 184.35it/s]
Training:  41%|████      | 206/500 [00:01<00:01, 179.33it/s]
Training:  45%|████▌     | 225/500 [00:01<00:01, 181.05it/s]
Training:  49%|████▉     | 244/500 [00:01<00:01, 182.62it/s]
Training:  53%|█████▎    | 263/500 [00:01<00:01, 183.36it/s]
Training:  56%|█████▋    | 282/500 [00:01<00:01, 183.98it/s]
Training:  60%|██████    | 301/500 [00:01<00:01, 185.73it/s]
Training:  64%|██████▍   | 320/500 [00:01<00:00, 186.43it/s]
Training:  68%|██████▊   | 339/500 [00:01<00:00, 183.98it/s]
Training:  72%|███████▏  | 358/500 [00:01<00:00, 183.70it/s]
Training:  75%|███████▌  | 377/500 [00:02<00:00, 183.82it/s]
Training:  79%|███████▉  | 396/500 [00:02<00:00, 183.89it/s]
Training:  83%|████████▎ | 415/500 [00:02<00:00, 183.12it/s]
Training:  87%|████████▋ | 434/500 [00:02<00:00, 179.22it/s]
Training:  90%|█████████ | 452/500 [00:02<00:00, 174.60it/s]
Training:  94%|█████████▍| 472/500 [00:02<00:00, 179.85it/s]
Training:  98%|█████████▊| 492/500 [00:02<00:00, 184.30it/s]
Training: 100%|██████████| 500/500 [00:02<00:00, 181.71it/s]

Training:   0%|          | 0/500 [00:00<?, ?it/s]
Training:   4%|▍         | 20/500 [00:00<00:02, 195.52it/s]
Training:   8%|▊         | 40/500 [00:00<00:02, 192.46it/s]
Training:  12%|█▏        | 60/500 [00:00<00:02, 192.20it/s]
Training:  16%|█▌        | 80/500 [00:00<00:02, 192.54it/s]
Training:  20%|██        | 100/500 [00:00<00:02, 192.48it/s]
Training:  24%|██▍       | 120/500 [00:00<00:01, 192.63it/s]
Training:  28%|██▊       | 140/500 [00:00<00:01, 193.41it/s]
Training:  32%|███▏      | 160/500 [00:00<00:01, 191.02it/s]
Training:  36%|███▌      | 180/500 [00:00<00:01, 189.83it/s]
Training:  40%|███▉      | 199/500 [00:01<00:01, 188.47it/s]
Training:  44%|████▎     | 218/500 [00:01<00:01, 188.35it/s]
Training:  47%|████▋     | 237/500 [00:01<00:01, 185.80it/s]
Training:  51%|█████     | 256/500 [00:01<00:01, 185.94it/s]
Training:  55%|█████▌    | 275/500 [00:01<00:01, 187.06it/s]
Training:  59%|█████▉    | 294/500 [00:01<00:01, 186.31it/s]
Training:  63%|██████▎   | 313/500 [00:01<00:01, 185.37it/s]
Training:  66%|██████▋   | 332/500 [00:01<00:00, 185.53it/s]
Training:  70%|███████   | 351/500 [00:01<00:00, 185.54it/s]
Training:  74%|███████▍  | 370/500 [00:01<00:00, 183.14it/s]
Training:  78%|███████▊  | 389/500 [00:02<00:00, 181.29it/s]
Training:  82%|████████▏ | 409/500 [00:02<00:00, 184.51it/s]
Training:  86%|████████▌ | 429/500 [00:02<00:00, 186.68it/s]
Training:  90%|████████▉ | 449/500 [00:02<00:00, 188.27it/s]
Training:  94%|█████████▍| 469/500 [00:02<00:00, 190.04it/s]
Training:  98%|█████████▊| 489/500 [00:02<00:00, 190.77it/s]
Training: 100%|██████████| 500/500 [00:02<00:00, 188.40it/s]

Training:   0%|          | 0/500 [00:00<?, ?it/s]
Training:   4%|▎         | 18/500 [00:00<00:02, 178.41it/s]
Training:   7%|▋         | 37/500 [00:00<00:02, 184.44it/s]
Training:  12%|█▏        | 58/500 [00:00<00:02, 191.83it/s]
Training:  16%|█▌        | 78/500 [00:00<00:02, 193.65it/s]
Training:  20%|█▉        | 99/500 [00:00<00:02, 196.23it/s]
Training:  24%|██▍       | 119/500 [00:00<00:01, 195.48it/s]
Training:  28%|██▊       | 139/500 [00:00<00:01, 194.72it/s]
Training:  32%|███▏      | 159/500 [00:00<00:01, 194.28it/s]
Training:  36%|███▌      | 179/500 [00:00<00:01, 193.86it/s]
Training:  40%|███▉      | 199/500 [00:01<00:01, 194.17it/s]
Training:  44%|████▍     | 219/500 [00:01<00:01, 194.75it/s]
Training:  48%|████▊     | 239/500 [00:01<00:01, 189.59it/s]
Training:  52%|█████▏    | 258/500 [00:01<00:01, 188.89it/s]
Training:  55%|█████▌    | 277/500 [00:01<00:01, 188.54it/s]
Training:  59%|█████▉    | 296/500 [00:01<00:01, 188.29it/s]
Training:  63%|██████▎   | 316/500 [00:01<00:00, 188.72it/s]
Training:  67%|██████▋   | 335/500 [00:01<00:00, 188.22it/s]
Training:  71%|███████   | 355/500 [00:01<00:00, 188.64it/s]
Training:  75%|███████▍  | 374/500 [00:01<00:00, 188.02it/s]
Training:  79%|███████▊  | 393/500 [00:02<00:00, 188.21it/s]
Training:  82%|████████▏ | 412/500 [00:02<00:00, 187.58it/s]
Training:  86%|████████▋ | 432/500 [00:02<00:00, 189.44it/s]
Training:  90%|█████████ | 452/500 [00:02<00:00, 190.89it/s]
Training:  94%|█████████▍| 472/500 [00:02<00:00, 191.71it/s]
Training:  98%|█████████▊| 492/500 [00:02<00:00, 191.64it/s]
Training: 100%|██████████| 500/500 [00:02<00:00, 190.79it/s]

Training:   0%|          | 0/500 [00:00<?, ?it/s]
Training:   4%|▍         | 19/500 [00:00<00:02, 187.78it/s]
Training:   8%|▊         | 41/500 [00:00<00:02, 203.85it/s]
Training:  13%|█▎        | 63/500 [00:00<00:02, 208.92it/s]
Training:  17%|█▋        | 85/500 [00:00<00:01, 211.39it/s]
Training:  21%|██▏       | 107/500 [00:00<00:01, 208.32it/s]
Training:  26%|██▌       | 128/500 [00:00<00:01, 203.16it/s]
Training:  30%|██▉       | 149/500 [00:00<00:01, 199.19it/s]
Training:  34%|███▍      | 169/500 [00:00<00:01, 196.40it/s]
Training:  38%|███▊      | 189/500 [00:00<00:01, 195.52it/s]
Training:  42%|████▏     | 209/500 [00:01<00:01, 195.42it/s]
Training:  46%|████▌     | 229/500 [00:01<00:01, 194.94it/s]
Training:  50%|████▉     | 249/500 [00:01<00:01, 194.97it/s]
Training:  54%|█████▍    | 269/500 [00:01<00:01, 194.51it/s]
Training:  58%|█████▊    | 289/500 [00:01<00:01, 194.31it/s]
Training:  62%|██████▏   | 309/500 [00:01<00:01, 187.92it/s]
Training:  66%|██████▌   | 328/500 [00:01<00:00, 184.08it/s]
Training:  69%|██████▉   | 347/500 [00:01<00:00, 184.14it/s]
Training:  73%|███████▎  | 366/500 [00:01<00:00, 180.81it/s]
Training:  77%|███████▋  | 385/500 [00:01<00:00, 180.47it/s]
Training:  81%|████████  | 404/500 [00:02<00:00, 182.81it/s]
Training:  85%|████████▍ | 423/500 [00:02<00:00, 184.11it/s]
Training:  88%|████████▊ | 442/500 [00:02<00:00, 185.44it/s]
Training:  92%|█████████▏| 461/500 [00:02<00:00, 185.76it/s]
Training:  96%|█████████▌| 480/500 [00:02<00:00, 185.56it/s]
Training: 100%|██████████| 500/500 [00:02<00:00, 187.12it/s]
Training: 100%|██████████| 500/500 [00:02<00:00, 191.38it/s]

Training:   0%|          | 0/500 [00:00<?, ?it/s]
Training:   5%|▍         | 23/500 [00:00<00:02, 224.13it/s]
Training:   9%|▉         | 46/500 [00:00<00:02, 226.52it/s]
Training:  14%|█▍        | 69/500 [00:00<00:01, 227.62it/s]
Training:  19%|█▊        | 93/500 [00:00<00:01, 230.68it/s]
Training:  23%|██▎       | 117/500 [00:00<00:01, 232.30it/s]
Training:  28%|██▊       | 141/500 [00:00<00:01, 233.51it/s]
Training:  33%|███▎      | 165/500 [00:00<00:01, 233.78it/s]
Training:  38%|███▊      | 189/500 [00:00<00:01, 234.49it/s]
Training:  43%|████▎     | 213/500 [00:00<00:01, 234.91it/s]
Training:  47%|████▋     | 237/500 [00:01<00:01, 234.95it/s]
Training:  52%|█████▏    | 261/500 [00:01<00:01, 235.33it/s]
Training:  57%|█████▋    | 285/500 [00:01<00:00, 235.47it/s]
Training:  62%|██████▏   | 309/500 [00:01<00:00, 235.39it/s]
Training:  67%|██████▋   | 333/500 [00:01<00:00, 235.48it/s]
Training:  71%|███████▏  | 357/500 [00:01<00:00, 228.02it/s]
Training:  76%|███████▌  | 380/500 [00:01<00:00, 211.73it/s]
Training:  80%|████████  | 402/500 [00:01<00:00, 202.15it/s]
Training:  85%|████████▍ | 423/500 [00:01<00:00, 195.45it/s]
Training:  89%|████████▊ | 443/500 [00:02<00:00, 190.99it/s]
Training:  93%|█████████▎| 463/500 [00:02<00:00, 185.04it/s]
Training:  97%|█████████▋| 483/500 [00:02<00:00, 188.16it/s]
Training: 100%|██████████| 500/500 [00:02<00:00, 216.48it/s]

Training:   0%|          | 0/500 [00:00<?, ?it/s]
Training:   5%|▍         | 23/500 [00:00<00:02, 228.48it/s]
Training:   9%|▉         | 46/500 [00:00<00:02, 216.24it/s]
Training:  14%|█▎        | 68/500 [00:00<00:02, 204.20it/s]
Training:  18%|█▊        | 89/500 [00:00<00:02, 198.33it/s]
Training:  22%|██▏       | 109/500 [00:00<00:01, 196.10it/s]
Training:  26%|██▌       | 129/500 [00:00<00:01, 194.68it/s]
Training:  30%|██▉       | 149/500 [00:00<00:01, 193.75it/s]
Training:  34%|███▍      | 169/500 [00:00<00:01, 193.64it/s]
Training:  38%|███▊      | 189/500 [00:00<00:01, 193.58it/s]
Training:  42%|████▏     | 209/500 [00:01<00:01, 192.33it/s]
Training:  46%|████▌     | 229/500 [00:01<00:01, 192.49it/s]
Training:  50%|████▉     | 249/500 [00:01<00:01, 192.26it/s]
Training:  54%|█████▍    | 269/500 [00:01<00:01, 192.69it/s]
Training:  58%|█████▊    | 289/500 [00:01<00:01, 192.75it/s]
Training:  62%|██████▏   | 309/500 [00:01<00:01, 188.60it/s]
Training:  66%|██████▌   | 328/500 [00:01<00:00, 187.22it/s]
Training:  69%|██████▉   | 347/500 [00:01<00:00, 183.02it/s]
Training:  73%|███████▎  | 366/500 [00:01<00:00, 183.30it/s]
Training:  77%|███████▋  | 385/500 [00:02<00:00, 181.41it/s]
Training:  81%|████████  | 404/500 [00:02<00:00, 181.40it/s]
Training:  85%|████████▍ | 423/500 [00:02<00:00, 180.04it/s]
Training:  88%|████████▊ | 442/500 [00:02<00:00, 179.74it/s]
Training:  92%|█████████▏| 460/500 [00:02<00:00, 176.90it/s]
Training:  96%|█████████▌| 479/500 [00:02<00:00, 178.60it/s]
Training:  99%|█████████▉| 497/500 [00:02<00:00, 178.67it/s]
Training: 100%|██████████| 500/500 [00:02<00:00, 188.15it/s]
/home/svijayanagaram/assignments/ds504/project4/test.py:49: FutureWarning: You are using `torch.load` with `weights_only=False` (the current default value), which uses the default pickle module implicitly. It is possible to construct malicious pickle data which will execute arbitrary code during unpickling (See https://github.com/pytorch/pytorch/blob/main/SECURITY.md#untrusted-models for more details). In a future release, the default value for `weights_only` will be flipped to `True`. This limits the functions that could be executed during unpickling. Arbitrary objects will no longer be allowed to be loaded via this mode unless they are explicitly allowlisted by the user via `torch.serialization.add_safe_globals`. We recommend you start setting `weights_only=True` for any use case where you don't have full control of the loaded file. Please open an issue on GitHub for any issues related to this experimental feature.
  model.load_state_dict(torch.load('best_model.pt', map_location=device))

Training:   0%|          | 0/500 [00:00<?, ?it/s]
Training:   0%|          | 1/500 [00:00<02:12,  3.77it/s]
Training:   3%|▎         | 15/500 [00:00<00:09, 50.24it/s]
Training:   6%|▌         | 31/500 [00:00<00:05, 85.12it/s]
Training:  10%|▉         | 49/500 [00:00<00:03, 114.21it/s]
Training:  13%|█▎        | 66/500 [00:00<00:03, 129.97it/s]
Training:  17%|█▋        | 83/500 [00:00<00:02, 140.46it/s]
Training:  20%|█▉        | 99/500 [00:00<00:02, 144.55it/s]
Training:  23%|██▎       | 115/500 [00:00<00:02, 147.33it/s]
Training:  26%|██▌       | 131/500 [00:01<00:02, 150.56it/s]
Training:  29%|██▉       | 147/500 [00:01<00:02, 151.36it/s]
Training:  33%|███▎      | 163/500 [00:01<00:02, 151.59it/s]
Training:  36%|███▌      | 179/500 [00:01<00:02, 151.17it/s]
Training:  39%|███▉      | 195/500 [00:01<00:02, 151.51it/s]
Training:  42%|████▏     | 211/500 [00:01<00:01, 152.47it/s]
Training:  45%|████▌     | 227/500 [00:01<00:01, 153.02it/s]
Training:  49%|████▊     | 243/500 [00:01<00:01, 151.12it/s]
Training:  52%|█████▏    | 259/500 [00:01<00:01, 153.66it/s]
Training:  55%|█████▌    | 276/500 [00:02<00:01, 155.66it/s]
Training:  58%|█████▊    | 292/500 [00:02<00:01, 156.00it/s]
Training:  62%|██████▏   | 308/500 [00:02<00:01, 156.54it/s]
Training:  65%|██████▍   | 324/500 [00:02<00:01, 154.76it/s]
Training:  68%|██████▊   | 340/500 [00:02<00:01, 153.08it/s]
Training:  71%|███████   | 356/500 [00:02<00:00, 151.86it/s]
Training:  75%|███████▍  | 373/500 [00:02<00:00, 155.91it/s]
Training:  78%|███████▊  | 389/500 [00:02<00:00, 154.42it/s]
Training:  81%|████████  | 405/500 [00:02<00:00, 152.72it/s]
Training:  84%|████████▍ | 421/500 [00:02<00:00, 153.06it/s]
Training:  87%|████████▋ | 437/500 [00:03<00:00, 152.26it/s]
Training:  91%|█████████ | 453/500 [00:03<00:00, 151.97it/s]
Training:  94%|█████████▍| 469/500 [00:03<00:00, 151.44it/s]
Training:  97%|█████████▋| 485/500 [00:03<00:00, 151.69it/s]
Training: 100%|██████████| 500/500 [00:03<00:00, 142.37it/s]

Training:   0%|          | 0/500 [00:00<?, ?it/s]
Training:   4%|▍         | 19/500 [00:00<00:02, 189.55it/s]
Training:   8%|▊         | 39/500 [00:00<00:02, 190.15it/s]
Training:  12%|█▏        | 59/500 [00:00<00:02, 190.15it/s]
Training:  16%|█▌        | 79/500 [00:00<00:02, 184.77it/s]
Training:  20%|█▉        | 98/500 [00:00<00:02, 170.66it/s]
Training:  23%|██▎       | 116/500 [00:00<00:02, 164.67it/s]
Training:  27%|██▋       | 133/500 [00:00<00:02, 161.06it/s]
Training:  30%|███       | 150/500 [00:00<00:02, 157.63it/s]
Training:  33%|███▎      | 166/500 [00:00<00:02, 155.51it/s]
Training:  36%|███▋      | 182/500 [00:01<00:02, 154.92it/s]
Training:  40%|███▉      | 198/500 [00:01<00:01, 154.55it/s]
Training:  43%|████▎     | 214/500 [00:01<00:01, 154.20it/s]
Training:  46%|████▌     | 230/500 [00:01<00:01, 152.77it/s]
Training:  49%|████▉     | 246/500 [00:01<00:01, 152.74it/s]
Training:  52%|█████▏    | 262/500 [00:01<00:01, 152.61it/s]
Training:  56%|█████▌    | 278/500 [00:01<00:01, 152.43it/s]
Training:  59%|█████▉    | 294/500 [00:01<00:01, 152.09it/s]
Training:  62%|██████▏   | 310/500 [00:01<00:01, 152.48it/s]
Training:  65%|██████▌   | 326/500 [00:02<00:01, 152.90it/s]
Training:  68%|██████▊   | 342/500 [00:02<00:01, 152.34it/s]
Training:  72%|███████▏  | 358/500 [00:02<00:00, 152.20it/s]
Training:  75%|███████▍  | 374/500 [00:02<00:00, 152.04it/s]
Training:  78%|███████▊  | 390/500 [00:02<00:00, 153.23it/s]
Training:  81%|████████  | 406/500 [00:02<00:00, 151.64it/s]
Training:  84%|████████▍ | 422/500 [00:02<00:00, 150.15it/s]
Training:  88%|████████▊ | 438/500 [00:02<00:00, 149.81it/s]
Training:  91%|█████████ | 453/500 [00:02<00:00, 147.79it/s]
Training:  94%|█████████▎| 468/500 [00:03<00:00, 145.34it/s]
Training:  97%|█████████▋| 483/500 [00:03<00:00, 145.39it/s]
Training: 100%|█████████▉| 498/500 [00:03<00:00, 145.71it/s]
Training: 100%|██████████| 500/500 [00:03<00:00, 155.07it/s]

Training:   0%|          | 0/500 [00:00<?, ?it/s]
Training:   3%|▎         | 15/500 [00:00<00:03, 140.92it/s]
Training:   6%|▌         | 30/500 [00:00<00:03, 142.18it/s]
Training:   9%|▉         | 45/500 [00:00<00:03, 145.61it/s]
Training:  12%|█▏        | 60/500 [00:00<00:03, 146.05it/s]
Training:  15%|█▌        | 76/500 [00:00<00:02, 148.10it/s]
Training:  18%|█▊        | 92/500 [00:00<00:02, 148.81it/s]
Training:  21%|██▏       | 107/500 [00:00<00:02, 149.07it/s]
Training:  25%|██▍       | 123/500 [00:00<00:02, 149.22it/s]
Training:  28%|██▊       | 138/500 [00:00<00:02, 147.85it/s]
Training:  31%|███       | 153/500 [00:01<00:02, 146.54it/s]
Training:  34%|███▍      | 169/500 [00:01<00:02, 148.46it/s]
Training:  37%|███▋      | 186/500 [00:01<00:02, 152.15it/s]
Training:  41%|████      | 203/500 [00:01<00:01, 154.91it/s]
Training:  44%|████▍     | 219/500 [00:01<00:01, 154.02it/s]
Training:  47%|████▋     | 235/500 [00:01<00:01, 152.10it/s]
Training:  50%|█████     | 251/500 [00:01<00:01, 149.33it/s]
Training:  53%|█████▎    | 266/500 [00:01<00:01, 149.31it/s]
Training:  56%|█████▌    | 281/500 [00:01<00:01, 148.18it/s]
Training:  59%|█████▉    | 297/500 [00:01<00:01, 148.57it/s]
Training:  62%|██████▏   | 312/500 [00:02<00:01, 147.03it/s]
Training:  65%|██████▌   | 327/500 [00:02<00:01, 146.38it/s]
Training:  68%|██████▊   | 342/500 [00:02<00:01, 145.93it/s]
Training:  71%|███████▏  | 357/500 [00:02<00:00, 145.29it/s]
Training:  74%|███████▍  | 372/500 [00:02<00:00, 146.01it/s]
Training:  77%|███████▋  | 387/500 [00:02<00:00, 146.23it/s]
Training:  81%|████████  | 403/500 [00:02<00:00, 147.62it/s]
Training:  84%|████████▍ | 420/500 [00:02<00:00, 152.39it/s]
Training:  87%|████████▋ | 436/500 [00:02<00:00, 154.39it/s]
Training:  90%|█████████ | 452/500 [00:03<00:00, 153.00it/s]
Training:  94%|█████████▎| 468/500 [00:03<00:00, 154.27it/s]
Training:  97%|█████████▋| 484/500 [00:03<00:00, 153.16it/s]
Training: 100%|██████████| 500/500 [00:03<00:00, 150.96it/s]
Training: 100%|██████████| 500/500 [00:03<00:00, 149.33it/s]

Training:   0%|          | 0/500 [00:00<?, ?it/s]
Training:   3%|▎         | 16/500 [00:00<00:03, 151.14it/s]
Training:   6%|▋         | 32/500 [00:00<00:03, 150.25it/s]
Training:  10%|▉         | 48/500 [00:00<00:03, 149.58it/s]
Training:  13%|█▎        | 63/500 [00:00<00:02, 148.57it/s]
Training:  16%|█▌        | 78/500 [00:00<00:02, 149.02it/s]
Training:  19%|█▊        | 93/500 [00:00<00:02, 148.69it/s]
Training:  22%|██▏       | 108/500 [00:00<00:02, 147.09it/s]
Training:  25%|██▍       | 124/500 [00:00<00:02, 150.58it/s]
Training:  28%|██▊       | 140/500 [00:00<00:02, 153.13it/s]
Training:  31%|███       | 156/500 [00:01<00:02, 155.06it/s]
Training:  34%|███▍      | 172/500 [00:01<00:02, 155.47it/s]
Training:  38%|███▊      | 188/500 [00:01<00:02, 153.22it/s]
Training:  41%|████      | 204/500 [00:01<00:01, 150.53it/s]
Training:  44%|████▍     | 220/500 [00:01<00:01, 149.19it/s]
Training:  47%|████▋     | 235/500 [00:01<00:01, 149.11it/s]
Training:  50%|█████     | 250/500 [00:01<00:01, 148.69it/s]
Training:  53%|█████▎    | 267/500 [00:01<00:01, 152.77it/s]
Training:  57%|█████▋    | 284/500 [00:01<00:01, 156.44it/s]
Training:  60%|██████    | 300/500 [00:01<00:01, 156.06it/s]
Training:  63%|██████▎   | 317/500 [00:02<00:01, 158.86it/s]
Training:  67%|██████▋   | 336/500 [00:02<00:00, 165.30it/s]
Training:  71%|███████   | 355/500 [00:02<00:00, 169.91it/s]
Training:  74%|███████▍  | 372/500 [00:02<00:00, 167.59it/s]
Training:  78%|███████▊  | 389/500 [00:02<00:00, 162.09it/s]
Training:  81%|████████  | 406/500 [00:02<00:00, 160.12it/s]
Training:  85%|████████▍ | 424/500 [00:02<00:00, 164.00it/s]
Training:  88%|████████▊ | 442/500 [00:02<00:00, 166.70it/s]
Training:  92%|█████████▏| 460/500 [00:02<00:00, 168.85it/s]
Training:  95%|█████████▌| 477/500 [00:03<00:00, 165.70it/s]
Training:  99%|█████████▉| 494/500 [00:03<00:00, 166.03it/s]
Training: 100%|██████████| 500/500 [00:03<00:00, 157.69it/s]

Training:   0%|          | 0/500 [00:00<?, ?it/s]
Training:   3%|▎         | 16/500 [00:00<00:03, 158.54it/s]
Training:   6%|▋         | 32/500 [00:00<00:03, 153.76it/s]
Training:  10%|▉         | 48/500 [00:00<00:02, 150.72it/s]
Training:  13%|█▎        | 64/500 [00:00<00:02, 149.94it/s]
Training:  16%|█▌        | 80/500 [00:00<00:02, 148.90it/s]
Training:  19%|█▉        | 95/500 [00:00<00:02, 148.10it/s]
Training:  22%|██▏       | 110/500 [00:00<00:02, 147.94it/s]
Training:  25%|██▌       | 125/500 [00:00<00:02, 148.17it/s]
Training:  28%|██▊       | 142/500 [00:00<00:02, 153.01it/s]
Training:  32%|███▏      | 159/500 [00:01<00:02, 157.19it/s]
Training:  35%|███▌      | 175/500 [00:01<00:02, 155.55it/s]
Training:  38%|███▊      | 191/500 [00:01<00:02, 153.68it/s]
Training:  41%|████▏     | 207/500 [00:01<00:01, 152.48it/s]
Training:  45%|████▍     | 223/500 [00:01<00:01, 151.08it/s]
Training:  48%|████▊     | 240/500 [00:01<00:01, 153.35it/s]
Training:  51%|█████     | 256/500 [00:01<00:01, 154.05it/s]
Training:  54%|█████▍    | 272/500 [00:01<00:01, 153.67it/s]
Training:  58%|█████▊    | 288/500 [00:01<00:01, 153.56it/s]
Training:  61%|██████    | 304/500 [00:01<00:01, 153.80it/s]
Training:  64%|██████▍   | 320/500 [00:02<00:01, 154.18it/s]
Training:  67%|██████▋   | 336/500 [00:02<00:01, 155.09it/s]
Training:  71%|███████   | 353/500 [00:02<00:00, 156.95it/s]
Training:  74%|███████▍  | 369/500 [00:02<00:00, 156.24it/s]
Training:  77%|███████▋  | 385/500 [00:02<00:00, 155.66it/s]
Training:  80%|████████  | 401/500 [00:02<00:00, 153.78it/s]
Training:  83%|████████▎ | 417/500 [00:02<00:00, 155.21it/s]
Training:  87%|████████▋ | 433/500 [00:02<00:00, 156.11it/s]
Training:  90%|█████████ | 451/500 [00:02<00:00, 161.52it/s]
Training:  94%|█████████▎| 468/500 [00:03<00:00, 160.79it/s]
Training:  97%|█████████▋| 485/500 [00:03<00:00, 158.38it/s]
Training: 100%|██████████| 500/500 [00:03<00:00, 154.53it/s]

Training:   0%|          | 0/500 [00:00<?, ?it/s]
Training:   3%|▎         | 16/500 [00:00<00:03, 155.90it/s]
Training:   6%|▋         | 32/500 [00:00<00:03, 154.41it/s]
Training:  10%|▉         | 48/500 [00:00<00:02, 155.40it/s]
Training:  13%|█▎        | 64/500 [00:00<00:02, 152.97it/s]
Training:  16%|█▌        | 80/500 [00:00<00:02, 153.63it/s]
Training:  19%|█▉        | 96/500 [00:00<00:02, 153.99it/s]
Training:  22%|██▏       | 112/500 [00:00<00:02, 155.15it/s]
Training:  26%|██▌       | 128/500 [00:00<00:02, 155.67it/s]
Training:  29%|██▉       | 144/500 [00:00<00:02, 155.01it/s]
Training:  32%|███▏      | 160/500 [00:01<00:02, 155.91it/s]
Training:  35%|███▌      | 176/500 [00:01<00:02, 155.85it/s]
Training:  38%|███▊      | 192/500 [00:01<00:01, 154.47it/s]
Training:  42%|████▏     | 208/500 [00:01<00:01, 153.47it/s]
Training:  45%|████▍     | 224/500 [00:01<00:01, 153.59it/s]
Training:  48%|████▊     | 240/500 [00:01<00:01, 154.34it/s]
Training:  51%|█████     | 256/500 [00:01<00:01, 153.70it/s]
Training:  54%|█████▍    | 272/500 [00:01<00:01, 150.94it/s]
Training:  58%|█████▊    | 288/500 [00:01<00:01, 150.60it/s]
Training:  61%|██████    | 304/500 [00:01<00:01, 151.82it/s]
Training:  64%|██████▍   | 321/500 [00:02<00:01, 154.08it/s]
Training:  68%|██████▊   | 338/500 [00:02<00:01, 155.73it/s]
Training:  71%|███████   | 354/500 [00:02<00:00, 155.72it/s]
Training:  74%|███████▍  | 370/500 [00:02<00:00, 153.40it/s]
Training:  77%|███████▋  | 387/500 [00:02<00:00, 157.51it/s]
Training:  81%|████████  | 404/500 [00:02<00:00, 159.71it/s]
Training:  84%|████████▍ | 421/500 [00:02<00:00, 161.91it/s]
Training:  88%|████████▊ | 438/500 [00:02<00:00, 163.48it/s]
Training:  91%|█████████ | 455/500 [00:02<00:00, 164.37it/s]
Training:  94%|█████████▍| 472/500 [00:03<00:00, 164.27it/s]
Training:  98%|█████████▊| 489/500 [00:03<00:00, 164.58it/s]
Training: 100%|██████████| 500/500 [00:03<00:00, 156.94it/s]

Training:   0%|          | 0/500 [00:00<?, ?it/s]
Training:   3%|▎         | 17/500 [00:00<00:02, 168.73it/s]
Training:   7%|▋         | 34/500 [00:00<00:02, 167.02it/s]
Training:  10%|█         | 51/500 [00:00<00:02, 167.17it/s]
Training:  14%|█▎        | 68/500 [00:00<00:02, 167.17it/s]
Training:  17%|█▋        | 85/500 [00:00<00:02, 167.00it/s]
Training:  20%|██        | 102/500 [00:00<00:02, 166.57it/s]
Training:  24%|██▍       | 119/500 [00:00<00:02, 165.92it/s]
Training:  27%|██▋       | 136/500 [00:00<00:02, 164.97it/s]
Training:  31%|███       | 153/500 [00:00<00:02, 162.22it/s]
Training:  34%|███▍      | 170/500 [00:01<00:02, 159.88it/s]
Training:  37%|███▋      | 187/500 [00:01<00:01, 157.80it/s]
Training:  41%|████      | 203/500 [00:01<00:01, 158.13it/s]
Training:  44%|████▍     | 220/500 [00:01<00:01, 158.75it/s]
Training:  47%|████▋     | 236/500 [00:01<00:01, 158.41it/s]
Training:  50%|█████     | 252/500 [00:01<00:01, 158.26it/s]
Training:  54%|█████▎    | 268/500 [00:01<00:01, 158.74it/s]
Training:  57%|█████▋    | 284/500 [00:01<00:01, 157.85it/s]
Training:  60%|██████    | 300/500 [00:01<00:01, 156.53it/s]
Training:  63%|██████▎   | 316/500 [00:01<00:01, 156.73it/s]
Training:  66%|██████▋   | 332/500 [00:02<00:01, 156.61it/s]
Training:  70%|██████▉   | 348/500 [00:02<00:00, 156.86it/s]
Training:  73%|███████▎  | 364/500 [00:02<00:00, 157.09it/s]
Training:  76%|███████▌  | 380/500 [00:02<00:00, 155.97it/s]
Training:  79%|███████▉  | 396/500 [00:02<00:00, 155.27it/s]
Training:  82%|████████▏ | 412/500 [00:02<00:00, 155.22it/s]
Training:  86%|████████▌ | 428/500 [00:02<00:00, 155.20it/s]
Training:  89%|████████▉ | 444/500 [00:02<00:00, 156.17it/s]
Training:  92%|█████████▏| 460/500 [00:02<00:00, 154.83it/s]
Training:  95%|█████████▌| 476/500 [00:02<00:00, 154.82it/s]
Training:  98%|█████████▊| 492/500 [00:03<00:00, 155.65it/s]
Training: 100%|██████████| 500/500 [00:03<00:00, 158.65it/s]

Training:   0%|          | 0/500 [00:00<?, ?it/s]
Training:   3%|▎         | 17/500 [00:00<00:03, 160.90it/s]
Training:   7%|▋         | 34/500 [00:00<00:02, 156.87it/s]
Training:  10%|█         | 50/500 [00:00<00:02, 156.15it/s]
Training:  13%|█▎        | 66/500 [00:00<00:02, 155.52it/s]
Training:  16%|█▋        | 82/500 [00:00<00:02, 154.74it/s]
Training:  20%|█▉        | 98/500 [00:00<00:02, 154.64it/s]
Training:  23%|██▎       | 114/500 [00:00<00:02, 156.28it/s]
Training:  26%|██▌       | 131/500 [00:00<00:02, 157.55it/s]
Training:  29%|██▉       | 147/500 [00:00<00:02, 157.54it/s]
Training:  33%|███▎      | 163/500 [00:01<00:02, 157.55it/s]
Training:  36%|███▌      | 179/500 [00:01<00:02, 156.72it/s]
Training:  39%|███▉      | 195/500 [00:01<00:01, 157.09it/s]
Training:  42%|████▏     | 211/500 [00:01<00:01, 156.94it/s]
Training:  46%|████▌     | 228/500 [00:01<00:01, 158.26it/s]
Training:  49%|████▉     | 244/500 [00:01<00:01, 155.81it/s]
Training:  52%|█████▏    | 260/500 [00:01<00:01, 154.70it/s]
Training:  55%|█████▌    | 276/500 [00:01<00:01, 154.50it/s]
Training:  58%|█████▊    | 292/500 [00:01<00:01, 154.11it/s]
Training:  62%|██████▏   | 308/500 [00:01<00:01, 155.46it/s]
Training:  65%|██████▍   | 324/500 [00:02<00:01, 156.69it/s]
Training:  68%|██████▊   | 340/500 [00:02<00:01, 157.42it/s]
Training:  71%|███████   | 356/500 [00:02<00:00, 157.85it/s]
Training:  74%|███████▍  | 372/500 [00:02<00:00, 156.19it/s]
Training:  78%|███████▊  | 390/500 [00:02<00:00, 162.19it/s]
Training:  82%|████████▏ | 408/500 [00:02<00:00, 166.72it/s]
Training:  85%|████████▌ | 427/500 [00:02<00:00, 171.44it/s]
Training:  89%|████████▉ | 445/500 [00:02<00:00, 172.58it/s]
Training:  93%|█████████▎| 463/500 [00:02<00:00, 173.23it/s]
Training:  96%|█████████▌| 481/500 [00:02<00:00, 174.19it/s]
Training: 100%|█████████▉| 499/500 [00:03<00:00, 174.17it/s]
Training: 100%|██████████| 500/500 [00:03<00:00, 161.04it/s]

Training:   0%|          | 0/500 [00:00<?, ?it/s]
Training:   4%|▎         | 18/500 [00:00<00:02, 168.43it/s]
Training:   7%|▋         | 35/500 [00:00<00:03, 153.72it/s]
Training:  10%|█         | 51/500 [00:00<00:02, 152.51it/s]
Training:  14%|█▎        | 68/500 [00:00<00:02, 157.80it/s]
Training:  17%|█▋        | 85/500 [00:00<00:02, 160.23it/s]
Training:  20%|██        | 102/500 [00:00<00:02, 158.98it/s]
Training:  24%|██▍       | 119/500 [00:00<00:02, 159.64it/s]
Training:  27%|██▋       | 136/500 [00:00<00:02, 162.53it/s]
Training:  31%|███       | 153/500 [00:00<00:02, 162.81it/s]
Training:  34%|███▍      | 170/500 [00:01<00:02, 159.20it/s]
Training:  37%|███▋      | 186/500 [00:01<00:01, 159.35it/s]
Training:  40%|████      | 202/500 [00:01<00:01, 157.85it/s]
Training:  44%|████▍     | 219/500 [00:01<00:01, 159.39it/s]
Training:  47%|████▋     | 236/500 [00:01<00:01, 159.63it/s]
Training:  50%|█████     | 252/500 [00:01<00:01, 158.12it/s]
Training:  54%|█████▎    | 268/500 [00:01<00:01, 152.88it/s]
Training:  57%|█████▋    | 284/500 [00:01<00:01, 151.37it/s]
Training:  60%|██████    | 300/500 [00:01<00:01, 149.28it/s]
Training:  63%|██████▎   | 315/500 [00:02<00:01, 148.96it/s]
Training:  66%|██████▌   | 330/500 [00:02<00:01, 148.91it/s]
Training:  69%|██████▉   | 345/500 [00:02<00:01, 149.04it/s]
Training:  72%|███████▏  | 360/500 [00:02<00:00, 148.32it/s]
Training:  75%|███████▌  | 375/500 [00:02<00:00, 147.06it/s]
Training:  78%|███████▊  | 390/500 [00:02<00:00, 146.88it/s]
Training:  81%|████████  | 405/500 [00:02<00:00, 145.65it/s]
Training:  84%|████████▍ | 420/500 [00:02<00:00, 143.71it/s]
Training:  87%|████████▋ | 435/500 [00:02<00:00, 145.07it/s]
Training:  90%|█████████ | 450/500 [00:02<00:00, 145.79it/s]
Training:  93%|█████████▎| 467/500 [00:03<00:00, 151.29it/s]
Training:  97%|█████████▋| 485/500 [00:03<00:00, 157.53it/s]
Training: 100%|██████████| 500/500 [00:03<00:00, 154.29it/s]

Training:   0%|          | 0/500 [00:00<?, ?it/s]
Training:   4%|▍         | 19/500 [00:00<00:02, 181.59it/s]
Training:   8%|▊         | 38/500 [00:00<00:02, 180.78it/s]
Training:  11%|█▏        | 57/500 [00:00<00:02, 180.54it/s]
Training:  15%|█▌        | 76/500 [00:00<00:02, 175.92it/s]
Training:  19%|█▉        | 94/500 [00:00<00:02, 171.72it/s]
Training:  22%|██▏       | 112/500 [00:00<00:02, 168.10it/s]
Training:  26%|██▌       | 129/500 [00:00<00:02, 166.39it/s]
Training:  29%|██▉       | 146/500 [00:00<00:02, 165.37it/s]
Training:  33%|███▎      | 163/500 [00:00<00:02, 164.26it/s]
Training:  36%|███▌      | 180/500 [00:01<00:01, 162.52it/s]
Training:  39%|███▉      | 197/500 [00:01<00:01, 162.49it/s]
Training:  43%|████▎     | 214/500 [00:01<00:01, 161.47it/s]
Training:  46%|████▌     | 231/500 [00:01<00:01, 162.45it/s]
Training:  50%|████▉     | 248/500 [00:01<00:01, 163.34it/s]
Training:  53%|█████▎    | 265/500 [00:01<00:01, 162.66it/s]
Training:  56%|█████▋    | 282/500 [00:01<00:01, 161.39it/s]
Training:  60%|█████▉    | 299/500 [00:01<00:01, 161.14it/s]
Training:  63%|██████▎   | 316/500 [00:01<00:01, 160.56it/s]
Training:  67%|██████▋   | 333/500 [00:02<00:01, 160.95it/s]
Training:  70%|███████   | 350/500 [00:02<00:00, 162.29it/s]
Training:  73%|███████▎  | 367/500 [00:02<00:00, 161.52it/s]
Training:  77%|███████▋  | 384/500 [00:02<00:00, 160.55it/s]
Training:  80%|████████  | 401/500 [00:02<00:00, 161.97it/s]
Training:  84%|████████▎ | 418/500 [00:02<00:00, 162.83it/s]
Training:  87%|████████▋ | 435/500 [00:02<00:00, 162.34it/s]
Training:  90%|█████████ | 452/500 [00:02<00:00, 163.40it/s]
Training:  94%|█████████▍| 469/500 [00:02<00:00, 164.43it/s]
Training:  97%|█████████▋| 486/500 [00:02<00:00, 163.75it/s]
Training: 100%|██████████| 500/500 [00:03<00:00, 164.46it/s]

Training:   0%|          | 0/500 [00:00<?, ?it/s]
Training:   3%|▎         | 16/500 [00:00<00:03, 157.94it/s]
Training:   7%|▋         | 33/500 [00:00<00:02, 161.48it/s]
Training:  10%|█         | 50/500 [00:00<00:02, 162.35it/s]
Training:  13%|█▎        | 67/500 [00:00<00:02, 160.16it/s]
Training:  17%|█▋        | 84/500 [00:00<00:02, 154.31it/s]
Training:  20%|██        | 100/500 [00:00<00:02, 150.34it/s]
Training:  23%|██▎       | 116/500 [00:00<00:02, 145.40it/s]
Training:  26%|██▌       | 131/500 [00:00<00:02, 145.55it/s]
Training:  29%|██▉       | 146/500 [00:00<00:02, 145.25it/s]
Training:  32%|███▏      | 161/500 [00:01<00:02, 145.85it/s]
Training:  35%|███▌      | 177/500 [00:01<00:02, 149.65it/s]
Training:  39%|███▊      | 193/500 [00:01<00:02, 150.33it/s]
Training:  42%|████▏     | 209/500 [00:01<00:01, 152.34it/s]
Training:  45%|████▌     | 225/500 [00:01<00:01, 153.43it/s]
Training:  48%|████▊     | 241/500 [00:01<00:01, 154.75it/s]
Training:  51%|█████▏    | 257/500 [00:01<00:01, 154.99it/s]
Training:  55%|█████▍    | 273/500 [00:01<00:01, 155.06it/s]
Training:  58%|█████▊    | 289/500 [00:01<00:01, 156.09it/s]
Training:  61%|██████    | 305/500 [00:01<00:01, 156.85it/s]
Training:  64%|██████▍   | 321/500 [00:02<00:01, 153.80it/s]
Training:  67%|██████▋   | 337/500 [00:02<00:01, 152.54it/s]
Training:  71%|███████   | 353/500 [00:02<00:00, 150.23it/s]
Training:  74%|███████▍  | 369/500 [00:02<00:00, 148.41it/s]
Training:  77%|███████▋  | 384/500 [00:02<00:00, 148.51it/s]
Training:  80%|███████▉  | 399/500 [00:02<00:00, 148.04it/s]
Training:  83%|████████▎ | 415/500 [00:02<00:00, 149.75it/s]
Training:  86%|████████▌ | 431/500 [00:02<00:00, 152.16it/s]
Training:  89%|████████▉ | 447/500 [00:02<00:00, 154.27it/s]
Training:  93%|█████████▎| 464/500 [00:03<00:00, 156.70it/s]
Training:  96%|█████████▌| 481/500 [00:03<00:00, 159.27it/s]
Training: 100%|█████████▉| 498/500 [00:03<00:00, 160.27it/s]
Training: 100%|██████████| 500/500 [00:03<00:00, 153.22it/s]

Training:   0%|          | 0/500 [00:00<?, ?it/s]
Training:   3%|▎         | 17/500 [00:00<00:02, 162.77it/s]
Training:   7%|▋         | 34/500 [00:00<00:03, 154.86it/s]
Training:  10%|█         | 50/500 [00:00<00:02, 151.52it/s]
Training:  13%|█▎        | 66/500 [00:00<00:02, 149.62it/s]
Training:  16%|█▌        | 81/500 [00:00<00:02, 147.74it/s]
Training:  19%|█▉        | 96/500 [00:00<00:02, 147.19it/s]
Training:  22%|██▏       | 111/500 [00:00<00:02, 146.95it/s]
Training:  25%|██▌       | 127/500 [00:00<00:02, 148.13it/s]
Training:  29%|██▉       | 144/500 [00:00<00:02, 153.19it/s]
Training:  32%|███▏      | 161/500 [00:01<00:02, 156.22it/s]
Training:  35%|███▌      | 177/500 [00:01<00:02, 155.42it/s]
Training:  39%|███▉      | 194/500 [00:01<00:01, 158.40it/s]
Training:  42%|████▏     | 211/500 [00:01<00:01, 159.79it/s]
Training:  46%|████▌     | 228/500 [00:01<00:01, 160.52it/s]
Training:  49%|████▉     | 245/500 [00:01<00:01, 160.81it/s]
Training:  52%|█████▏    | 262/500 [00:01<00:01, 161.59it/s]
Training:  56%|█████▌    | 279/500 [00:01<00:01, 161.59it/s]
Training:  59%|█████▉    | 296/500 [00:01<00:01, 161.72it/s]
Training:  63%|██████▎   | 313/500 [00:02<00:01, 158.83it/s]
Training:  66%|██████▌   | 329/500 [00:02<00:01, 156.29it/s]
Training:  69%|██████▉   | 345/500 [00:02<00:00, 155.03it/s]
Training:  72%|███████▏  | 361/500 [00:02<00:00, 154.48it/s]
Training:  75%|███████▌  | 377/500 [00:02<00:00, 152.78it/s]
Training:  79%|███████▊  | 393/500 [00:02<00:00, 151.98it/s]
Training:  82%|████████▏ | 409/500 [00:02<00:00, 151.68it/s]
Training:  85%|████████▌ | 425/500 [00:02<00:00, 152.12it/s]
Training:  88%|████████▊ | 441/500 [00:02<00:00, 151.43it/s]
Training:  91%|█████████▏| 457/500 [00:02<00:00, 149.96it/s]
Training:  95%|█████████▍| 473/500 [00:03<00:00, 149.92it/s]
Training:  98%|█████████▊| 488/500 [00:03<00:00, 149.49it/s]
Training: 100%|██████████| 500/500 [00:03<00:00, 153.98it/s]

Training:   0%|          | 0/500 [00:00<?, ?it/s]
Training:   3%|▎         | 16/500 [00:00<00:03, 143.72it/s]
Training:   6%|▋         | 32/500 [00:00<00:03, 148.70it/s]
Training:   9%|▉         | 47/500 [00:00<00:03, 145.20it/s]
Training:  12%|█▏        | 62/500 [00:00<00:03, 142.85it/s]
Training:  15%|█▌        | 77/500 [00:00<00:02, 142.39it/s]
Training:  18%|█▊        | 92/500 [00:00<00:02, 144.18it/s]
Training:  21%|██▏       | 107/500 [00:00<00:02, 145.35it/s]
Training:  24%|██▍       | 122/500 [00:00<00:02, 145.36it/s]
Training:  27%|██▋       | 137/500 [00:00<00:02, 144.85it/s]
Training:  31%|███       | 153/500 [00:01<00:02, 148.81it/s]
Training:  34%|███▍      | 170/500 [00:01<00:02, 154.72it/s]
Training:  37%|███▋      | 186/500 [00:01<00:02, 154.07it/s]
Training:  40%|████      | 202/500 [00:01<00:01, 154.25it/s]
Training:  44%|████▎     | 218/500 [00:01<00:01, 153.46it/s]
Training:  47%|████▋     | 234/500 [00:01<00:01, 147.80it/s]
Training:  50%|█████     | 251/500 [00:01<00:01, 153.43it/s]
Training:  54%|█████▍    | 269/500 [00:01<00:01, 159.15it/s]
Training:  57%|█████▋    | 287/500 [00:01<00:01, 162.60it/s]
Training:  61%|██████    | 305/500 [00:01<00:01, 165.58it/s]
Training:  64%|██████▍   | 322/500 [00:02<00:01, 166.79it/s]
Training:  68%|██████▊   | 340/500 [00:02<00:00, 167.73it/s]
Training:  71%|███████▏  | 357/500 [00:02<00:00, 164.98it/s]
Training:  75%|███████▍  | 374/500 [00:02<00:00, 164.34it/s]
Training:  78%|███████▊  | 391/500 [00:02<00:00, 163.19it/s]
Training:  82%|████████▏ | 408/500 [00:02<00:00, 160.52it/s]
Training:  85%|████████▌ | 425/500 [00:02<00:00, 160.60it/s]
Training:  89%|████████▊ | 443/500 [00:02<00:00, 164.07it/s]
Training:  92%|█████████▏| 461/500 [00:02<00:00, 166.38it/s]
Training:  96%|█████████▌| 479/500 [00:03<00:00, 168.20it/s]
Training:  99%|█████████▉| 496/500 [00:03<00:00, 166.42it/s]
Training: 100%|██████████| 500/500 [00:03<00:00, 157.24it/s]

Training:   0%|          | 0/500 [00:00<?, ?it/s]
Training:   3%|▎         | 17/500 [00:00<00:02, 161.40it/s]
Training:   7%|▋         | 34/500 [00:00<00:02, 162.10it/s]
Training:  10%|█         | 51/500 [00:00<00:02, 163.31it/s]
Training:  14%|█▎        | 68/500 [00:00<00:02, 164.18it/s]
Training:  17%|█▋        | 86/500 [00:00<00:02, 169.04it/s]
Training:  21%|██        | 103/500 [00:00<00:02, 167.18it/s]
Training:  24%|██▍       | 120/500 [00:00<00:02, 164.43it/s]
Training:  27%|██▋       | 137/500 [00:00<00:02, 161.58it/s]
Training:  31%|███       | 154/500 [00:00<00:02, 160.93it/s]
Training:  34%|███▍      | 171/500 [00:01<00:02, 160.74it/s]
Training:  38%|███▊      | 188/500 [00:01<00:01, 158.78it/s]
Training:  41%|████      | 204/500 [00:01<00:01, 158.58it/s]
Training:  44%|████▍     | 220/500 [00:01<00:01, 157.77it/s]
Training:  47%|████▋     | 236/500 [00:01<00:01, 157.40it/s]
Training:  51%|█████     | 253/500 [00:01<00:01, 158.63it/s]
Training:  54%|█████▍    | 269/500 [00:01<00:01, 158.31it/s]
Training:  57%|█████▋    | 285/500 [00:01<00:01, 156.88it/s]
Training:  60%|██████    | 301/500 [00:01<00:01, 156.05it/s]
Training:  63%|██████▎   | 317/500 [00:01<00:01, 156.85it/s]
Training:  67%|██████▋   | 333/500 [00:02<00:01, 156.63it/s]
Training:  70%|██████▉   | 349/500 [00:02<00:00, 157.26it/s]
Training:  73%|███████▎  | 365/500 [00:02<00:00, 154.73it/s]
Training:  76%|███████▌  | 381/500 [00:02<00:00, 152.26it/s]
Training:  79%|███████▉  | 397/500 [00:02<00:00, 150.98it/s]
Training:  83%|████████▎ | 413/500 [00:02<00:00, 150.25it/s]
Training:  86%|████████▌ | 429/500 [00:02<00:00, 150.00it/s]
Training:  89%|████████▉ | 445/500 [00:02<00:00, 150.46it/s]
Training:  92%|█████████▏| 461/500 [00:02<00:00, 149.84it/s]
Training:  95%|█████████▌| 476/500 [00:03<00:00, 149.46it/s]
Training:  98%|█████████▊| 492/500 [00:03<00:00, 150.34it/s]
Training: 100%|██████████| 500/500 [00:03<00:00, 156.35it/s]

Training:   0%|          | 0/500 [00:00<?, ?it/s]
Training:   3%|▎         | 15/500 [00:00<00:03, 148.45it/s]
Training:   6%|▌         | 30/500 [00:00<00:03, 147.71it/s]
Training:   9%|▉         | 45/500 [00:00<00:03, 148.60it/s]
Training:  12%|█▏        | 61/500 [00:00<00:02, 150.35it/s]
Training:  16%|█▌        | 78/500 [00:00<00:02, 153.92it/s]
Training:  19%|█▉        | 94/500 [00:00<00:02, 153.90it/s]
Training:  22%|██▏       | 110/500 [00:00<00:02, 153.61it/s]
Training:  25%|██▌       | 126/500 [00:00<00:02, 152.52it/s]
Training:  28%|██▊       | 142/500 [00:00<00:02, 152.04it/s]
Training:  32%|███▏      | 158/500 [00:01<00:02, 151.40it/s]
Training:  35%|███▌      | 176/500 [00:01<00:02, 157.86it/s]
Training:  39%|███▉      | 194/500 [00:01<00:01, 163.06it/s]
Training:  42%|████▏     | 211/500 [00:01<00:01, 161.58it/s]
Training:  46%|████▌     | 228/500 [00:01<00:01, 159.79it/s]
Training:  49%|████▉     | 244/500 [00:01<00:01, 158.51it/s]
Training:  52%|█████▏    | 260/500 [00:01<00:01, 156.19it/s]
Training:  55%|█████▌    | 276/500 [00:01<00:01, 155.20it/s]
Training:  58%|█████▊    | 292/500 [00:01<00:01, 153.21it/s]
Training:  62%|██████▏   | 308/500 [00:01<00:01, 152.10it/s]
Training:  65%|██████▍   | 324/500 [00:02<00:01, 151.91it/s]
Training:  68%|██████▊   | 340/500 [00:02<00:01, 152.06it/s]
Training:  71%|███████   | 356/500 [00:02<00:00, 151.70it/s]
Training:  74%|███████▍  | 372/500 [00:02<00:00, 151.04it/s]
Training:  78%|███████▊  | 388/500 [00:02<00:00, 151.50it/s]
Training:  81%|████████  | 404/500 [00:02<00:00, 151.33it/s]
Training:  84%|████████▍ | 420/500 [00:02<00:00, 150.78it/s]
Training:  87%|████████▋ | 436/500 [00:02<00:00, 150.85it/s]
Training:  90%|█████████ | 452/500 [00:02<00:00, 150.17it/s]
Training:  94%|█████████▎| 468/500 [00:03<00:00, 149.74it/s]
Training:  97%|█████████▋| 484/500 [00:03<00:00, 149.71it/s]
Training: 100%|██████████| 500/500 [00:03<00:00, 153.29it/s]

Training:   0%|          | 0/500 [00:00<?, ?it/s]
Training:   4%|▎         | 18/500 [00:00<00:02, 171.40it/s]
Training:   7%|▋         | 36/500 [00:00<00:02, 171.75it/s]
Training:  11%|█         | 54/500 [00:00<00:02, 171.08it/s]
Training:  14%|█▍        | 72/500 [00:00<00:02, 170.78it/s]
Training:  18%|█▊        | 90/500 [00:00<00:02, 168.05it/s]
Training:  21%|██▏       | 107/500 [00:00<00:02, 167.18it/s]
Training:  25%|██▍       | 124/500 [00:00<00:02, 166.58it/s]
Training:  28%|██▊       | 141/500 [00:00<00:02, 165.62it/s]
Training:  32%|███▏      | 158/500 [00:00<00:02, 160.59it/s]
Training:  35%|███▌      | 175/500 [00:01<00:02, 159.37it/s]
Training:  39%|███▊      | 193/500 [00:01<00:01, 162.89it/s]
Training:  42%|████▏     | 211/500 [00:01<00:01, 165.33it/s]
Training:  46%|████▌     | 228/500 [00:01<00:01, 163.51it/s]
Training:  49%|████▉     | 245/500 [00:01<00:01, 159.82it/s]
Training:  52%|█████▏    | 262/500 [00:01<00:01, 157.17it/s]
Training:  56%|█████▌    | 278/500 [00:01<00:01, 155.53it/s]
Training:  59%|█████▉    | 294/500 [00:01<00:01, 153.51it/s]
Training:  62%|██████▏   | 310/500 [00:01<00:01, 152.22it/s]
Training:  65%|██████▌   | 326/500 [00:02<00:01, 151.65it/s]
Training:  68%|██████▊   | 342/500 [00:02<00:01, 150.57it/s]
Training:  72%|███████▏  | 358/500 [00:02<00:00, 151.36it/s]
Training:  75%|███████▍  | 374/500 [00:02<00:00, 152.06it/s]
Training:  78%|███████▊  | 390/500 [00:02<00:00, 153.50it/s]
Training:  81%|████████  | 406/500 [00:02<00:00, 154.85it/s]
Training:  84%|████████▍ | 422/500 [00:02<00:00, 155.06it/s]
Training:  88%|████████▊ | 438/500 [00:02<00:00, 155.52it/s]
Training:  91%|█████████ | 454/500 [00:02<00:00, 156.40it/s]
Training:  94%|█████████▍| 470/500 [00:02<00:00, 156.12it/s]
Training:  97%|█████████▋| 486/500 [00:03<00:00, 156.87it/s]
Training: 100%|██████████| 500/500 [00:03<00:00, 158.59it/s]

Training:   0%|          | 0/500 [00:00<?, ?it/s]
Training:   3%|▎         | 16/500 [00:00<00:03, 159.82it/s]
Training:   6%|▋         | 32/500 [00:00<00:02, 157.83it/s]
Training:  10%|▉         | 48/500 [00:00<00:02, 154.74it/s]
Training:  13%|█▎        | 65/500 [00:00<00:02, 156.99it/s]
Training:  16%|█▋        | 82/500 [00:00<00:02, 157.73it/s]
Training:  20%|█▉        | 98/500 [00:00<00:02, 156.50it/s]
Training:  23%|██▎       | 114/500 [00:00<00:02, 154.83it/s]
Training:  26%|██▌       | 130/500 [00:00<00:02, 152.52it/s]
Training:  29%|██▉       | 146/500 [00:00<00:02, 151.72it/s]
Training:  32%|███▏      | 162/500 [00:01<00:02, 150.95it/s]
Training:  36%|███▌      | 178/500 [00:01<00:02, 151.58it/s]
Training:  39%|███▉      | 194/500 [00:01<00:02, 151.20it/s]
Training:  42%|████▏     | 210/500 [00:01<00:01, 151.10it/s]
Training:  45%|████▌     | 226/500 [00:01<00:01, 151.68it/s]
Training:  48%|████▊     | 242/500 [00:01<00:01, 152.12it/s]
Training:  52%|█████▏    | 258/500 [00:01<00:01, 153.17it/s]
Training:  55%|█████▍    | 274/500 [00:01<00:01, 154.67it/s]
Training:  58%|█████▊    | 290/500 [00:01<00:01, 154.25it/s]
Training:  61%|██████    | 306/500 [00:01<00:01, 152.98it/s]
Training:  64%|██████▍   | 322/500 [00:02<00:01, 152.39it/s]
Training:  68%|██████▊   | 338/500 [00:02<00:01, 152.35it/s]
Training:  71%|███████   | 354/500 [00:02<00:00, 151.85it/s]
Training:  74%|███████▍  | 370/500 [00:02<00:00, 151.27it/s]
Training:  77%|███████▋  | 386/500 [00:02<00:00, 150.65it/s]
Training:  80%|████████  | 402/500 [00:02<00:00, 150.82it/s]
Training:  84%|████████▎ | 418/500 [00:02<00:00, 149.17it/s]
Training:  87%|████████▋ | 434/500 [00:02<00:00, 149.86it/s]
Training:  90%|████████▉ | 449/500 [00:02<00:00, 149.56it/s]
Training:  93%|█████████▎| 465/500 [00:03<00:00, 150.89it/s]
Training:  96%|█████████▌| 481/500 [00:03<00:00, 152.97it/s]
Training:  99%|█████████▉| 497/500 [00:03<00:00, 153.81it/s]
Training: 100%|██████████| 500/500 [00:03<00:00, 152.71it/s]

Training:   0%|          | 0/500 [00:00<?, ?it/s]
Training:   3%|▎         | 16/500 [00:00<00:03, 159.44it/s]
Training:   6%|▋         | 32/500 [00:00<00:03, 154.31it/s]
Training:  10%|▉         | 48/500 [00:00<00:02, 155.93it/s]
Training:  13%|█▎        | 64/500 [00:00<00:02, 155.89it/s]
Training:  16%|█▌        | 80/500 [00:00<00:02, 156.53it/s]
Training:  19%|█▉        | 96/500 [00:00<00:02, 156.21it/s]
Training:  23%|██▎       | 113/500 [00:00<00:02, 157.92it/s]
Training:  26%|██▌       | 130/500 [00:00<00:02, 160.85it/s]
Training:  29%|██▉       | 147/500 [00:00<00:02, 162.31it/s]
Training:  33%|███▎      | 164/500 [00:01<00:02, 163.52it/s]
Training:  36%|███▌      | 181/500 [00:01<00:01, 164.16it/s]
Training:  40%|███▉      | 198/500 [00:01<00:01, 164.82it/s]
Training:  43%|████▎     | 215/500 [00:01<00:01, 165.49it/s]
Training:  46%|████▋     | 232/500 [00:01<00:01, 164.63it/s]
Training:  50%|████▉     | 249/500 [00:01<00:01, 162.01it/s]
Training:  53%|█████▎    | 266/500 [00:01<00:01, 159.30it/s]
Training:  56%|█████▋    | 282/500 [00:01<00:01, 155.12it/s]
Training:  60%|█████▉    | 298/500 [00:01<00:01, 153.97it/s]
Training:  63%|██████▎   | 314/500 [00:01<00:01, 153.76it/s]
Training:  66%|██████▌   | 330/500 [00:02<00:01, 152.33it/s]
Training:  69%|██████▉   | 346/500 [00:02<00:01, 151.50it/s]
Training:  72%|███████▏  | 362/500 [00:02<00:00, 151.16it/s]
Training:  76%|███████▌  | 378/500 [00:02<00:00, 150.97it/s]
Training:  79%|███████▉  | 394/500 [00:02<00:00, 150.28it/s]
Training:  82%|████████▏ | 410/500 [00:02<00:00, 150.07it/s]
Training:  85%|████████▌ | 427/500 [00:02<00:00, 155.10it/s]
Training:  89%|████████▉ | 444/500 [00:02<00:00, 158.83it/s]
Training:  92%|█████████▏| 461/500 [00:02<00:00, 161.75it/s]
Training:  96%|█████████▌| 478/500 [00:03<00:00, 163.80it/s]
Training:  99%|█████████▉| 495/500 [00:03<00:00, 161.90it/s]
Training: 100%|██████████| 500/500 [00:03<00:00, 157.95it/s]

Training:   0%|          | 0/500 [00:00<?, ?it/s]
Training:   3%|▎         | 15/500 [00:00<00:03, 143.68it/s]
Training:   6%|▌         | 31/500 [00:00<00:03, 148.74it/s]
Training:   9%|▉         | 46/500 [00:00<00:03, 149.22it/s]
Training:  12%|█▏        | 61/500 [00:00<00:02, 148.64it/s]
Training:  15%|█▌        | 76/500 [00:00<00:02, 148.67it/s]
Training:  18%|█▊        | 92/500 [00:00<00:02, 149.56it/s]
Training:  22%|██▏       | 108/500 [00:00<00:02, 152.89it/s]
Training:  25%|██▍       | 124/500 [00:00<00:02, 153.52it/s]
Training:  28%|██▊       | 140/500 [00:00<00:02, 154.18it/s]
Training:  31%|███▏      | 157/500 [00:01<00:02, 156.92it/s]
Training:  35%|███▌      | 175/500 [00:01<00:02, 161.98it/s]
Training:  38%|███▊      | 192/500 [00:01<00:01, 161.78it/s]
Training:  42%|████▏     | 209/500 [00:01<00:01, 160.35it/s]
Training:  45%|████▌     | 226/500 [00:01<00:01, 158.26it/s]
Training:  48%|████▊     | 242/500 [00:01<00:01, 157.34it/s]
Training:  52%|█████▏    | 258/500 [00:01<00:01, 155.92it/s]
Training:  55%|█████▍    | 274/500 [00:01<00:01, 155.54it/s]
Training:  58%|█████▊    | 290/500 [00:01<00:01, 156.37it/s]
Training:  61%|██████    | 306/500 [00:01<00:01, 155.47it/s]
Training:  64%|██████▍   | 322/500 [00:02<00:01, 154.91it/s]
Training:  68%|██████▊   | 338/500 [00:02<00:01, 155.56it/s]
Training:  71%|███████   | 354/500 [00:02<00:00, 155.27it/s]
Training:  74%|███████▍  | 370/500 [00:02<00:00, 154.46it/s]
Training:  77%|███████▋  | 386/500 [00:02<00:00, 154.05it/s]
Training:  80%|████████  | 402/500 [00:02<00:00, 154.81it/s]
Training:  84%|████████▍ | 419/500 [00:02<00:00, 156.02it/s]
Training:  87%|████████▋ | 435/500 [00:02<00:00, 153.81it/s]
Training:  90%|█████████ | 451/500 [00:02<00:00, 153.18it/s]
Training:  93%|█████████▎| 467/500 [00:03<00:00, 152.17it/s]
Training:  97%|█████████▋| 483/500 [00:03<00:00, 153.71it/s]
Training: 100%|██████████| 500/500 [00:03<00:00, 156.57it/s]
Training: 100%|██████████| 500/500 [00:03<00:00, 154.91it/s]

Training:   0%|          | 0/500 [00:00<?, ?it/s]
Training:   3%|▎         | 17/500 [00:00<00:02, 167.50it/s]
Training:   7%|▋         | 34/500 [00:00<00:02, 165.96it/s]
Training:  10%|█         | 51/500 [00:00<00:02, 164.68it/s]
Training:  14%|█▎        | 68/500 [00:00<00:02, 162.33it/s]
Training:  17%|█▋        | 85/500 [00:00<00:02, 160.18it/s]
Training:  20%|██        | 102/500 [00:00<00:02, 162.30it/s]
Training:  24%|██▍       | 119/500 [00:00<00:02, 161.47it/s]
Training:  27%|██▋       | 136/500 [00:00<00:02, 161.44it/s]
Training:  31%|███       | 153/500 [00:00<00:02, 160.57it/s]
Training:  34%|███▍      | 170/500 [00:01<00:02, 160.24it/s]
Training:  37%|███▋      | 187/500 [00:01<00:01, 157.34it/s]
Training:  41%|████      | 203/500 [00:01<00:01, 154.32it/s]
Training:  44%|████▍     | 219/500 [00:01<00:01, 152.33it/s]
Training:  47%|████▋     | 235/500 [00:01<00:01, 152.30it/s]
Training:  50%|█████     | 252/500 [00:01<00:01, 155.75it/s]
Training:  54%|█████▎    | 268/500 [00:01<00:01, 155.70it/s]
Training:  57%|█████▋    | 285/500 [00:01<00:01, 158.43it/s]
Training:  60%|██████    | 301/500 [00:01<00:01, 158.84it/s]
Training:  64%|██████▎   | 318/500 [00:02<00:01, 159.49it/s]
Training:  67%|██████▋   | 335/500 [00:02<00:01, 161.17it/s]
Training:  70%|███████   | 352/500 [00:02<00:00, 161.36it/s]
Training:  74%|███████▍  | 369/500 [00:02<00:00, 161.73it/s]
Training:  77%|███████▋  | 386/500 [00:02<00:00, 163.64it/s]
Training:  81%|████████  | 403/500 [00:02<00:00, 164.88it/s]
Training:  84%|████████▍ | 420/500 [00:02<00:00, 162.47it/s]
Training:  87%|████████▋ | 437/500 [00:02<00:00, 163.37it/s]
Training:  91%|█████████ | 454/500 [00:02<00:00, 164.06it/s]
Training:  94%|█████████▍| 472/500 [00:02<00:00, 166.51it/s]
Training:  98%|█████████▊| 489/500 [00:03<00:00, 167.14it/s]
Training: 100%|██████████| 500/500 [00:03<00:00, 161.59it/s]

Training:   0%|          | 0/500 [00:00<?, ?it/s]
Training:   3%|▎         | 16/500 [00:00<00:03, 157.64it/s]
Training:   7%|▋         | 34/500 [00:00<00:02, 168.59it/s]
Training:  10%|█         | 52/500 [00:00<00:02, 172.48it/s]
Training:  14%|█▍        | 70/500 [00:00<00:02, 174.22it/s]
Training:  18%|█▊        | 88/500 [00:00<00:02, 175.35it/s]
Training:  21%|██        | 106/500 [00:00<00:02, 175.85it/s]
Training:  25%|██▍       | 124/500 [00:00<00:02, 176.26it/s]
Training:  28%|██▊       | 142/500 [00:00<00:02, 176.56it/s]
Training:  32%|███▏      | 160/500 [00:00<00:01, 176.89it/s]
Training:  36%|███▌      | 178/500 [00:01<00:01, 177.05it/s]
Training:  39%|███▉      | 196/500 [00:01<00:01, 177.16it/s]
Training:  43%|████▎     | 214/500 [00:01<00:01, 177.20it/s]
Training:  46%|████▋     | 232/500 [00:01<00:01, 177.28it/s]
Training:  50%|█████     | 250/500 [00:01<00:01, 177.48it/s]
Training:  54%|█████▎    | 268/500 [00:01<00:01, 177.83it/s]
Training:  57%|█████▋    | 286/500 [00:01<00:01, 178.26it/s]
Training:  61%|██████    | 304/500 [00:01<00:01, 178.38it/s]
Training:  64%|██████▍   | 322/500 [00:01<00:01, 172.86it/s]
Training:  68%|██████▊   | 340/500 [00:01<00:00, 172.48it/s]
Training:  72%|███████▏  | 359/500 [00:02<00:00, 176.56it/s]
Training:  76%|███████▌  | 378/500 [00:02<00:00, 179.46it/s]
Training:  79%|███████▉  | 397/500 [00:02<00:00, 181.45it/s]
Training:  83%|████████▎ | 416/500 [00:02<00:00, 177.63it/s]
Training:  87%|████████▋ | 434/500 [00:02<00:00, 174.57it/s]
Training:  90%|█████████ | 452/500 [00:02<00:00, 172.02it/s]
Training:  94%|█████████▍| 470/500 [00:02<00:00, 171.79it/s]
Training:  98%|█████████▊| 488/500 [00:02<00:00, 171.21it/s]
Training: 100%|██████████| 500/500 [00:02<00:00, 175.05it/s]

Training:   0%|          | 0/500 [00:00<?, ?it/s]
Training:   3%|▎         | 17/500 [00:00<00:02, 168.82it/s]
Training:   7%|▋         | 34/500 [00:00<00:02, 167.82it/s]
Training:  10%|█         | 51/500 [00:00<00:02, 166.79it/s]
Training:  14%|█▎        | 68/500 [00:00<00:02, 166.65it/s]
Training:  17%|█▋        | 85/500 [00:00<00:02, 166.95it/s]
Training:  20%|██        | 102/500 [00:00<00:02, 167.49it/s]
Training:  24%|██▍       | 119/500 [00:00<00:02, 167.61it/s]
Training:  27%|██▋       | 136/500 [00:00<00:02, 167.12it/s]
Training:  31%|███       | 153/500 [00:00<00:02, 167.00it/s]
Training:  34%|███▍      | 170/500 [00:01<00:01, 166.89it/s]
Training:  38%|███▊      | 188/500 [00:01<00:01, 167.58it/s]
Training:  41%|████      | 205/500 [00:01<00:01, 166.97it/s]
Training:  44%|████▍     | 222/500 [00:01<00:01, 165.50it/s]
Training:  48%|████▊     | 239/500 [00:01<00:01, 164.29it/s]
Training:  51%|█████▏    | 257/500 [00:01<00:01, 167.22it/s]
Training:  55%|█████▍    | 274/500 [00:01<00:01, 158.44it/s]
Training:  58%|█████▊    | 290/500 [00:01<00:01, 155.27it/s]
Training:  61%|██████    | 306/500 [00:01<00:01, 151.70it/s]
Training:  64%|██████▍   | 322/500 [00:01<00:01, 149.99it/s]
Training:  68%|██████▊   | 338/500 [00:02<00:01, 148.41it/s]
Training:  71%|███████   | 353/500 [00:02<00:00, 147.32it/s]
Training:  74%|███████▎  | 368/500 [00:02<00:00, 146.20it/s]
Training:  77%|███████▋  | 383/500 [00:02<00:00, 147.15it/s]
Training:  80%|███████▉  | 399/500 [00:02<00:00, 149.36it/s]
Training:  83%|████████▎ | 416/500 [00:02<00:00, 154.43it/s]
Training:  87%|████████▋ | 433/500 [00:02<00:00, 157.72it/s]
Training:  90%|████████▉ | 449/500 [00:02<00:00, 156.63it/s]
Training:  93%|█████████▎| 465/500 [00:02<00:00, 155.52it/s]
Training:  96%|█████████▌| 481/500 [00:03<00:00, 156.12it/s]
Training:  99%|█████████▉| 497/500 [00:03<00:00, 154.34it/s]
Training: 100%|██████████| 500/500 [00:03<00:00, 158.58it/s]

Training:   0%|          | 0/500 [00:00<?, ?it/s]
Training:   3%|▎         | 15/500 [00:00<00:03, 146.37it/s]
Training:   6%|▌         | 31/500 [00:00<00:03, 149.87it/s]
Training:   9%|▉         | 47/500 [00:00<00:02, 151.72it/s]
Training:  13%|█▎        | 63/500 [00:00<00:02, 151.71it/s]
Training:  16%|█▌        | 79/500 [00:00<00:02, 151.87it/s]
Training:  19%|█▉        | 95/500 [00:00<00:02, 151.03it/s]
Training:  22%|██▏       | 111/500 [00:00<00:02, 151.26it/s]
Training:  26%|██▌       | 128/500 [00:00<00:02, 154.59it/s]
Training:  29%|██▉       | 145/500 [00:00<00:02, 156.27it/s]
Training:  32%|███▏      | 162/500 [00:01<00:02, 159.50it/s]
Training:  36%|███▌      | 180/500 [00:01<00:01, 163.23it/s]
Training:  39%|███▉      | 197/500 [00:01<00:01, 161.69it/s]
Training:  43%|████▎     | 214/500 [00:01<00:01, 160.51it/s]
Training:  46%|████▌     | 231/500 [00:01<00:01, 158.74it/s]
Training:  49%|████▉     | 247/500 [00:01<00:01, 158.26it/s]
Training:  53%|█████▎    | 263/500 [00:01<00:01, 156.46it/s]
Training:  56%|█████▌    | 279/500 [00:01<00:01, 156.19it/s]
Training:  59%|█████▉    | 295/500 [00:01<00:01, 156.04it/s]
Training:  62%|██████▏   | 311/500 [00:01<00:01, 155.28it/s]
Training:  65%|██████▌   | 327/500 [00:02<00:01, 155.00it/s]
Training:  69%|██████▊   | 343/500 [00:02<00:01, 155.17it/s]
Training:  72%|███████▏  | 359/500 [00:02<00:00, 155.55it/s]
Training:  75%|███████▌  | 375/500 [00:02<00:00, 153.96it/s]
Training:  78%|███████▊  | 391/500 [00:02<00:00, 153.18it/s]
Training:  81%|████████▏ | 407/500 [00:02<00:00, 152.59it/s]
Training:  85%|████████▍ | 423/500 [00:02<00:00, 153.54it/s]
Training:  88%|████████▊ | 439/500 [00:02<00:00, 153.75it/s]
Training:  91%|█████████ | 455/500 [00:02<00:00, 153.82it/s]
Training:  94%|█████████▍| 471/500 [00:03<00:00, 153.45it/s]
Training:  97%|█████████▋| 487/500 [00:03<00:00, 153.13it/s]
Training: 100%|██████████| 500/500 [00:03<00:00, 155.18it/s]

Training:   0%|          | 0/500 [00:00<?, ?it/s]
Training:   4%|▎         | 18/500 [00:00<00:02, 176.37it/s]
Training:   7%|▋         | 36/500 [00:00<00:02, 167.22it/s]
Training:  11%|█         | 53/500 [00:00<00:02, 161.96it/s]
Training:  14%|█▍        | 70/500 [00:00<00:02, 160.84it/s]
Training:  17%|█▋        | 87/500 [00:00<00:02, 159.99it/s]
Training:  21%|██        | 104/500 [00:00<00:02, 158.06it/s]
Training:  24%|██▍       | 120/500 [00:00<00:02, 158.45it/s]
Training:  27%|██▋       | 136/500 [00:00<00:02, 158.07it/s]
Training:  30%|███       | 152/500 [00:00<00:02, 157.86it/s]
Training:  34%|███▎      | 168/500 [00:01<00:02, 157.57it/s]
Training:  37%|███▋      | 184/500 [00:01<00:02, 155.76it/s]
Training:  40%|████      | 200/500 [00:01<00:01, 154.95it/s]
Training:  43%|████▎     | 216/500 [00:01<00:01, 155.66it/s]
Training:  46%|████▋     | 232/500 [00:01<00:01, 155.38it/s]
Training:  50%|████▉     | 248/500 [00:01<00:01, 155.86it/s]
Training:  53%|█████▎    | 264/500 [00:01<00:01, 155.51it/s]
Training:  56%|█████▌    | 280/500 [00:01<00:01, 154.31it/s]
Training:  59%|█████▉    | 296/500 [00:01<00:01, 154.91it/s]
Training:  62%|██████▏   | 312/500 [00:01<00:01, 154.46it/s]
Training:  66%|██████▌   | 328/500 [00:02<00:01, 153.40it/s]
Training:  69%|██████▉   | 344/500 [00:02<00:01, 153.59it/s]
Training:  72%|███████▏  | 360/500 [00:02<00:00, 153.52it/s]
Training:  75%|███████▌  | 376/500 [00:02<00:00, 154.93it/s]
Training:  79%|███████▊  | 393/500 [00:02<00:00, 157.71it/s]
Training:  82%|████████▏ | 409/500 [00:02<00:00, 156.76it/s]
Training:  85%|████████▌ | 426/500 [00:02<00:00, 158.90it/s]
Training:  89%|████████▉ | 444/500 [00:02<00:00, 164.35it/s]
Training:  92%|█████████▏| 462/500 [00:02<00:00, 168.37it/s]
Training:  96%|█████████▌| 480/500 [00:03<00:00, 168.99it/s]
Training:  99%|█████████▉| 497/500 [00:03<00:00, 164.93it/s]
Training: 100%|██████████| 500/500 [00:03<00:00, 158.78it/s]

Training:   0%|          | 0/500 [00:00<?, ?it/s]
Training:   3%|▎         | 16/500 [00:00<00:03, 157.70it/s]
Training:   6%|▋         | 32/500 [00:00<00:02, 157.69it/s]
Training:  10%|▉         | 48/500 [00:00<00:02, 156.62it/s]
Training:  13%|█▎        | 64/500 [00:00<00:02, 155.82it/s]
Training:  16%|█▌        | 80/500 [00:00<00:02, 156.36it/s]
Training:  19%|█▉        | 96/500 [00:00<00:02, 156.42it/s]
Training:  22%|██▏       | 112/500 [00:00<00:02, 156.83it/s]
Training:  26%|██▌       | 128/500 [00:00<00:02, 156.58it/s]
Training:  29%|██▉       | 144/500 [00:00<00:02, 156.87it/s]
Training:  32%|███▏      | 160/500 [00:01<00:02, 157.47it/s]
Training:  35%|███▌      | 176/500 [00:01<00:02, 155.58it/s]
Training:  38%|███▊      | 192/500 [00:01<00:02, 153.80it/s]
Training:  42%|████▏     | 208/500 [00:01<00:01, 152.75it/s]
Training:  45%|████▍     | 224/500 [00:01<00:01, 151.60it/s]
Training:  48%|████▊     | 240/500 [00:01<00:01, 151.27it/s]
Training:  51%|█████     | 256/500 [00:01<00:01, 150.96it/s]
Training:  54%|█████▍    | 272/500 [00:01<00:01, 150.36it/s]
Training:  58%|█████▊    | 288/500 [00:01<00:01, 151.55it/s]
Training:  61%|██████    | 304/500 [00:01<00:01, 153.55it/s]
Training:  64%|██████▍   | 320/500 [00:02<00:01, 154.50it/s]
Training:  67%|██████▋   | 337/500 [00:02<00:01, 156.65it/s]
Training:  71%|███████   | 353/500 [00:02<00:00, 157.55it/s]
Training:  74%|███████▍  | 369/500 [00:02<00:00, 157.72it/s]
Training:  77%|███████▋  | 386/500 [00:02<00:00, 158.35it/s]
Training:  80%|████████  | 402/500 [00:02<00:00, 158.29it/s]
Training:  84%|████████▎ | 418/500 [00:02<00:00, 157.48it/s]
Training:  87%|████████▋ | 435/500 [00:02<00:00, 158.52it/s]
Training:  90%|█████████ | 451/500 [00:02<00:00, 157.87it/s]
Training:  93%|█████████▎| 467/500 [00:03<00:00, 156.94it/s]
Training:  97%|█████████▋| 483/500 [00:03<00:00, 157.46it/s]
Training: 100%|██████████| 500/500 [00:03<00:00, 157.95it/s]
Training: 100%|██████████| 500/500 [00:03<00:00, 155.77it/s]
/home/svijayanagaram/assignments/ds504/project4/test_v2.py:50: FutureWarning: You are using `torch.load` with `weights_only=False` (the current default value), which uses the default pickle module implicitly. It is possible to construct malicious pickle data which will execute arbitrary code during unpickling (See https://github.com/pytorch/pytorch/blob/main/SECURITY.md#untrusted-models for more details). In a future release, the default value for `weights_only` will be flipped to `True`. This limits the functions that could be executed during unpickling. Arbitrary objects will no longer be allowed to be loaded via this mode unless they are explicitly allowlisted by the user via `torch.serialization.add_safe_globals`. We recommend you start setting `weights_only=True` for any use case where you don't have full control of the loaded file. Please open an issue on GitHub for any issues related to this experimental feature.
  model.load_state_dict(torch.load('best_model_v2.pt', map_location=device))
